<?xml version="1.0" encoding="UTF-8"?>
<coverage generated="1779990116498" clover="3.2.0">
  <project timestamp="1779990116498" name="All files">
    <metrics statements="798" coveredstatements="758" conditionals="428" coveredconditionals="355" methods="126" coveredmethods="120" elements="1352" coveredelements="1233" complexity="0" loc="798" ncloc="798" packages="8" files="9" classes="9"/>
    <package name="src">
      <metrics statements="17" coveredstatements="17" conditionals="11" coveredconditionals="10" methods="7" coveredmethods="7"/>
      <file name="index.ts" path="/Users/dhruvil/Desktop/ink-scroll/packages/svg-scroll-draw/src/index.ts">
        <metrics statements="17" coveredstatements="17" conditionals="11" coveredconditionals="10" methods="7" coveredmethods="7"/>
        <line num="1" count="1" type="stmt"/>
        <line num="4" count="1" type="cond" truecount="1" falsecount="0"/>
        <line num="5" count="2" type="stmt"/>
        <line num="6" count="2" type="stmt"/>
        <line num="7" count="2" type="stmt"/>
        <line num="8" count="2" type="cond" truecount="6" falsecount="0"/>
        <line num="9" count="2" type="cond" truecount="0" falsecount="1"/>
        <line num="11" count="2" type="stmt"/>
        <line num="12" count="2" type="cond" truecount="1" falsecount="0"/>
        <line num="13" count="1" type="cond" truecount="1" falsecount="0"/>
        <line num="14" count="1" type="stmt"/>
        <line num="16" count="2" type="cond" truecount="1" falsecount="0"/>
        <line num="17" count="1" type="stmt"/>
        <line num="18" count="1" type="stmt"/>
        <line num="19" count="1" type="stmt"/>
        <line num="21" count="1" type="stmt"/>
        <line num="22" count="1" type="stmt"/>
      </file>
    </package>
    <package name="src.angular">
      <metrics statements="18" coveredstatements="18" conditionals="6" coveredconditionals="6" methods="4" coveredmethods="4"/>
      <file name="index.ts" path="/Users/dhruvil/Desktop/ink-scroll/packages/svg-scroll-draw/src/angular/index.ts">
        <metrics statements="18" coveredstatements="18" conditionals="6" coveredconditionals="6" methods="4" coveredmethods="4"/>
        <line num="1" count="1" type="stmt"/>
        <line num="32" count="1" type="cond" truecount="1" falsecount="0"/>
        <line num="33" count="9" type="stmt"/>
        <line num="35" count="1" type="cond" truecount="1" falsecount="0"/>
        <line num="36" count="8" type="stmt"/>
        <line num="37" count="8" type="stmt"/>
        <line num="38" count="8" type="stmt"/>
        <line num="39" count="8" type="stmt"/>
        <line num="41" count="1" type="cond" truecount="1" falsecount="0"/>
        <line num="42" count="3" type="cond" truecount="1" falsecount="0"/>
        <line num="43" count="3" type="stmt"/>
        <line num="44" count="3" type="stmt"/>
        <line num="46" count="1" type="cond" truecount="1" falsecount="0"/>
        <line num="47" count="11" type="cond" truecount="1" falsecount="0"/>
        <line num="48" count="11" type="stmt"/>
        <line num="49" count="11" type="stmt"/>
        <line num="50" count="11" type="stmt"/>
        <line num="51" count="1" type="stmt"/>
      </file>
    </package>
    <package name="src.astro">
      <metrics statements="11" coveredstatements="11" conditionals="6" coveredconditionals="6" methods="1" coveredmethods="1"/>
      <file name="index.ts" path="/Users/dhruvil/Desktop/ink-scroll/packages/svg-scroll-draw/src/astro/index.ts">
        <metrics statements="11" coveredstatements="11" conditionals="6" coveredconditionals="6" methods="1" coveredmethods="1"/>
        <line num="1" count="1" type="stmt"/>
        <line num="22" count="1" type="cond" truecount="1" falsecount="0"/>
        <line num="23" count="7" type="cond" truecount="1" falsecount="0"/>
        <line num="24" count="8" type="stmt"/>
        <line num="25" count="8" type="stmt"/>
        <line num="26" count="8" type="cond" truecount="2" falsecount="0"/>
        <line num="27" count="8" type="cond" truecount="1" falsecount="0"/>
        <line num="28" count="8" type="cond" truecount="1" falsecount="0"/>
        <line num="29" count="8" type="stmt"/>
        <line num="30" count="7" type="stmt"/>
        <line num="31" count="7" type="stmt"/>
      </file>
    </package>
    <package name="src.core">
      <metrics statements="504" coveredstatements="476" conditionals="285" coveredconditionals="226" methods="53" coveredmethods="52"/>
      <file name="engine.ts" path="/Users/dhruvil/Desktop/ink-scroll/packages/svg-scroll-draw/src/core/engine.ts">
        <metrics statements="409" coveredstatements="383" conditionals="241" coveredconditionals="187" methods="38" coveredmethods="37"/>
        <line num="1" count="1" type="stmt"/>
        <line num="4" count="2" type="cond" truecount="1" falsecount="0"/>
        <line num="5" count="2" type="stmt"/>
        <line num="6" count="2" type="stmt"/>
        <line num="8" count="141" type="cond" truecount="1" falsecount="0"/>
        <line num="9" count="141" type="stmt"/>
        <line num="10" count="141" type="stmt"/>
        <line num="11" count="141" type="cond" truecount="3" falsecount="0"/>
        <line num="12" count="140" type="cond" truecount="3" falsecount="0"/>
        <line num="13" count="141" type="stmt"/>
        <line num="15" count="0" type="stmt"/>
        <line num="16" count="0" type="stmt"/>
        <line num="17" count="0" type="stmt"/>
        <line num="18" count="0" type="stmt"/>
        <line num="19" count="0" type="stmt"/>
        <line num="20" count="0" type="stmt"/>
        <line num="21" count="0" type="stmt"/>
        <line num="22" count="0" type="stmt"/>
        <line num="23" count="0" type="stmt"/>
        <line num="24" count="0" type="stmt"/>
        <line num="25" count="0" type="stmt"/>
        <line num="26" count="0" type="stmt"/>
        <line num="27" count="0" type="stmt"/>
        <line num="28" count="0" type="stmt"/>
        <line num="29" count="0" type="stmt"/>
        <line num="30" count="0" type="stmt"/>
        <line num="33" count="3" type="cond" truecount="1" falsecount="0"/>
        <line num="34" count="3" type="cond" truecount="0" falsecount="1"/>
        <line num="35" count="3" type="stmt"/>
        <line num="36" count="3" type="cond" truecount="1" falsecount="0"/>
        <line num="37" count="6" type="stmt"/>
        <line num="38" count="6" type="cond" truecount="0" falsecount="1"/>
        <line num="39" count="6" type="stmt"/>
        <line num="40" count="3" type="stmt"/>
        <line num="41" count="3" type="stmt"/>
        <line num="43" count="1" type="cond" truecount="1" falsecount="0"/>
        <line num="44" count="153" type="stmt"/>
        <line num="45" count="153" type="stmt"/>
        <line num="46" count="153" type="stmt"/>
        <line num="47" count="153" type="cond" truecount="1" falsecount="0"/>
        <line num="48" count="1" type="cond" truecount="6" falsecount="0"/>
        <line num="49" count="1" type="cond" truecount="1" falsecount="0"/>
        <line num="51" count="152" type="stmt"/>
        <line num="53" count="152" type="stmt"/>
        <line num="54" count="152" type="stmt"/>
        <line num="55" count="152" type="stmt"/>
        <line num="56" count="152" type="stmt"/>
        <line num="57" count="152" type="stmt"/>
        <line num="58" count="152" type="stmt"/>
        <line num="59" count="152" type="stmt"/>
        <line num="60" count="152" type="stmt"/>
        <line num="61" count="152" type="stmt"/>
        <line num="62" count="152" type="stmt"/>
        <line num="63" count="152" type="stmt"/>
        <line num="64" count="152" type="stmt"/>
        <line num="65" count="152" type="stmt"/>
        <line num="66" count="152" type="stmt"/>
        <line num="67" count="152" type="stmt"/>
        <line num="68" count="152" type="stmt"/>
        <line num="69" count="152" type="stmt"/>
        <line num="70" count="152" type="stmt"/>
        <line num="71" count="152" type="stmt"/>
        <line num="72" count="152" type="stmt"/>
        <line num="73" count="152" type="stmt"/>
        <line num="74" count="152" type="stmt"/>
        <line num="75" count="152" type="stmt"/>
        <line num="76" count="152" type="stmt"/>
        <line num="77" count="152" type="stmt"/>
        <line num="78" count="152" type="stmt"/>
        <line num="79" count="152" type="stmt"/>
        <line num="80" count="152" type="stmt"/>
        <line num="81" count="152" type="stmt"/>
        <line num="83" count="152" type="stmt"/>
        <line num="84" count="153" type="cond" truecount="4" falsecount="0"/>
        <line num="86" count="153" type="cond" truecount="2" falsecount="1"/>
        <line num="87" count="153" type="cond" truecount="1" falsecount="0"/>
        <line num="88" count="153" type="cond" truecount="1" falsecount="0"/>
        <line num="90" count="153" type="stmt"/>
        <line num="91" count="153" type="cond" truecount="1" falsecount="0"/>
        <line num="92" count="1" type="cond" truecount="1" falsecount="0"/>
        <line num="93" count="151" type="cond" truecount="1" falsecount="0"/>
        <line num="95" count="153" type="cond" truecount="2" falsecount="0"/>
        <line num="96" count="153" type="cond" truecount="4" falsecount="0"/>
        <line num="97" count="153" type="cond" truecount="2" falsecount="0"/>
        <line num="98" count="153" type="cond" truecount="4" falsecount="0"/>
        <line num="99" count="153" type="cond" truecount="2" falsecount="0"/>
        <line num="100" count="153" type="cond" truecount="4" falsecount="0"/>
        <line num="104" count="153" type="cond" truecount="1" falsecount="0"/>
        <line num="105" count="23" type="stmt"/>
        <line num="106" count="23" type="stmt"/>
        <line num="107" count="23" type="cond" truecount="1" falsecount="0"/>
        <line num="108" count="23" type="cond" truecount="1" falsecount="0"/>
        <line num="109" count="23" type="cond" truecount="1" falsecount="0"/>
        <line num="110" count="23" type="cond" truecount="1" falsecount="0"/>
        <line num="111" count="23" type="cond" truecount="1" falsecount="0"/>
        <line num="112" count="23" type="stmt"/>
        <line num="113" count="23" type="stmt"/>
        <line num="116" count="153" type="cond" truecount="1" falsecount="0"/>
        <line num="117" count="12" type="cond" truecount="1" falsecount="0"/>
        <line num="118" count="140" type="stmt"/>
        <line num="119" count="153" type="stmt"/>
        <line num="120" count="153" type="stmt"/>
        <line num="122" count="153" type="stmt"/>
        <line num="123" count="153" type="stmt"/>
        <line num="124" count="153" type="stmt"/>
        <line num="125" count="153" type="stmt"/>
        <line num="126" count="153" type="stmt"/>
        <line num="127" count="153" type="stmt"/>
        <line num="128" count="153" type="stmt"/>
        <line num="129" count="153" type="stmt"/>
        <line num="130" count="153" type="stmt"/>
        <line num="131" count="153" type="stmt"/>
        <line num="132" count="153" type="stmt"/>
        <line num="133" count="153" type="stmt"/>
        <line num="134" count="153" type="stmt"/>
        <line num="135" count="153" type="stmt"/>
        <line num="138" count="153" type="stmt"/>
        <line num="139" count="153" type="stmt"/>
        <line num="143" count="153" type="cond" truecount="1" falsecount="0"/>
        <line num="144" count="235" type="cond" truecount="2" falsecount="1"/>
        <line num="145" count="235" type="cond" truecount="1" falsecount="1"/>
        <line num="146" count="235" type="stmt"/>
        <line num="148" count="153" type="cond" truecount="1" falsecount="0"/>
        <line num="149" count="188" type="cond" truecount="2" falsecount="1"/>
        <line num="150" count="188" type="cond" truecount="1" falsecount="1"/>
        <line num="151" count="188" type="stmt"/>
        <line num="153" count="153" type="cond" truecount="1" falsecount="0"/>
        <line num="154" count="188" type="stmt"/>
        <line num="155" count="188" type="stmt"/>
        <line num="156" count="188" type="cond" truecount="1" falsecount="0"/>
        <line num="157" count="4" type="stmt"/>
        <line num="158" count="4" type="cond" truecount="0" falsecount="1"/>
        <line num="159" count="4" type="cond" truecount="0" falsecount="1"/>
        <line num="160" count="4" type="stmt"/>
        <line num="161" count="188" type="cond" truecount="1" falsecount="0"/>
        <line num="162" count="184" type="cond" truecount="0" falsecount="1"/>
        <line num="163" count="184" type="cond" truecount="0" falsecount="1"/>
        <line num="164" count="184" type="stmt"/>
        <line num="165" count="184" type="stmt"/>
        <line num="166" count="188" type="stmt"/>
        <line num="167" count="188" type="stmt"/>
        <line num="168" count="188" type="stmt"/>
        <line num="169" count="188" type="cond" truecount="0" falsecount="2"/>
        <line num="170" count="0" type="stmt"/>
        <line num="171" count="0" type="stmt"/>
        <line num="172" count="0" type="stmt"/>
        <line num="173" count="188" type="stmt"/>
        <line num="177" count="153" type="cond" truecount="1" falsecount="0"/>
        <line num="178" count="23" type="stmt"/>
        <line num="179" count="23" type="cond" truecount="1" falsecount="0"/>
        <line num="180" count="6" type="cond" truecount="0" falsecount="1"/>
        <line num="181" count="6" type="stmt"/>
        <line num="182" count="6" type="stmt"/>
        <line num="183" count="6" type="cond" truecount="1" falsecount="0"/>
        <line num="184" count="17" type="cond" truecount="1" falsecount="0"/>
        <line num="185" count="17" type="stmt"/>
        <line num="186" count="17" type="cond" truecount="0" falsecount="1"/>
        <line num="188" count="17" type="cond" truecount="0" falsecount="1"/>
        <line num="190" count="17" type="cond" truecount="3" falsecount="0"/>
        <line num="191" count="11" type="cond" truecount="0" falsecount="1"/>
        <line num="193" count="17" type="cond" truecount="1" falsecount="0"/>
        <line num="194" count="17" type="cond" truecount="2" falsecount="0"/>
        <line num="195" count="15" type="stmt"/>
        <line num="196" count="15" type="cond" truecount="0" falsecount="1"/>
        <line num="198" count="17" type="cond" truecount="1" falsecount="0"/>
        <line num="199" count="17" type="cond" truecount="2" falsecount="0"/>
        <line num="200" count="15" type="stmt"/>
        <line num="201" count="15" type="cond" truecount="0" falsecount="1"/>
        <line num="203" count="17" type="cond" truecount="3" falsecount="0"/>
        <line num="204" count="3" type="stmt"/>
        <line num="205" count="3" type="stmt"/>
        <line num="206" count="17" type="stmt"/>
        <line num="207" count="23" type="stmt"/>
        <line num="209" count="153" type="cond" truecount="1" falsecount="0"/>
        <line num="210" count="10" type="stmt"/>
        <line num="211" count="10" type="cond" truecount="0" falsecount="1"/>
        <line num="212" count="0" type="stmt"/>
        <line num="213" count="0" type="stmt"/>
        <line num="214" count="0" type="stmt"/>
        <line num="215" count="10" type="cond" truecount="1" falsecount="0"/>
        <line num="216" count="10" type="stmt"/>
        <line num="217" count="10" type="cond" truecount="0" falsecount="1"/>
        <line num="218" count="10" type="cond" truecount="0" falsecount="1"/>
        <line num="219" count="10" type="stmt"/>
        <line num="220" count="10" type="cond" truecount="0" falsecount="1"/>
        <line num="221" count="10" type="cond" truecount="0" falsecount="1"/>
        <line num="222" count="10" type="cond" truecount="0" falsecount="1"/>
        <line num="223" count="10" type="cond" truecount="2" falsecount="0"/>
        <line num="224" count="10" type="cond" truecount="1" falsecount="0"/>
        <line num="225" count="10" type="stmt"/>
        <line num="226" count="10" type="stmt"/>
        <line num="230" count="153" type="cond" truecount="1" falsecount="0"/>
        <line num="231" count="141" type="stmt"/>
        <line num="232" count="141" type="stmt"/>
        <line num="233" count="141" type="stmt"/>
        <line num="234" count="141" type="cond" truecount="1" falsecount="1"/>
        <line num="235" count="0" type="stmt"/>
        <line num="237" count="141" type="cond" truecount="1" falsecount="0"/>
        <line num="238" count="4" type="stmt"/>
        <line num="239" count="4" type="cond" truecount="0" falsecount="1"/>
        <line num="240" count="4" type="cond" truecount="0" falsecount="1"/>
        <line num="241" count="4" type="cond" truecount="1" falsecount="0"/>
        <line num="242" count="4" type="cond" truecount="0" falsecount="1"/>
        <line num="243" count="4" type="cond" truecount="0" falsecount="1"/>
        <line num="244" count="4" type="cond" truecount="2" falsecount="0"/>
        <line num="245" count="141" type="cond" truecount="1" falsecount="0"/>
        <line num="246" count="137" type="stmt"/>
        <line num="247" count="137" type="cond" truecount="2" falsecount="0"/>
        <line num="248" count="137" type="cond" truecount="2" falsecount="1"/>
        <line num="249" count="131" type="stmt"/>
        <line num="250" count="137" type="cond" truecount="1" falsecount="0"/>
        <line num="251" count="137" type="cond" truecount="1" falsecount="0"/>
        <line num="252" count="137" type="cond" truecount="1" falsecount="0"/>
        <line num="253" count="137" type="stmt"/>
        <line num="254" count="153" type="stmt"/>
        <line num="256" count="153" type="cond" truecount="1" falsecount="0"/>
        <line num="257" count="12" type="cond" truecount="1" falsecount="0"/>
        <line num="258" count="1" type="stmt"/>
        <line num="259" count="1" type="stmt"/>
        <line num="260" count="1" type="cond" truecount="6" falsecount="0"/>
        <line num="261" count="1" type="cond" truecount="1" falsecount="0"/>
        <line num="262" count="11" type="stmt"/>
        <line num="263" count="153" type="cond" truecount="3" falsecount="0"/>
        <line num="264" count="4" type="cond" truecount="1" falsecount="0"/>
        <line num="265" count="4" type="cond" truecount="6" falsecount="0"/>
        <line num="266" count="4" type="cond" truecount="1" falsecount="0"/>
        <line num="268" count="147" type="stmt"/>
        <line num="272" count="147" type="cond" truecount="1" falsecount="0"/>
        <line num="273" count="47" type="cond" truecount="0" falsecount="1"/>
        <line num="275" count="47" type="stmt"/>
        <line num="276" count="47" type="stmt"/>
        <line num="279" count="47" type="stmt"/>
        <line num="280" count="47" type="cond" truecount="1" falsecount="0"/>
        <line num="281" count="2" type="stmt"/>
        <line num="282" count="2" type="cond" truecount="0" falsecount="2"/>
        <line num="283" count="2" type="cond" truecount="2" falsecount="0"/>
        <line num="284" count="2" type="stmt"/>
        <line num="285" count="2" type="stmt"/>
        <line num="286" count="47" type="stmt"/>
        <line num="287" count="47" type="stmt"/>
        <line num="289" count="47" type="cond" truecount="1" falsecount="0"/>
        <line num="290" count="3" type="cond" truecount="4" falsecount="0"/>
        <line num="291" count="44" type="stmt"/>
        <line num="292" count="47" type="stmt"/>
        <line num="294" count="47" type="stmt"/>
        <line num="295" count="47" type="stmt"/>
        <line num="298" count="47" type="cond" truecount="1" falsecount="0"/>
        <line num="299" count="4" type="stmt"/>
        <line num="300" count="4" type="cond" truecount="0" falsecount="2"/>
        <line num="301" count="0" type="stmt"/>
        <line num="302" count="0" type="stmt"/>
        <line num="303" count="0" type="stmt"/>
        <line num="304" count="4" type="stmt"/>
        <line num="305" count="4" type="stmt"/>
        <line num="306" count="4" type="cond" truecount="0" falsecount="1"/>
        <line num="307" count="4" type="stmt"/>
        <line num="308" count="4" type="cond" truecount="0" falsecount="1"/>
        <line num="309" count="4" type="stmt"/>
        <line num="310" count="4" type="stmt"/>
        <line num="311" count="4" type="cond" truecount="0" falsecount="1"/>
        <line num="312" count="4" type="stmt"/>
        <line num="313" count="4" type="cond" truecount="2" falsecount="0"/>
        <line num="314" count="2" type="stmt"/>
        <line num="315" count="2" type="cond" truecount="1" falsecount="0"/>
        <line num="316" count="2" type="cond" truecount="0" falsecount="2"/>
        <line num="317" count="2" type="cond" truecount="1" falsecount="0"/>
        <line num="318" count="1" type="stmt"/>
        <line num="319" count="1" type="cond" truecount="1" falsecount="0"/>
        <line num="320" count="1" type="stmt"/>
        <line num="321" count="1" type="stmt"/>
        <line num="322" count="1" type="stmt"/>
        <line num="323" count="1" type="stmt"/>
        <line num="324" count="2" type="stmt"/>
        <line num="325" count="2" type="stmt"/>
        <line num="326" count="2" type="stmt"/>
        <line num="327" count="4" type="stmt"/>
        <line num="328" count="4" type="stmt"/>
        <line num="329" count="4" type="cond" truecount="1" falsecount="0"/>
        <line num="332" count="43" type="cond" truecount="1" falsecount="0"/>
        <line num="333" count="44" type="stmt"/>
        <line num="334" count="44" type="stmt"/>
        <line num="336" count="44" type="cond" truecount="2" falsecount="0"/>
        <line num="337" count="10" type="stmt"/>
        <line num="338" count="10" type="stmt"/>
        <line num="339" count="10" type="stmt"/>
        <line num="341" count="44" type="stmt"/>
        <line num="343" count="44" type="stmt"/>
        <line num="344" count="44" type="cond" truecount="2" falsecount="0"/>
        <line num="346" count="44" type="cond" truecount="0" falsecount="1"/>
        <line num="348" count="44" type="cond" truecount="0" falsecount="2"/>
        <line num="349" count="44" type="cond" truecount="1" falsecount="0"/>
        <line num="351" count="44" type="cond" truecount="0" falsecount="1"/>
        <line num="352" count="44" type="cond" truecount="0" falsecount="1"/>
        <line num="353" count="44" type="stmt"/>
        <line num="354" count="44" type="cond" truecount="1" falsecount="0"/>
        <line num="356" count="44" type="cond" truecount="0" falsecount="1"/>
        <line num="357" count="44" type="cond" truecount="0" falsecount="1"/>
        <line num="358" count="44" type="stmt"/>
        <line num="359" count="44" type="cond" truecount="1" falsecount="0"/>
        <line num="361" count="44" type="cond" truecount="0" falsecount="2"/>
        <line num="362" count="44" type="cond" truecount="0" falsecount="1"/>
        <line num="364" count="44" type="cond" truecount="1" falsecount="0"/>
        <line num="365" count="43" type="cond" truecount="1" falsecount="0"/>
        <line num="366" count="43" type="stmt"/>
        <line num="367" count="43" type="stmt"/>
        <line num="368" count="44" type="cond" truecount="1" falsecount="0"/>
        <line num="369" count="43" type="stmt"/>
        <line num="372" count="47" type="cond" truecount="1" falsecount="0"/>
        <line num="373" count="6" type="stmt"/>
        <line num="374" count="6" type="stmt"/>
        <line num="375" count="6" type="stmt"/>
        <line num="376" count="6" type="cond" truecount="2" falsecount="0"/>
        <line num="377" count="4" type="stmt"/>
        <line num="378" count="4" type="stmt"/>
        <line num="379" count="4" type="stmt"/>
        <line num="380" count="6" type="stmt"/>
        <line num="381" count="6" type="cond" truecount="1" falsecount="0"/>
        <line num="384" count="47" type="cond" truecount="2" falsecount="0"/>
        <line num="385" count="39" type="stmt"/>
        <line num="386" count="39" type="cond" truecount="1" falsecount="0"/>
        <line num="387" count="39" type="cond" truecount="1" falsecount="0"/>
        <line num="389" count="47" type="cond" truecount="2" falsecount="0"/>
        <line num="390" count="19" type="stmt"/>
        <line num="391" count="19" type="cond" truecount="1" falsecount="0"/>
        <line num="394" count="19" type="cond" truecount="2" falsecount="1"/>
        <line num="395" count="19" type="cond" truecount="1" falsecount="0"/>
        <line num="396" count="3" type="stmt"/>
        <line num="397" count="3" type="cond" truecount="1" falsecount="0"/>
        <line num="398" count="3" type="stmt"/>
        <line num="399" count="3" type="stmt"/>
        <line num="400" count="3" type="stmt"/>
        <line num="401" count="3" type="stmt"/>
        <line num="402" count="3" type="stmt"/>
        <line num="403" count="3" type="stmt"/>
        <line num="404" count="3" type="stmt"/>
        <line num="405" count="47" type="cond" truecount="3" falsecount="0"/>
        <line num="406" count="20" type="stmt"/>
        <line num="407" count="20" type="cond" truecount="1" falsecount="0"/>
        <line num="409" count="43" type="stmt"/>
        <line num="410" count="47" type="stmt"/>
        <line num="414" count="147" type="stmt"/>
        <line num="415" count="147" type="cond" truecount="1" falsecount="0"/>
        <line num="416" count="53" type="cond" truecount="1" falsecount="0"/>
        <line num="417" count="53" type="stmt"/>
        <line num="418" count="53" type="cond" truecount="2" falsecount="0"/>
        <line num="419" count="9" type="stmt"/>
        <line num="420" count="53" type="stmt"/>
        <line num="421" count="53" type="stmt"/>
        <line num="422" count="153" type="cond" truecount="1" falsecount="0"/>
        <line num="423" count="153" type="stmt"/>
        <line num="427" count="153" type="stmt"/>
        <line num="428" count="153" type="cond" truecount="1" falsecount="0"/>
        <line num="429" count="41" type="stmt"/>
        <line num="430" count="41" type="cond" truecount="1" falsecount="0"/>
        <line num="431" count="41" type="cond" truecount="1" falsecount="0"/>
        <line num="432" count="30" type="stmt"/>
        <line num="433" count="30" type="stmt"/>
        <line num="434" count="41" type="stmt"/>
        <line num="435" count="41" type="stmt"/>
        <line num="436" count="41" type="stmt"/>
        <line num="437" count="41" type="stmt"/>
        <line num="439" count="153" type="stmt"/>
        <line num="440" count="153" type="stmt"/>
        <line num="442" count="153" type="cond" truecount="4" falsecount="0"/>
        <line num="443" count="145" type="cond" truecount="1" falsecount="0"/>
        <line num="447" count="147" type="stmt"/>
        <line num="448" count="147" type="cond" truecount="1" falsecount="0"/>
        <line num="449" count="28" type="stmt"/>
        <line num="450" count="28" type="stmt"/>
        <line num="451" count="28" type="stmt"/>
        <line num="452" count="28" type="stmt"/>
        <line num="453" count="28" type="stmt"/>
        <line num="454" count="28" type="stmt"/>
        <line num="455" count="28" type="cond" truecount="0" falsecount="1"/>
        <line num="456" count="28" type="stmt"/>
        <line num="458" count="147" type="cond" truecount="1" falsecount="0"/>
        <line num="459" count="7" type="stmt"/>
        <line num="460" count="7" type="stmt"/>
        <line num="461" count="7" type="stmt"/>
        <line num="462" count="7" type="stmt"/>
        <line num="463" count="7" type="stmt"/>
        <line num="464" count="7" type="stmt"/>
        <line num="465" count="7" type="stmt"/>
        <line num="466" count="7" type="stmt"/>
        <line num="467" count="7" type="stmt"/>
        <line num="468" count="7" type="stmt"/>
        <line num="469" count="7" type="stmt"/>
        <line num="471" count="147" type="cond" truecount="1" falsecount="0"/>
        <line num="472" count="25" type="stmt"/>
        <line num="473" count="25" type="stmt"/>
        <line num="474" count="25" type="stmt"/>
        <line num="476" count="147" type="cond" truecount="1" falsecount="0"/>
        <line num="477" count="6" type="cond" truecount="0" falsecount="1"/>
        <line num="478" count="6" type="stmt"/>
        <line num="479" count="6" type="stmt"/>
        <line num="480" count="6" type="stmt"/>
        <line num="482" count="147" type="cond" truecount="1" falsecount="0"/>
        <line num="483" count="23" type="stmt"/>
        <line num="484" count="23" type="stmt"/>
        <line num="485" count="23" type="stmt"/>
        <line num="486" count="23" type="stmt"/>
        <line num="487" count="23" type="stmt"/>
        <line num="488" count="23" type="stmt"/>
        <line num="489" count="23" type="stmt"/>
        <line num="491" count="147" type="cond" truecount="1" falsecount="0"/>
        <line num="492" count="4" type="stmt"/>
        <line num="493" count="4" type="stmt"/>
        <line num="494" count="147" type="stmt"/>
        <line num="495" count="147" type="stmt"/>
      </file>
      <file name="utils.ts" path="/Users/dhruvil/Desktop/ink-scroll/packages/svg-scroll-draw/src/core/utils.ts">
        <metrics statements="95" coveredstatements="93" conditionals="44" coveredconditionals="39" methods="15" coveredmethods="15"/>
        <line num="1" count="1" type="stmt"/>
        <line num="2" count="1" type="cond" truecount="1" falsecount="0"/>
        <line num="3" count="1" type="cond" truecount="1" falsecount="0"/>
        <line num="4" count="1" type="cond" truecount="1" falsecount="0"/>
        <line num="5" count="1" type="cond" truecount="3" falsecount="0"/>
        <line num="6" count="1" type="cond" truecount="1" falsecount="0"/>
        <line num="7" count="1" type="stmt"/>
        <line num="17" count="1" type="cond" truecount="1" falsecount="0"/>
        <line num="18" count="9" type="stmt"/>
        <line num="19" count="9" type="stmt"/>
        <line num="20" count="9" type="stmt"/>
        <line num="21" count="9" type="cond" truecount="1" falsecount="0"/>
        <line num="22" count="9" type="stmt"/>
        <line num="24" count="1" type="cond" truecount="1" falsecount="0"/>
        <line num="25" count="349" type="stmt"/>
        <line num="26" count="349" type="cond" truecount="2" falsecount="0"/>
        <line num="27" count="347" type="stmt"/>
        <line num="28" count="347" type="stmt"/>
        <line num="29" count="347" type="stmt"/>
        <line num="31" count="1" type="cond" truecount="1" falsecount="0"/>
        <line num="32" count="418" type="stmt"/>
        <line num="33" count="418" type="cond" truecount="1" falsecount="0"/>
        <line num="34" count="418" type="cond" truecount="1" falsecount="0"/>
        <line num="35" count="418" type="cond" truecount="1" falsecount="0"/>
        <line num="36" count="418" type="cond" truecount="1" falsecount="0"/>
        <line num="37" count="418" type="stmt"/>
        <line num="38" count="418" type="stmt"/>
        <line num="40" count="1" type="cond" truecount="1" falsecount="0"/>
        <line num="41" count="421" type="cond" truecount="2" falsecount="0"/>
        <line num="42" count="418" type="stmt"/>
        <line num="43" count="421" type="cond" truecount="1" falsecount="0"/>
        <line num="44" count="421" type="cond" truecount="1" falsecount="0"/>
        <line num="45" count="421" type="cond" truecount="1" falsecount="0"/>
        <line num="46" count="421" type="cond" truecount="1" falsecount="0"/>
        <line num="47" count="421" type="stmt"/>
        <line num="48" count="421" type="stmt"/>
        <line num="50" count="1" type="cond" truecount="1" falsecount="0"/>
        <line num="51" count="194" type="stmt"/>
        <line num="52" count="194" type="cond" truecount="1" falsecount="0"/>
        <line num="53" count="1" type="cond" truecount="0" falsecount="1"/>
        <line num="54" count="1" type="cond" truecount="0" falsecount="1"/>
        <line num="55" count="1" type="stmt"/>
        <line num="56" count="1" type="cond" truecount="1" falsecount="0"/>
        <line num="57" count="194" type="cond" truecount="1" falsecount="0"/>
        <line num="58" count="1" type="cond" truecount="0" falsecount="1"/>
        <line num="59" count="1" type="stmt"/>
        <line num="60" count="1" type="cond" truecount="1" falsecount="0"/>
        <line num="61" count="192" type="stmt"/>
        <line num="62" count="192" type="stmt"/>
        <line num="64" count="1" type="cond" truecount="1" falsecount="0"/>
        <line num="65" count="112" type="stmt"/>
        <line num="66" count="112" type="stmt"/>
        <line num="68" count="1" type="cond" truecount="1" falsecount="0"/>
        <line num="69" count="108" type="stmt"/>
        <line num="70" count="108" type="stmt"/>
        <line num="71" count="108" type="stmt"/>
        <line num="72" count="108" type="stmt"/>
        <line num="73" count="108" type="stmt"/>
        <line num="74" count="108" type="cond" truecount="2" falsecount="0"/>
        <line num="75" count="107" type="stmt"/>
        <line num="76" count="107" type="stmt"/>
        <line num="78" count="1" type="cond" truecount="1" falsecount="0"/>
        <line num="79" count="207" type="stmt"/>
        <line num="80" count="207" type="stmt"/>
        <line num="81" count="207" type="stmt"/>
        <line num="82" count="207" type="stmt"/>
        <line num="83" count="207" type="stmt"/>
        <line num="84" count="207" type="stmt"/>
        <line num="85" count="207" type="stmt"/>
        <line num="86" count="207" type="stmt"/>
        <line num="87" count="207" type="stmt"/>
        <line num="88" count="207" type="stmt"/>
        <line num="89" count="207" type="stmt"/>
        <line num="90" count="207" type="stmt"/>
        <line num="91" count="207" type="stmt"/>
        <line num="92" count="207" type="stmt"/>
        <line num="96" count="12" type="cond" truecount="1" falsecount="0"/>
        <line num="97" count="12" type="stmt"/>
        <line num="98" count="12" type="cond" truecount="1" falsecount="0"/>
        <line num="99" count="4" type="stmt"/>
        <line num="100" count="4" type="stmt"/>
        <line num="101" count="4" type="stmt"/>
        <line num="102" count="4" type="cond" truecount="1" falsecount="0"/>
        <line num="103" count="8" type="stmt"/>
        <line num="104" count="12" type="cond" truecount="1" falsecount="0"/>
        <line num="105" count="4" type="stmt"/>
        <line num="106" count="4" type="cond" truecount="0" falsecount="1"/>
        <line num="107" count="0" type="stmt"/>
        <line num="108" count="0" type="stmt"/>
        <line num="110" count="1" type="cond" truecount="1" falsecount="0"/>
        <line num="111" count="6" type="stmt"/>
        <line num="112" count="6" type="stmt"/>
        <line num="113" count="6" type="cond" truecount="0" falsecount="1"/>
        <line num="114" count="6" type="stmt"/>
        <line num="115" count="6" type="stmt"/>
      </file>
    </package>
    <package name="src.group">
      <metrics statements="64" coveredstatements="64" conditionals="47" coveredconditionals="46" methods="30" coveredmethods="26"/>
      <file name="index.ts" path="/Users/dhruvil/Desktop/ink-scroll/packages/svg-scroll-draw/src/group/index.ts">
        <metrics statements="64" coveredstatements="64" conditionals="47" coveredconditionals="46" methods="30" coveredmethods="26"/>
        <line num="1" count="1" type="stmt"/>
        <line num="6" count="26" type="cond" truecount="1" falsecount="0"/>
        <line num="7" count="26" type="stmt"/>
        <line num="8" count="26" type="cond" truecount="3" falsecount="0"/>
        <line num="9" count="26" type="cond" truecount="1" falsecount="0"/>
        <line num="10" count="26" type="stmt"/>
        <line num="27" count="1" type="cond" truecount="1" falsecount="0"/>
        <line num="28" count="9" type="stmt"/>
        <line num="29" count="9" type="stmt"/>
        <line num="30" count="9" type="stmt"/>
        <line num="31" count="9" type="cond" truecount="8" falsecount="0"/>
        <line num="33" count="8" type="cond" truecount="1" falsecount="0"/>
        <line num="35" count="8" type="stmt"/>
        <line num="36" count="8" type="cond" truecount="2" falsecount="0"/>
        <line num="37" count="8" type="cond" truecount="2" falsecount="0"/>
        <line num="38" count="8" type="cond" truecount="2" falsecount="0"/>
        <line num="39" count="8" type="stmt"/>
        <line num="40" count="8" type="stmt"/>
        <line num="41" count="8" type="stmt"/>
        <line num="42" count="8" type="stmt"/>
        <line num="43" count="8" type="stmt"/>
        <line num="59" count="1" type="cond" truecount="1" falsecount="0"/>
        <line num="60" count="19" type="stmt"/>
        <line num="61" count="19" type="stmt"/>
        <line num="62" count="19" type="stmt"/>
        <line num="63" count="19" type="cond" truecount="6" falsecount="0"/>
        <line num="64" count="19" type="cond" truecount="2" falsecount="0"/>
        <line num="66" count="18" type="stmt"/>
        <line num="67" count="19" type="cond" truecount="2" falsecount="0"/>
        <line num="69" count="17" type="stmt"/>
        <line num="70" count="17" type="stmt"/>
        <line num="72" count="17" type="cond" truecount="1" falsecount="0"/>
        <line num="73" count="41" type="stmt"/>
        <line num="74" count="41" type="stmt"/>
        <line num="77" count="41" type="stmt"/>
        <line num="78" count="41" type="cond" truecount="1" falsecount="0"/>
        <line num="79" count="7" type="cond" truecount="1" falsecount="0"/>
        <line num="80" count="7" type="stmt"/>
        <line num="81" count="7" type="cond" truecount="1" falsecount="0"/>
        <line num="82" count="7" type="stmt"/>
        <line num="83" count="41" type="stmt"/>
        <line num="84" count="41" type="stmt"/>
        <line num="86" count="17" type="cond" truecount="1" falsecount="0"/>
        <line num="87" count="19" type="cond" truecount="1" falsecount="0"/>
        <line num="90" count="19" type="cond" truecount="1" falsecount="0"/>
        <line num="91" count="19" type="stmt"/>
        <line num="93" count="17" type="stmt"/>
        <line num="95" count="17" type="stmt"/>
        <line num="96" count="17" type="cond" truecount="1" falsecount="0"/>
        <line num="97" count="3" type="cond" truecount="1" falsecount="0"/>
        <line num="98" count="3" type="stmt"/>
        <line num="99" count="3" type="stmt"/>
        <line num="100" count="17" type="cond" truecount="1" falsecount="0"/>
        <line num="101" count="2" type="cond" truecount="1" falsecount="0"/>
        <line num="102" count="2" type="stmt"/>
        <line num="103" count="2" type="stmt"/>
        <line num="104" count="2" type="stmt"/>
        <line num="105" count="2" type="stmt"/>
        <line num="106" count="17" type="cond" truecount="1" falsecount="0"/>
        <line num="107" count="17" type="stmt"/>
        <line num="108" count="17" type="cond" truecount="1" falsecount="0"/>
        <line num="109" count="17" type="cond" truecount="1" falsecount="1"/>
        <line num="110" count="17" type="stmt"/>
        <line num="111" count="17" type="stmt"/>
      </file>
    </package>
    <package name="src.solid">
      <metrics statements="29" coveredstatements="29" conditionals="12" coveredconditionals="11" methods="4" coveredmethods="4"/>
      <file name="index.ts" path="/Users/dhruvil/Desktop/ink-scroll/packages/svg-scroll-draw/src/solid/index.ts">
        <metrics statements="29" coveredstatements="29" conditionals="12" coveredconditionals="11" methods="4" coveredmethods="4"/>
        <line num="1" count="1" type="stmt"/>
        <line num="18" count="1" type="cond" truecount="1" falsecount="0"/>
        <line num="19" count="4" type="stmt"/>
        <line num="20" count="4" type="stmt"/>
        <line num="22" count="4" type="cond" truecount="1" falsecount="0"/>
        <line num="23" count="3" type="cond" truecount="2" falsecount="0"/>
        <line num="24" count="2" type="stmt"/>
        <line num="25" count="4" type="stmt"/>
        <line num="27" count="4" type="cond" truecount="1" falsecount="0"/>
        <line num="28" count="1" type="stmt"/>
        <line num="29" count="4" type="stmt"/>
        <line num="31" count="4" type="cond" truecount="1" falsecount="0"/>
        <line num="32" count="4" type="stmt"/>
        <line num="43" count="1" type="cond" truecount="1" falsecount="0"/>
        <line num="44" count="4" type="stmt"/>
        <line num="45" count="4" type="stmt"/>
        <line num="47" count="4" type="cond" truecount="1" falsecount="0"/>
        <line num="48" count="2" type="cond" truecount="0" falsecount="1"/>
        <line num="49" count="2" type="stmt"/>
        <line num="50" count="4" type="stmt"/>
        <line num="52" count="4" type="cond" truecount="1" falsecount="0"/>
        <line num="53" count="1" type="stmt"/>
        <line num="54" count="1" type="stmt"/>
        <line num="55" count="4" type="stmt"/>
        <line num="57" count="4" type="stmt"/>
        <line num="58" count="4" type="cond" truecount="1" falsecount="0"/>
        <line num="59" count="4" type="cond" truecount="1" falsecount="0"/>
        <line num="60" count="4" type="stmt"/>
        <line num="61" count="4" type="stmt"/>
      </file>
    </package>
    <package name="src.svelte">
      <metrics statements="26" coveredstatements="26" conditionals="7" coveredconditionals="7" methods="7" coveredmethods="7"/>
      <file name="index.ts" path="/Users/dhruvil/Desktop/ink-scroll/packages/svg-scroll-draw/src/svelte/index.ts">
        <metrics statements="26" coveredstatements="26" conditionals="7" coveredconditionals="7" methods="7" coveredmethods="7"/>
        <line num="1" count="1" type="stmt"/>
        <line num="18" count="1" type="cond" truecount="1" falsecount="0"/>
        <line num="19" count="5" type="stmt"/>
        <line num="21" count="5" type="stmt"/>
        <line num="22" count="5" type="cond" truecount="1" falsecount="0"/>
        <line num="23" count="1" type="stmt"/>
        <line num="24" count="1" type="stmt"/>
        <line num="25" count="1" type="stmt"/>
        <line num="26" count="5" type="cond" truecount="1" falsecount="0"/>
        <line num="27" count="1" type="stmt"/>
        <line num="28" count="1" type="stmt"/>
        <line num="29" count="5" type="stmt"/>
        <line num="30" count="5" type="stmt"/>
        <line num="47" count="1" type="cond" truecount="1" falsecount="0"/>
        <line num="48" count="4" type="stmt"/>
        <line num="50" count="4" type="cond" truecount="1" falsecount="0"/>
        <line num="51" count="2" type="stmt"/>
        <line num="52" count="2" type="stmt"/>
        <line num="53" count="2" type="cond" truecount="1" falsecount="0"/>
        <line num="54" count="2" type="stmt"/>
        <line num="55" count="2" type="stmt"/>
        <line num="57" count="4" type="stmt"/>
        <line num="58" count="4" type="stmt"/>
        <line num="59" count="4" type="cond" truecount="1" falsecount="0"/>
        <line num="60" count="4" type="stmt"/>
        <line num="61" count="4" type="stmt"/>
      </file>
    </package>
    <package name="src.timeline">
      <metrics statements="129" coveredstatements="117" conditionals="54" coveredconditionals="43" methods="20" coveredmethods="19"/>
      <file name="index.ts" path="/Users/dhruvil/Desktop/ink-scroll/packages/svg-scroll-draw/src/timeline/index.ts">
        <metrics statements="129" coveredstatements="117" conditionals="54" coveredconditionals="43" methods="20" coveredmethods="19"/>
        <line num="1" count="1" type="stmt"/>
        <line num="49" count="1" type="cond" truecount="1" falsecount="0"/>
        <line num="50" count="20" type="stmt"/>
        <line num="51" count="20" type="stmt"/>
        <line num="52" count="20" type="stmt"/>
        <line num="53" count="20" type="cond" truecount="6" falsecount="0"/>
        <line num="54" count="20" type="cond" truecount="2" falsecount="0"/>
        <line num="56" count="20" type="cond" truecount="2" falsecount="0"/>
        <line num="57" count="20" type="cond" truecount="1" falsecount="0"/>
        <line num="58" count="1" type="stmt"/>
        <line num="59" count="1" type="stmt"/>
        <line num="60" count="1" type="cond" truecount="1" falsecount="0"/>
        <line num="61" count="18" type="stmt"/>
        <line num="63" count="18" type="stmt"/>
        <line num="64" count="18" type="stmt"/>
        <line num="65" count="18" type="stmt"/>
        <line num="66" count="18" type="stmt"/>
        <line num="67" count="18" type="stmt"/>
        <line num="68" count="18" type="stmt"/>
        <line num="69" count="18" type="stmt"/>
        <line num="70" count="18" type="stmt"/>
        <line num="72" count="20" type="stmt"/>
        <line num="73" count="20" type="cond" truecount="1" falsecount="0"/>
        <line num="76" count="20" type="cond" truecount="1" falsecount="0"/>
        <line num="77" count="20" type="cond" truecount="0" falsecount="1"/>
        <line num="78" count="0" type="stmt"/>
        <line num="79" count="20" type="cond" truecount="0" falsecount="1"/>
        <line num="80" count="20" type="stmt"/>
        <line num="81" count="20" type="cond" truecount="1" falsecount="0"/>
        <line num="82" count="20" type="cond" truecount="1" falsecount="0"/>
        <line num="83" count="20" type="stmt"/>
        <line num="84" count="20" type="stmt"/>
        <line num="85" count="20" type="cond" truecount="1" falsecount="0"/>
        <line num="86" count="20" type="stmt"/>
        <line num="87" count="20" type="stmt"/>
        <line num="88" count="20" type="stmt"/>
        <line num="90" count="20" type="stmt"/>
        <line num="91" count="20" type="stmt"/>
        <line num="92" count="20" type="stmt"/>
        <line num="94" count="20" type="cond" truecount="1" falsecount="1"/>
        <line num="95" count="20" type="cond" truecount="1" falsecount="1"/>
        <line num="97" count="20" type="cond" truecount="1" falsecount="0"/>
        <line num="98" count="18" type="stmt"/>
        <line num="99" count="18" type="stmt"/>
        <line num="100" count="18" type="cond" truecount="0" falsecount="1"/>
        <line num="101" count="18" type="cond" truecount="0" falsecount="1"/>
        <line num="102" count="18" type="stmt"/>
        <line num="103" count="18" type="stmt"/>
        <line num="104" count="18" type="stmt"/>
        <line num="105" count="18" type="stmt"/>
        <line num="107" count="20" type="cond" truecount="1" falsecount="0"/>
        <line num="108" count="10" type="stmt"/>
        <line num="109" count="10" type="cond" truecount="1" falsecount="0"/>
        <line num="110" count="12" type="stmt"/>
        <line num="111" count="12" type="cond" truecount="0" falsecount="1"/>
        <line num="112" count="12" type="stmt"/>
        <line num="113" count="12" type="cond" truecount="1" falsecount="0"/>
        <line num="114" count="12" type="stmt"/>
        <line num="115" count="12" type="cond" truecount="1" falsecount="0"/>
        <line num="116" count="12" type="stmt"/>
        <line num="117" count="10" type="stmt"/>
        <line num="118" count="10" type="stmt"/>
        <line num="120" count="20" type="cond" truecount="1" falsecount="0"/>
        <line num="121" count="6" type="cond" truecount="0" falsecount="1"/>
        <line num="122" count="6" type="stmt"/>
        <line num="123" count="6" type="cond" truecount="0" falsecount="1"/>
        <line num="124" count="6" type="stmt"/>
        <line num="125" count="6" type="stmt"/>
        <line num="126" count="6" type="cond" truecount="4" falsecount="0"/>
        <line num="127" count="1" type="stmt"/>
        <line num="128" count="6" type="stmt"/>
        <line num="129" count="6" type="stmt"/>
        <line num="131" count="20" type="stmt"/>
        <line num="133" count="20" type="stmt"/>
        <line num="134" count="20" type="cond" truecount="1" falsecount="0"/>
        <line num="135" count="7" type="cond" truecount="1" falsecount="0"/>
        <line num="136" count="7" type="stmt"/>
        <line num="137" count="7" type="cond" truecount="3" falsecount="0"/>
        <line num="138" count="1" type="stmt"/>
        <line num="139" count="7" type="stmt"/>
        <line num="140" count="7" type="stmt"/>
        <line num="141" count="20" type="stmt"/>
        <line num="142" count="20" type="stmt"/>
        <line num="143" count="20" type="stmt"/>
        <line num="145" count="20" type="stmt"/>
        <line num="146" count="20" type="stmt"/>
        <line num="147" count="0" type="stmt"/>
        <line num="148" count="0" type="stmt"/>
        <line num="149" count="0" type="stmt"/>
        <line num="150" count="0" type="stmt"/>
        <line num="151" count="0" type="stmt"/>
        <line num="152" count="0" type="stmt"/>
        <line num="153" count="0" type="stmt"/>
        <line num="154" count="0" type="stmt"/>
        <line num="155" count="0" type="stmt"/>
        <line num="156" count="0" type="stmt"/>
        <line num="157" count="0" type="stmt"/>
        <line num="158" count="20" type="stmt"/>
        <line num="159" count="20" type="stmt"/>
        <line num="161" count="20" type="stmt"/>
        <line num="162" count="20" type="cond" truecount="1" falsecount="0"/>
        <line num="163" count="2" type="stmt"/>
        <line num="164" count="2" type="stmt"/>
        <line num="165" count="2" type="stmt"/>
        <line num="166" count="2" type="stmt"/>
        <line num="167" count="2" type="stmt"/>
        <line num="168" count="2" type="stmt"/>
        <line num="169" count="20" type="cond" truecount="1" falsecount="0"/>
        <line num="170" count="1" type="stmt"/>
        <line num="171" count="1" type="cond" truecount="1" falsecount="0"/>
        <line num="172" count="1" type="cond" truecount="1" falsecount="0"/>
        <line num="173" count="1" type="stmt"/>
        <line num="174" count="1" type="cond" truecount="0" falsecount="1"/>
        <line num="175" count="1" type="stmt"/>
        <line num="176" count="1" type="stmt"/>
        <line num="177" count="1" type="stmt"/>
        <line num="178" count="1" type="stmt"/>
        <line num="179" count="20" type="cond" truecount="1" falsecount="0"/>
        <line num="180" count="20" type="cond" truecount="1" falsecount="1"/>
        <line num="181" count="20" type="cond" truecount="1" falsecount="0"/>
        <line num="182" count="4" type="stmt"/>
        <line num="183" count="4" type="stmt"/>
        <line num="184" count="4" type="stmt"/>
        <line num="185" count="4" type="stmt"/>
        <line num="186" count="4" type="stmt"/>
        <line num="187" count="4" type="stmt"/>
        <line num="188" count="20" type="cond" truecount="1" falsecount="0"/>
        <line num="189" count="20" type="stmt"/>
        <line num="190" count="20" type="stmt"/>
      </file>
    </package>
  </project>
</coverage>
