{"/Users/dhruvil/Desktop/ink-scroll/packages/svg-scroll-draw/src/index.ts": {"path":"/Users/dhruvil/Desktop/ink-scroll/packages/svg-scroll-draw/src/index.ts","all":false,"statementMap":{"0":{"start":{"line":1,"column":0},"end":{"line":1,"column":45}},"3":{"start":{"line":4,"column":0},"end":{"line":4,"column":27}},"4":{"start":{"line":5,"column":0},"end":{"line":5,"column":27}},"5":{"start":{"line":6,"column":0},"end":{"line":6,"column":29}},"6":{"start":{"line":7,"column":0},"end":{"line":7,"column":23}},"7":{"start":{"line":8,"column":0},"end":{"line":8,"column":148}},"8":{"start":{"line":9,"column":0},"end":{"line":9,"column":49}},"10":{"start":{"line":11,"column":0},"end":{"line":11,"column":19}},"11":{"start":{"line":12,"column":0},"end":{"line":12,"column":30}},"12":{"start":{"line":13,"column":0},"end":{"line":13,"column":38}},"13":{"start":{"line":14,"column":0},"end":{"line":14,"column":15}},"15":{"start":{"line":16,"column":0},"end":{"line":16,"column":19}},"16":{"start":{"line":17,"column":0},"end":{"line":17,"column":67}},"17":{"start":{"line":18,"column":0},"end":{"line":18,"column":16}},"18":{"start":{"line":19,"column":0},"end":{"line":19,"column":3}},"20":{"start":{"line":21,"column":0},"end":{"line":21,"column":42}},"21":{"start":{"line":22,"column":0},"end":{"line":22,"column":1}}},"s":{"0":1,"3":1,"4":2,"5":2,"6":2,"7":2,"8":2,"10":2,"11":2,"12":1,"13":1,"15":2,"16":1,"17":1,"18":1,"20":1,"21":1},"branchMap":{"0":{"type":"branch","line":4,"loc":{"start":{"line":4,"column":7},"end":{"line":22,"column":1}},"locations":[{"start":{"line":4,"column":7},"end":{"line":22,"column":1}}]},"1":{"type":"branch","line":9,"loc":{"start":{"line":9,"column":37},"end":{"line":9,"column":49}},"locations":[{"start":{"line":9,"column":37},"end":{"line":9,"column":49}}]},"2":{"type":"branch","line":12,"loc":{"start":{"line":12,"column":22},"end":{"line":13,"column":38}},"locations":[{"start":{"line":12,"column":22},"end":{"line":13,"column":38}}]},"3":{"type":"branch","line":13,"loc":{"start":{"line":13,"column":37},"end":{"line":14,"column":15}},"locations":[{"start":{"line":13,"column":37},"end":{"line":14,"column":15}}]},"4":{"type":"branch","line":16,"loc":{"start":{"line":16,"column":18},"end":{"line":22,"column":1}},"locations":[{"start":{"line":16,"column":18},"end":{"line":22,"column":1}}]},"5":{"type":"branch","line":8,"loc":{"start":{"line":8,"column":46},"end":{"line":8,"column":56}},"locations":[{"start":{"line":8,"column":46},"end":{"line":8,"column":56}}]},"6":{"type":"branch","line":8,"loc":{"start":{"line":8,"column":64},"end":{"line":8,"column":74}},"locations":[{"start":{"line":8,"column":64},"end":{"line":8,"column":74}}]},"7":{"type":"branch","line":8,"loc":{"start":{"line":8,"column":81},"end":{"line":8,"column":91}},"locations":[{"start":{"line":8,"column":81},"end":{"line":8,"column":91}}]},"8":{"type":"branch","line":8,"loc":{"start":{"line":8,"column":99},"end":{"line":8,"column":109}},"locations":[{"start":{"line":8,"column":99},"end":{"line":8,"column":109}}]},"9":{"type":"branch","line":8,"loc":{"start":{"line":8,"column":115},"end":{"line":8,"column":125}},"locations":[{"start":{"line":8,"column":115},"end":{"line":8,"column":125}}]},"10":{"type":"branch","line":8,"loc":{"start":{"line":8,"column":138},"end":{"line":8,"column":146}},"locations":[{"start":{"line":8,"column":138},"end":{"line":8,"column":146}}]}},"b":{"0":[2],"1":[0],"2":[1],"3":[1],"4":[1],"5":[1],"6":[1],"7":[1],"8":[1],"9":[1],"10":[1]},"fnMap":{"0":{"name":"scrollDraw","decl":{"start":{"line":4,"column":7},"end":{"line":22,"column":1}},"loc":{"start":{"line":4,"column":7},"end":{"line":22,"column":1}},"line":4},"1":{"name":"destroy","decl":{"start":{"line":8,"column":46},"end":{"line":8,"column":56}},"loc":{"start":{"line":8,"column":46},"end":{"line":8,"column":56}},"line":8},"2":{"name":"replay","decl":{"start":{"line":8,"column":64},"end":{"line":8,"column":74}},"loc":{"start":{"line":8,"column":64},"end":{"line":8,"column":74}},"line":8},"3":{"name":"pause","decl":{"start":{"line":8,"column":81},"end":{"line":8,"column":91}},"loc":{"start":{"line":8,"column":81},"end":{"line":8,"column":91}},"line":8},"4":{"name":"resume","decl":{"start":{"line":8,"column":99},"end":{"line":8,"column":109}},"loc":{"start":{"line":8,"column":99},"end":{"line":8,"column":109}},"line":8},"5":{"name":"seek","decl":{"start":{"line":8,"column":115},"end":{"line":8,"column":125}},"loc":{"start":{"line":8,"column":115},"end":{"line":8,"column":125}},"line":8},"6":{"name":"getProgress","decl":{"start":{"line":8,"column":138},"end":{"line":8,"column":146}},"loc":{"start":{"line":8,"column":138},"end":{"line":8,"column":146}},"line":8}},"f":{"0":2,"1":1,"2":1,"3":1,"4":1,"5":1,"6":1}}
,"/Users/dhruvil/Desktop/ink-scroll/packages/svg-scroll-draw/src/angular/index.ts": {"path":"/Users/dhruvil/Desktop/ink-scroll/packages/svg-scroll-draw/src/angular/index.ts","all":false,"statementMap":{"0":{"start":{"line":1,"column":0},"end":{"line":1,"column":46}},"31":{"start":{"line":32,"column":0},"end":{"line":32,"column":28}},"32":{"start":{"line":33,"column":0},"end":{"line":33,"column":53}},"34":{"start":{"line":35,"column":0},"end":{"line":35,"column":69}},"35":{"start":{"line":36,"column":0},"end":{"line":36,"column":19}},"36":{"start":{"line":37,"column":0},"end":{"line":37,"column":51}},"37":{"start":{"line":38,"column":0},"end":{"line":38,"column":16}},"38":{"start":{"line":39,"column":0},"end":{"line":39,"column":3}},"40":{"start":{"line":41,"column":0},"end":{"line":41,"column":18}},"41":{"start":{"line":42,"column":0},"end":{"line":42,"column":28}},"42":{"start":{"line":43,"column":0},"end":{"line":43,"column":16}},"43":{"start":{"line":44,"column":0},"end":{"line":44,"column":3}},"45":{"start":{"line":46,"column":0},"end":{"line":46,"column":19}},"46":{"start":{"line":47,"column":0},"end":{"line":47,"column":29}},"47":{"start":{"line":48,"column":0},"end":{"line":48,"column":25}},"48":{"start":{"line":49,"column":0},"end":{"line":49,"column":16}},"49":{"start":{"line":50,"column":0},"end":{"line":50,"column":3}},"50":{"start":{"line":51,"column":0},"end":{"line":51,"column":1}}},"s":{"0":1,"31":1,"32":9,"34":1,"35":8,"36":8,"37":8,"38":8,"40":1,"41":3,"42":3,"43":3,"45":1,"46":11,"47":11,"48":11,"49":11,"50":1},"branchMap":{"0":{"type":"branch","line":32,"loc":{"start":{"line":32,"column":7},"end":{"line":33,"column":53}},"locations":[{"start":{"line":32,"column":7},"end":{"line":33,"column":53}}]},"1":{"type":"branch","line":35,"loc":{"start":{"line":35,"column":2},"end":{"line":39,"column":3}},"locations":[{"start":{"line":35,"column":2},"end":{"line":39,"column":3}}]},"2":{"type":"branch","line":41,"loc":{"start":{"line":41,"column":2},"end":{"line":44,"column":3}},"locations":[{"start":{"line":41,"column":2},"end":{"line":44,"column":3}}]},"3":{"type":"branch","line":42,"loc":{"start":{"line":42,"column":9},"end":{"line":42,"column":26}},"locations":[{"start":{"line":42,"column":9},"end":{"line":42,"column":26}}]},"4":{"type":"branch","line":46,"loc":{"start":{"line":46,"column":2},"end":{"line":50,"column":3}},"locations":[{"start":{"line":46,"column":2},"end":{"line":50,"column":3}}]},"5":{"type":"branch","line":47,"loc":{"start":{"line":47,"column":9},"end":{"line":47,"column":27}},"locations":[{"start":{"line":47,"column":9},"end":{"line":47,"column":27}}]}},"b":{"0":[9],"1":[8],"2":[3],"3":[2],"4":[11],"5":[3]},"fnMap":{"0":{"name":"ScrollDrawRef","decl":{"start":{"line":32,"column":7},"end":{"line":33,"column":53}},"loc":{"start":{"line":32,"column":7},"end":{"line":33,"column":53}},"line":32},"1":{"name":"init","decl":{"start":{"line":35,"column":2},"end":{"line":39,"column":3}},"loc":{"start":{"line":35,"column":2},"end":{"line":39,"column":3}},"line":35},"2":{"name":"replay","decl":{"start":{"line":41,"column":2},"end":{"line":44,"column":3}},"loc":{"start":{"line":41,"column":2},"end":{"line":44,"column":3}},"line":41},"3":{"name":"destroy","decl":{"start":{"line":46,"column":2},"end":{"line":50,"column":3}},"loc":{"start":{"line":46,"column":2},"end":{"line":50,"column":3}},"line":46}},"f":{"0":9,"1":8,"2":3,"3":11}}
,"/Users/dhruvil/Desktop/ink-scroll/packages/svg-scroll-draw/src/astro/index.ts": {"path":"/Users/dhruvil/Desktop/ink-scroll/packages/svg-scroll-draw/src/astro/index.ts","all":false,"statementMap":{"0":{"start":{"line":1,"column":0},"end":{"line":1,"column":46}},"21":{"start":{"line":22,"column":0},"end":{"line":22,"column":91}},"22":{"start":{"line":23,"column":0},"end":{"line":23,"column":91}},"23":{"start":{"line":24,"column":0},"end":{"line":24,"column":37}},"24":{"start":{"line":25,"column":0},"end":{"line":25,"column":9}},"25":{"start":{"line":26,"column":0},"end":{"line":26,"column":85}},"26":{"start":{"line":27,"column":0},"end":{"line":27,"column":38}},"27":{"start":{"line":28,"column":0},"end":{"line":28,"column":41}},"28":{"start":{"line":29,"column":0},"end":{"line":29,"column":34}},"29":{"start":{"line":30,"column":0},"end":{"line":30,"column":5}},"30":{"start":{"line":31,"column":0},"end":{"line":31,"column":1}}},"s":{"0":1,"21":1,"22":7,"23":8,"24":8,"25":8,"26":8,"27":8,"28":8,"29":7,"30":7},"branchMap":{"0":{"type":"branch","line":22,"loc":{"start":{"line":22,"column":7},"end":{"line":31,"column":1}},"locations":[{"start":{"line":22,"column":7},"end":{"line":31,"column":1}}]},"1":{"type":"branch","line":23,"loc":{"start":{"line":23,"column":82},"end":{"line":30,"column":3}},"locations":[{"start":{"line":23,"column":82},"end":{"line":30,"column":3}}]},"2":{"type":"branch","line":26,"loc":{"start":{"line":26,"column":29},"end":{"line":26,"column":82}},"locations":[{"start":{"line":26,"column":29},"end":{"line":26,"column":82}}]},"3":{"type":"branch","line":26,"loc":{"start":{"line":26,"column":61},"end":{"line":26,"column":85}},"locations":[{"start":{"line":26,"column":61},"end":{"line":26,"column":85}}]},"4":{"type":"branch","line":27,"loc":{"start":{"line":27,"column":15},"end":{"line":27,"column":38}},"locations":[{"start":{"line":27,"column":15},"end":{"line":27,"column":38}}]},"5":{"type":"branch","line":28,"loc":{"start":{"line":28,"column":4},"end":{"line":28,"column":41}},"locations":[{"start":{"line":28,"column":4},"end":{"line":28,"column":41}}]}},"b":{"0":[7],"1":[8],"2":[6],"3":[6],"4":[2],"5":[1]},"fnMap":{"0":{"name":"initScrollDraw","decl":{"start":{"line":22,"column":7},"end":{"line":31,"column":1}},"loc":{"start":{"line":22,"column":7},"end":{"line":31,"column":1}},"line":22}},"f":{"0":7}}
,"/Users/dhruvil/Desktop/ink-scroll/packages/svg-scroll-draw/src/core/engine.ts": {"path":"/Users/dhruvil/Desktop/ink-scroll/packages/svg-scroll-draw/src/core/engine.ts","all":false,"statementMap":{"0":{"start":{"line":1,"column":0},"end":{"line":1,"column":69}},"3":{"start":{"line":4,"column":0},"end":{"line":4,"column":50}},"4":{"start":{"line":5,"column":0},"end":{"line":5,"column":90}},"5":{"start":{"line":6,"column":0},"end":{"line":6,"column":1}},"7":{"start":{"line":8,"column":0},"end":{"line":8,"column":45}},"8":{"start":{"line":9,"column":0},"end":{"line":9,"column":43}},"9":{"start":{"line":10,"column":0},"end":{"line":10,"column":41}},"10":{"start":{"line":11,"column":0},"end":{"line":11,"column":101}},"11":{"start":{"line":12,"column":0},"end":{"line":12,"column":135}},"12":{"start":{"line":13,"column":0},"end":{"line":13,"column":1}},"14":{"start":{"line":15,"column":0},"end":{"line":15,"column":89}},"15":{"start":{"line":16,"column":0},"end":{"line":16,"column":48}},"16":{"start":{"line":17,"column":0},"end":{"line":17,"column":57}},"17":{"start":{"line":18,"column":0},"end":{"line":18,"column":144}},"18":{"start":{"line":19,"column":0},"end":{"line":19,"column":21}},"19":{"start":{"line":20,"column":0},"end":{"line":20,"column":66}},"20":{"start":{"line":21,"column":0},"end":{"line":21,"column":67}},"21":{"start":{"line":22,"column":0},"end":{"line":22,"column":25}},"22":{"start":{"line":23,"column":0},"end":{"line":23,"column":230}},"23":{"start":{"line":24,"column":0},"end":{"line":24,"column":230}},"24":{"start":{"line":25,"column":0},"end":{"line":25,"column":3}},"25":{"start":{"line":26,"column":0},"end":{"line":26,"column":37}},"26":{"start":{"line":27,"column":0},"end":{"line":27,"column":63}},"27":{"start":{"line":28,"column":0},"end":{"line":28,"column":11}},"28":{"start":{"line":29,"column":0},"end":{"line":29,"column":17}},"29":{"start":{"line":30,"column":0},"end":{"line":30,"column":1}},"32":{"start":{"line":33,"column":0},"end":{"line":33,"column":65}},"33":{"start":{"line":34,"column":0},"end":{"line":34,"column":86}},"34":{"start":{"line":35,"column":0},"end":{"line":35,"column":14}},"35":{"start":{"line":36,"column":0},"end":{"line":36,"column":74}},"36":{"start":{"line":37,"column":0},"end":{"line":37,"column":32}},"37":{"start":{"line":38,"column":0},"end":{"line":38,"column":38}},"38":{"start":{"line":39,"column":0},"end":{"line":39,"column":54}},"39":{"start":{"line":40,"column":0},"end":{"line":40,"column":5}},"40":{"start":{"line":41,"column":0},"end":{"line":41,"column":1}},"42":{"start":{"line":43,"column":0},"end":{"line":43,"column":29}},"43":{"start":{"line":44,"column":0},"end":{"line":44,"column":21}},"44":{"start":{"line":45,"column":0},"end":{"line":45,"column":33}},"45":{"start":{"line":46,"column":0},"end":{"line":46,"column":23}},"46":{"start":{"line":47,"column":0},"end":{"line":47,"column":38}},"47":{"start":{"line":48,"column":0},"end":{"line":48,"column":124}},"48":{"start":{"line":49,"column":0},"end":{"line":49,"column":3}},"50":{"start":{"line":51,"column":0},"end":{"line":51,"column":87}},"52":{"start":{"line":53,"column":0},"end":{"line":53,"column":9}},"53":{"start":{"line":54,"column":0},"end":{"line":54,"column":67}},"54":{"start":{"line":55,"column":0},"end":{"line":55,"column":23}},"55":{"start":{"line":56,"column":0},"end":{"line":56,"column":27}},"56":{"start":{"line":57,"column":0},"end":{"line":57,"column":30}},"57":{"start":{"line":58,"column":0},"end":{"line":58,"column":24}},"58":{"start":{"line":59,"column":0},"end":{"line":59,"column":23}},"59":{"start":{"line":60,"column":0},"end":{"line":60,"column":31}},"60":{"start":{"line":61,"column":0},"end":{"line":61,"column":27}},"61":{"start":{"line":62,"column":0},"end":{"line":62,"column":27}},"62":{"start":{"line":63,"column":0},"end":{"line":63,"column":25}},"63":{"start":{"line":64,"column":0},"end":{"line":64,"column":20}},"64":{"start":{"line":65,"column":0},"end":{"line":65,"column":27}},"65":{"start":{"line":66,"column":0},"end":{"line":66,"column":23}},"66":{"start":{"line":67,"column":0},"end":{"line":67,"column":16}},"67":{"start":{"line":68,"column":0},"end":{"line":68,"column":16}},"68":{"start":{"line":69,"column":0},"end":{"line":69,"column":16}},"69":{"start":{"line":70,"column":0},"end":{"line":70,"column":14}},"70":{"start":{"line":71,"column":0},"end":{"line":71,"column":27}},"71":{"start":{"line":72,"column":0},"end":{"line":72,"column":23}},"72":{"start":{"line":73,"column":0},"end":{"line":73,"column":27}},"73":{"start":{"line":74,"column":0},"end":{"line":74,"column":23}},"74":{"start":{"line":75,"column":0},"end":{"line":75,"column":23}},"75":{"start":{"line":76,"column":0},"end":{"line":76,"column":12}},"76":{"start":{"line":77,"column":0},"end":{"line":77,"column":9}},"77":{"start":{"line":78,"column":0},"end":{"line":78,"column":15}},"78":{"start":{"line":79,"column":0},"end":{"line":79,"column":12}},"79":{"start":{"line":80,"column":0},"end":{"line":80,"column":15}},"80":{"start":{"line":81,"column":0},"end":{"line":81,"column":14}},"82":{"start":{"line":83,"column":0},"end":{"line":83,"column":79}},"83":{"start":{"line":84,"column":0},"end":{"line":84,"column":71}},"85":{"start":{"line":86,"column":0},"end":{"line":86,"column":98}},"86":{"start":{"line":87,"column":0},"end":{"line":87,"column":66}},"87":{"start":{"line":88,"column":0},"end":{"line":88,"column":66}},"89":{"start":{"line":90,"column":0},"end":{"line":90,"column":34}},"90":{"start":{"line":91,"column":0},"end":{"line":91,"column":39}},"91":{"start":{"line":92,"column":0},"end":{"line":92,"column":47}},"92":{"start":{"line":93,"column":0},"end":{"line":93,"column":34}},"94":{"start":{"line":95,"column":0},"end":{"line":95,"column":80}},"95":{"start":{"line":96,"column":0},"end":{"line":96,"column":132}},"96":{"start":{"line":97,"column":0},"end":{"line":97,"column":80}},"97":{"start":{"line":98,"column":0},"end":{"line":98,"column":132}},"98":{"start":{"line":99,"column":0},"end":{"line":99,"column":80}},"99":{"start":{"line":100,"column":0},"end":{"line":100,"column":132}},"103":{"start":{"line":104,"column":0},"end":{"line":104,"column":51}},"104":{"start":{"line":105,"column":0},"end":{"line":105,"column":26}},"105":{"start":{"line":106,"column":0},"end":{"line":106,"column":28}},"106":{"start":{"line":107,"column":0},"end":{"line":107,"column":55}},"107":{"start":{"line":108,"column":0},"end":{"line":108,"column":55}},"108":{"start":{"line":109,"column":0},"end":{"line":109,"column":55}},"109":{"start":{"line":110,"column":0},"end":{"line":110,"column":65}},"110":{"start":{"line":111,"column":0},"end":{"line":111,"column":66}},"111":{"start":{"line":112,"column":0},"end":{"line":112,"column":5}},"112":{"start":{"line":113,"column":0},"end":{"line":113,"column":3}},"115":{"start":{"line":116,"column":0},"end":{"line":116,"column":43}},"116":{"start":{"line":117,"column":0},"end":{"line":117,"column":8}},"117":{"start":{"line":118,"column":0},"end":{"line":118,"column":67}},"118":{"start":{"line":119,"column":0},"end":{"line":119,"column":38}},"119":{"start":{"line":120,"column":0},"end":{"line":120,"column":38}},"121":{"start":{"line":122,"column":0},"end":{"line":122,"column":24}},"122":{"start":{"line":123,"column":0},"end":{"line":123,"column":24}},"123":{"start":{"line":124,"column":0},"end":{"line":124,"column":28}},"124":{"start":{"line":125,"column":0},"end":{"line":125,"column":28}},"125":{"start":{"line":126,"column":0},"end":{"line":126,"column":24}},"126":{"start":{"line":127,"column":0},"end":{"line":127,"column":28}},"127":{"start":{"line":128,"column":0},"end":{"line":128,"column":25}},"128":{"start":{"line":129,"column":0},"end":{"line":129,"column":25}},"129":{"start":{"line":130,"column":0},"end":{"line":130,"column":28}},"130":{"start":{"line":131,"column":0},"end":{"line":131,"column":24}},"131":{"start":{"line":132,"column":0},"end":{"line":132,"column":24}},"132":{"start":{"line":133,"column":0},"end":{"line":133,"column":61}},"133":{"start":{"line":134,"column":0},"end":{"line":134,"column":46}},"134":{"start":{"line":135,"column":0},"end":{"line":135,"column":43}},"137":{"start":{"line":138,"column":0},"end":{"line":138,"column":25}},"138":{"start":{"line":139,"column":0},"end":{"line":139,"column":40}},"142":{"start":{"line":143,"column":0},"end":{"line":143,"column":32}},"143":{"start":{"line":144,"column":0},"end":{"line":144,"column":81}},"144":{"start":{"line":145,"column":0},"end":{"line":145,"column":58}},"145":{"start":{"line":146,"column":0},"end":{"line":146,"column":3}},"147":{"start":{"line":148,"column":0},"end":{"line":148,"column":29}},"148":{"start":{"line":149,"column":0},"end":{"line":149,"column":85}},"149":{"start":{"line":150,"column":0},"end":{"line":150,"column":65}},"150":{"start":{"line":151,"column":0},"end":{"line":151,"column":3}},"152":{"start":{"line":153,"column":0},"end":{"line":153,"column":34}},"153":{"start":{"line":154,"column":0},"end":{"line":154,"column":51}},"154":{"start":{"line":155,"column":0},"end":{"line":155,"column":50}},"155":{"start":{"line":156,"column":0},"end":{"line":156,"column":19}},"156":{"start":{"line":157,"column":0},"end":{"line":157,"column":50}},"157":{"start":{"line":158,"column":0},"end":{"line":158,"column":113}},"158":{"start":{"line":159,"column":0},"end":{"line":159,"column":55}},"159":{"start":{"line":160,"column":0},"end":{"line":160,"column":27}},"160":{"start":{"line":161,"column":0},"end":{"line":161,"column":12}},"161":{"start":{"line":162,"column":0},"end":{"line":162,"column":51}},"162":{"start":{"line":163,"column":0},"end":{"line":163,"column":55}},"163":{"start":{"line":164,"column":0},"end":{"line":164,"column":27}},"164":{"start":{"line":165,"column":0},"end":{"line":165,"column":5}},"165":{"start":{"line":166,"column":0},"end":{"line":166,"column":105}},"166":{"start":{"line":167,"column":0},"end":{"line":167,"column":27}},"167":{"start":{"line":168,"column":0},"end":{"line":168,"column":25}},"168":{"start":{"line":169,"column":0},"end":{"line":169,"column":57}},"169":{"start":{"line":170,"column":0},"end":{"line":170,"column":29}},"170":{"start":{"line":171,"column":0},"end":{"line":171,"column":60}},"171":{"start":{"line":172,"column":0},"end":{"line":172,"column":5}},"172":{"start":{"line":173,"column":0},"end":{"line":173,"column":3}},"176":{"start":{"line":177,"column":0},"end":{"line":177,"column":72}},"177":{"start":{"line":178,"column":0},"end":{"line":178,"column":90}},"178":{"start":{"line":179,"column":0},"end":{"line":179,"column":24}},"179":{"start":{"line":180,"column":0},"end":{"line":180,"column":54}},"180":{"start":{"line":181,"column":0},"end":{"line":181,"column":69}},"181":{"start":{"line":182,"column":0},"end":{"line":182,"column":13}},"182":{"start":{"line":183,"column":0},"end":{"line":183,"column":5}},"183":{"start":{"line":184,"column":0},"end":{"line":184,"column":30}},"184":{"start":{"line":185,"column":0},"end":{"line":185,"column":33}},"185":{"start":{"line":186,"column":0},"end":{"line":186,"column":84}},"187":{"start":{"line":188,"column":0},"end":{"line":188,"column":83}},"189":{"start":{"line":190,"column":0},"end":{"line":190,"column":87}},"190":{"start":{"line":191,"column":0},"end":{"line":191,"column":50}},"192":{"start":{"line":193,"column":0},"end":{"line":193,"column":49}},"193":{"start":{"line":194,"column":0},"end":{"line":194,"column":78}},"194":{"start":{"line":195,"column":0},"end":{"line":195,"column":32}},"195":{"start":{"line":196,"column":0},"end":{"line":196,"column":44}},"197":{"start":{"line":198,"column":0},"end":{"line":198,"column":61}},"198":{"start":{"line":199,"column":0},"end":{"line":199,"column":96}},"199":{"start":{"line":200,"column":0},"end":{"line":200,"column":38}},"200":{"start":{"line":201,"column":0},"end":{"line":201,"column":50}},"202":{"start":{"line":203,"column":0},"end":{"line":203,"column":76}},"203":{"start":{"line":204,"column":0},"end":{"line":204,"column":71}},"204":{"start":{"line":205,"column":0},"end":{"line":205,"column":7}},"205":{"start":{"line":206,"column":0},"end":{"line":206,"column":7}},"206":{"start":{"line":207,"column":0},"end":{"line":207,"column":3}},"208":{"start":{"line":209,"column":0},"end":{"line":209,"column":31}},"209":{"start":{"line":210,"column":0},"end":{"line":210,"column":80}},"210":{"start":{"line":211,"column":0},"end":{"line":211,"column":24}},"211":{"start":{"line":212,"column":0},"end":{"line":212,"column":69}},"212":{"start":{"line":213,"column":0},"end":{"line":213,"column":13}},"213":{"start":{"line":214,"column":0},"end":{"line":214,"column":5}},"214":{"start":{"line":215,"column":0},"end":{"line":215,"column":30}},"215":{"start":{"line":216,"column":0},"end":{"line":216,"column":50}},"216":{"start":{"line":217,"column":0},"end":{"line":217,"column":82}},"217":{"start":{"line":218,"column":0},"end":{"line":218,"column":71}},"218":{"start":{"line":219,"column":0},"end":{"line":219,"column":33}},"219":{"start":{"line":220,"column":0},"end":{"line":220,"column":49}},"220":{"start":{"line":221,"column":0},"end":{"line":221,"column":68}},"221":{"start":{"line":222,"column":0},"end":{"line":222,"column":80}},"222":{"start":{"line":223,"column":0},"end":{"line":223,"column":74}},"223":{"start":{"line":224,"column":0},"end":{"line":224,"column":44}},"224":{"start":{"line":225,"column":0},"end":{"line":225,"column":7}},"225":{"start":{"line":226,"column":0},"end":{"line":226,"column":3}},"229":{"start":{"line":230,"column":0},"end":{"line":230,"column":25}},"230":{"start":{"line":231,"column":0},"end":{"line":231,"column":21}},"231":{"start":{"line":232,"column":0},"end":{"line":232,"column":37}},"232":{"start":{"line":233,"column":0},"end":{"line":233,"column":22}},"233":{"start":{"line":234,"column":0},"end":{"line":234,"column":89}},"234":{"start":{"line":235,"column":0},"end":{"line":235,"column":29}},"236":{"start":{"line":237,"column":0},"end":{"line":237,"column":25}},"237":{"start":{"line":238,"column":0},"end":{"line":238,"column":43}},"238":{"start":{"line":239,"column":0},"end":{"line":239,"column":75}},"239":{"start":{"line":240,"column":0},"end":{"line":240,"column":39}},"240":{"start":{"line":241,"column":0},"end":{"line":241,"column":45}},"241":{"start":{"line":242,"column":0},"end":{"line":242,"column":64}},"242":{"start":{"line":243,"column":0},"end":{"line":243,"column":76}},"243":{"start":{"line":244,"column":0},"end":{"line":244,"column":88}},"244":{"start":{"line":245,"column":0},"end":{"line":245,"column":12}},"245":{"start":{"line":246,"column":0},"end":{"line":246,"column":43}},"246":{"start":{"line":247,"column":0},"end":{"line":247,"column":75}},"247":{"start":{"line":248,"column":0},"end":{"line":248,"column":71}},"248":{"start":{"line":249,"column":0},"end":{"line":249,"column":33}},"249":{"start":{"line":250,"column":0},"end":{"line":250,"column":49}},"250":{"start":{"line":251,"column":0},"end":{"line":251,"column":68}},"251":{"start":{"line":252,"column":0},"end":{"line":252,"column":80}},"252":{"start":{"line":253,"column":0},"end":{"line":253,"column":5}},"253":{"start":{"line":254,"column":0},"end":{"line":254,"column":5}},"255":{"start":{"line":256,"column":0},"end":{"line":256,"column":22}},"256":{"start":{"line":257,"column":0},"end":{"line":257,"column":25}},"257":{"start":{"line":258,"column":0},"end":{"line":258,"column":69}},"258":{"start":{"line":259,"column":0},"end":{"line":259,"column":21}},"259":{"start":{"line":260,"column":0},"end":{"line":260,"column":126}},"260":{"start":{"line":261,"column":0},"end":{"line":261,"column":5}},"261":{"start":{"line":262,"column":0},"end":{"line":262,"column":67}},"262":{"start":{"line":263,"column":0},"end":{"line":263,"column":30}},"263":{"start":{"line":264,"column":0},"end":{"line":264,"column":19}},"264":{"start":{"line":265,"column":0},"end":{"line":265,"column":124}},"265":{"start":{"line":266,"column":0},"end":{"line":266,"column":3}},"267":{"start":{"line":268,"column":0},"end":{"line":268,"column":18}},"271":{"start":{"line":272,"column":0},"end":{"line":272,"column":27}},"272":{"start":{"line":273,"column":0},"end":{"line":273,"column":37}},"274":{"start":{"line":275,"column":0},"end":{"line":275,"column":44}},"275":{"start":{"line":276,"column":0},"end":{"line":276,"column":38}},"278":{"start":{"line":279,"column":0},"end":{"line":279,"column":31}},"279":{"start":{"line":280,"column":0},"end":{"line":280,"column":34}},"280":{"start":{"line":281,"column":0},"end":{"line":281,"column":36}},"281":{"start":{"line":282,"column":0},"end":{"line":282,"column":114}},"282":{"start":{"line":283,"column":0},"end":{"line":283,"column":80}},"283":{"start":{"line":284,"column":0},"end":{"line":284,"column":75}},"284":{"start":{"line":285,"column":0},"end":{"line":285,"column":5}},"285":{"start":{"line":286,"column":0},"end":{"line":286,"column":34}},"286":{"start":{"line":287,"column":0},"end":{"line":287,"column":24}},"288":{"start":{"line":289,"column":0},"end":{"line":289,"column":36}},"289":{"start":{"line":290,"column":0},"end":{"line":290,"column":82}},"290":{"start":{"line":291,"column":0},"end":{"line":291,"column":18}},"291":{"start":{"line":292,"column":0},"end":{"line":292,"column":31}},"293":{"start":{"line":294,"column":0},"end":{"line":294,"column":32}},"294":{"start":{"line":295,"column":0},"end":{"line":295,"column":27}},"297":{"start":{"line":298,"column":0},"end":{"line":298,"column":24}},"298":{"start":{"line":299,"column":0},"end":{"line":299,"column":87}},"299":{"start":{"line":300,"column":0},"end":{"line":300,"column":33}},"300":{"start":{"line":301,"column":0},"end":{"line":301,"column":51}},"301":{"start":{"line":302,"column":0},"end":{"line":302,"column":28}},"302":{"start":{"line":303,"column":0},"end":{"line":303,"column":7}},"303":{"start":{"line":304,"column":0},"end":{"line":304,"column":27}},"304":{"start":{"line":305,"column":0},"end":{"line":305,"column":92}},"305":{"start":{"line":306,"column":0},"end":{"line":306,"column":68}},"306":{"start":{"line":307,"column":0},"end":{"line":307,"column":74}},"307":{"start":{"line":308,"column":0},"end":{"line":308,"column":26}},"308":{"start":{"line":309,"column":0},"end":{"line":309,"column":89}},"309":{"start":{"line":310,"column":0},"end":{"line":310,"column":23}},"310":{"start":{"line":311,"column":0},"end":{"line":311,"column":20}},"311":{"start":{"line":312,"column":0},"end":{"line":312,"column":7}},"312":{"start":{"line":313,"column":0},"end":{"line":313,"column":37}},"313":{"start":{"line":314,"column":0},"end":{"line":314,"column":25}},"314":{"start":{"line":315,"column":0},"end":{"line":315,"column":23}},"315":{"start":{"line":316,"column":0},"end":{"line":316,"column":76}},"316":{"start":{"line":317,"column":0},"end":{"line":317,"column":39}},"317":{"start":{"line":318,"column":0},"end":{"line":318,"column":24}},"318":{"start":{"line":319,"column":0},"end":{"line":319,"column":42}},"319":{"start":{"line":320,"column":0},"end":{"line":320,"column":65}},"320":{"start":{"line":321,"column":0},"end":{"line":321,"column":75}},"321":{"start":{"line":322,"column":0},"end":{"line":322,"column":26}},"322":{"start":{"line":323,"column":0},"end":{"line":323,"column":9}},"323":{"start":{"line":324,"column":0},"end":{"line":324,"column":38}},"324":{"start":{"line":325,"column":0},"end":{"line":325,"column":26}},"325":{"start":{"line":326,"column":0},"end":{"line":326,"column":7}},"326":{"start":{"line":327,"column":0},"end":{"line":327,"column":44}},"327":{"start":{"line":328,"column":0},"end":{"line":328,"column":13}},"328":{"start":{"line":329,"column":0},"end":{"line":329,"column":5}},"331":{"start":{"line":332,"column":0},"end":{"line":332,"column":30}},"332":{"start":{"line":333,"column":0},"end":{"line":333,"column":41}},"333":{"start":{"line":334,"column":0},"end":{"line":334,"column":105}},"335":{"start":{"line":336,"column":0},"end":{"line":336,"column":33}},"336":{"start":{"line":337,"column":0},"end":{"line":337,"column":51}},"337":{"start":{"line":338,"column":0},"end":{"line":338,"column":28}},"338":{"start":{"line":339,"column":0},"end":{"line":339,"column":7}},"340":{"start":{"line":341,"column":0},"end":{"line":341,"column":27}},"342":{"start":{"line":343,"column":0},"end":{"line":343,"column":33}},"343":{"start":{"line":344,"column":0},"end":{"line":344,"column":93}},"345":{"start":{"line":346,"column":0},"end":{"line":346,"column":92}},"347":{"start":{"line":348,"column":0},"end":{"line":348,"column":87}},"348":{"start":{"line":349,"column":0},"end":{"line":349,"column":50}},"350":{"start":{"line":351,"column":0},"end":{"line":351,"column":49}},"351":{"start":{"line":352,"column":0},"end":{"line":352,"column":78}},"352":{"start":{"line":353,"column":0},"end":{"line":353,"column":32}},"353":{"start":{"line":354,"column":0},"end":{"line":354,"column":44}},"355":{"start":{"line":356,"column":0},"end":{"line":356,"column":61}},"356":{"start":{"line":357,"column":0},"end":{"line":357,"column":96}},"357":{"start":{"line":358,"column":0},"end":{"line":358,"column":38}},"358":{"start":{"line":359,"column":0},"end":{"line":359,"column":50}},"360":{"start":{"line":361,"column":0},"end":{"line":361,"column":74}},"361":{"start":{"line":362,"column":0},"end":{"line":362,"column":71}},"363":{"start":{"line":364,"column":0},"end":{"line":364,"column":20}},"364":{"start":{"line":365,"column":0},"end":{"line":365,"column":28}},"365":{"start":{"line":366,"column":0},"end":{"line":366,"column":94}},"366":{"start":{"line":367,"column":0},"end":{"line":367,"column":7}},"367":{"start":{"line":368,"column":0},"end":{"line":368,"column":41}},"368":{"start":{"line":369,"column":0},"end":{"line":369,"column":7}},"371":{"start":{"line":372,"column":0},"end":{"line":372,"column":20}},"372":{"start":{"line":373,"column":0},"end":{"line":373,"column":92}},"373":{"start":{"line":374,"column":0},"end":{"line":374,"column":36}},"374":{"start":{"line":375,"column":0},"end":{"line":375,"column":34}},"375":{"start":{"line":376,"column":0},"end":{"line":376,"column":54}},"376":{"start":{"line":377,"column":0},"end":{"line":377,"column":32}},"377":{"start":{"line":378,"column":0},"end":{"line":378,"column":50}},"378":{"start":{"line":379,"column":0},"end":{"line":379,"column":9}},"379":{"start":{"line":380,"column":0},"end":{"line":380,"column":7}},"380":{"start":{"line":381,"column":0},"end":{"line":381,"column":5}},"383":{"start":{"line":384,"column":0},"end":{"line":384,"column":87}},"384":{"start":{"line":385,"column":0},"end":{"line":385,"column":21}},"385":{"start":{"line":386,"column":0},"end":{"line":386,"column":18}},"386":{"start":{"line":387,"column":0},"end":{"line":387,"column":5}},"388":{"start":{"line":389,"column":0},"end":{"line":389,"column":36}},"389":{"start":{"line":390,"column":0},"end":{"line":390,"column":23}},"390":{"start":{"line":391,"column":0},"end":{"line":391,"column":21}},"393":{"start":{"line":394,"column":0},"end":{"line":394,"column":74}},"394":{"start":{"line":395,"column":0},"end":{"line":395,"column":37}},"395":{"start":{"line":396,"column":0},"end":{"line":396,"column":22}},"396":{"start":{"line":397,"column":0},"end":{"line":397,"column":40}},"397":{"start":{"line":398,"column":0},"end":{"line":398,"column":27}},"398":{"start":{"line":399,"column":0},"end":{"line":399,"column":30}},"399":{"start":{"line":400,"column":0},"end":{"line":400,"column":30}},"400":{"start":{"line":401,"column":0},"end":{"line":401,"column":33}},"401":{"start":{"line":402,"column":0},"end":{"line":402,"column":23}},"402":{"start":{"line":403,"column":0},"end":{"line":403,"column":24}},"403":{"start":{"line":404,"column":0},"end":{"line":404,"column":7}},"404":{"start":{"line":405,"column":0},"end":{"line":405,"column":39}},"405":{"start":{"line":406,"column":0},"end":{"line":406,"column":24}},"406":{"start":{"line":407,"column":0},"end":{"line":407,"column":5}},"408":{"start":{"line":409,"column":0},"end":{"line":409,"column":42}},"409":{"start":{"line":410,"column":0},"end":{"line":410,"column":3}},"413":{"start":{"line":414,"column":0},"end":{"line":414,"column":44}},"414":{"start":{"line":415,"column":0},"end":{"line":415,"column":18}},"415":{"start":{"line":416,"column":0},"end":{"line":416,"column":30}},"416":{"start":{"line":417,"column":0},"end":{"line":417,"column":37}},"417":{"start":{"line":418,"column":0},"end":{"line":418,"column":72}},"418":{"start":{"line":419,"column":0},"end":{"line":419,"column":41}},"419":{"start":{"line":420,"column":0},"end":{"line":420,"column":9}},"420":{"start":{"line":421,"column":0},"end":{"line":421,"column":6}},"421":{"start":{"line":422,"column":0},"end":{"line":422,"column":53}},"422":{"start":{"line":423,"column":0},"end":{"line":423,"column":4}},"426":{"start":{"line":427,"column":0},"end":{"line":427,"column":49}},"427":{"start":{"line":428,"column":0},"end":{"line":428,"column":29}},"428":{"start":{"line":429,"column":0},"end":{"line":429,"column":30}},"429":{"start":{"line":430,"column":0},"end":{"line":430,"column":36}},"430":{"start":{"line":431,"column":0},"end":{"line":431,"column":32}},"431":{"start":{"line":432,"column":0},"end":{"line":432,"column":42}},"432":{"start":{"line":433,"column":0},"end":{"line":433,"column":51}},"433":{"start":{"line":434,"column":0},"end":{"line":434,"column":9}},"434":{"start":{"line":435,"column":0},"end":{"line":435,"column":22}},"435":{"start":{"line":436,"column":0},"end":{"line":436,"column":12}},"436":{"start":{"line":437,"column":0},"end":{"line":437,"column":3}},"438":{"start":{"line":439,"column":0},"end":{"line":439,"column":46}},"439":{"start":{"line":440,"column":0},"end":{"line":440,"column":57}},"441":{"start":{"line":442,"column":0},"end":{"line":442,"column":70}},"442":{"start":{"line":443,"column":0},"end":{"line":443,"column":35}},"446":{"start":{"line":447,"column":0},"end":{"line":447,"column":10}},"447":{"start":{"line":448,"column":0},"end":{"line":448,"column":15}},"448":{"start":{"line":449,"column":0},"end":{"line":449,"column":34}},"449":{"start":{"line":450,"column":0},"end":{"line":450,"column":32}},"450":{"start":{"line":451,"column":0},"end":{"line":451,"column":28}},"451":{"start":{"line":452,"column":0},"end":{"line":452,"column":53}},"452":{"start":{"line":453,"column":0},"end":{"line":453,"column":64}},"453":{"start":{"line":454,"column":0},"end":{"line":454,"column":32}},"454":{"start":{"line":455,"column":0},"end":{"line":455,"column":29}},"455":{"start":{"line":456,"column":0},"end":{"line":456,"column":6}},"457":{"start":{"line":458,"column":0},"end":{"line":458,"column":14}},"458":{"start":{"line":459,"column":0},"end":{"line":459,"column":24}},"459":{"start":{"line":460,"column":0},"end":{"line":460,"column":24}},"460":{"start":{"line":461,"column":0},"end":{"line":461,"column":25}},"461":{"start":{"line":462,"column":0},"end":{"line":462,"column":27}},"462":{"start":{"line":463,"column":0},"end":{"line":463,"column":27}},"463":{"start":{"line":464,"column":0},"end":{"line":464,"column":23}},"464":{"start":{"line":465,"column":0},"end":{"line":465,"column":27}},"465":{"start":{"line":466,"column":0},"end":{"line":466,"column":29}},"466":{"start":{"line":467,"column":0},"end":{"line":467,"column":32}},"467":{"start":{"line":468,"column":0},"end":{"line":468,"column":19}},"468":{"start":{"line":469,"column":0},"end":{"line":469,"column":6}},"470":{"start":{"line":471,"column":0},"end":{"line":471,"column":13}},"471":{"start":{"line":472,"column":0},"end":{"line":472,"column":20}},"472":{"start":{"line":473,"column":0},"end":{"line":473,"column":34}},"473":{"start":{"line":474,"column":0},"end":{"line":474,"column":6}},"475":{"start":{"line":476,"column":0},"end":{"line":476,"column":14}},"476":{"start":{"line":477,"column":0},"end":{"line":477,"column":26}},"477":{"start":{"line":478,"column":0},"end":{"line":478,"column":21}},"478":{"start":{"line":479,"column":0},"end":{"line":479,"column":59}},"479":{"start":{"line":480,"column":0},"end":{"line":480,"column":6}},"481":{"start":{"line":482,"column":0},"end":{"line":482,"column":28}},"482":{"start":{"line":483,"column":0},"end":{"line":483,"column":51}},"483":{"start":{"line":484,"column":0},"end":{"line":484,"column":23}},"484":{"start":{"line":485,"column":0},"end":{"line":485,"column":23}},"485":{"start":{"line":486,"column":0},"end":{"line":486,"column":26}},"486":{"start":{"line":487,"column":0},"end":{"line":487,"column":34}},"487":{"start":{"line":488,"column":0},"end":{"line":488,"column":31}},"488":{"start":{"line":489,"column":0},"end":{"line":489,"column":6}},"490":{"start":{"line":491,"column":0},"end":{"line":491,"column":19}},"491":{"start":{"line":492,"column":0},"end":{"line":492,"column":26}},"492":{"start":{"line":493,"column":0},"end":{"line":493,"column":6}},"493":{"start":{"line":494,"column":0},"end":{"line":494,"column":4}},"494":{"start":{"line":495,"column":0},"end":{"line":495,"column":1}}},"s":{"0":1,"3":2,"4":2,"5":2,"7":141,"8":141,"9":141,"10":141,"11":140,"12":141,"14":0,"15":0,"16":0,"17":0,"18":0,"19":0,"20":0,"21":0,"22":0,"23":0,"24":0,"25":0,"26":0,"27":0,"28":0,"29":0,"32":3,"33":3,"34":3,"35":3,"36":6,"37":6,"38":6,"39":3,"40":3,"42":1,"43":153,"44":153,"45":153,"46":153,"47":1,"48":1,"50":152,"52":152,"53":152,"54":152,"55":152,"56":152,"57":152,"58":152,"59":152,"60":152,"61":152,"62":152,"63":152,"64":152,"65":152,"66":152,"67":152,"68":152,"69":152,"70":152,"71":152,"72":152,"73":152,"74":152,"75":152,"76":152,"77":152,"78":152,"79":152,"80":152,"82":152,"83":153,"85":153,"86":153,"87":153,"89":153,"90":153,"91":1,"92":151,"94":153,"95":153,"96":153,"97":153,"98":153,"99":153,"103":153,"104":23,"105":23,"106":23,"107":23,"108":23,"109":23,"110":23,"111":23,"112":23,"115":153,"116":12,"117":140,"118":153,"119":153,"121":153,"122":153,"123":153,"124":153,"125":153,"126":153,"127":153,"128":153,"129":153,"130":153,"131":153,"132":153,"133":153,"134":153,"137":153,"138":153,"142":153,"143":235,"144":235,"145":235,"147":153,"148":188,"149":188,"150":188,"152":153,"153":188,"154":188,"155":188,"156":4,"157":4,"158":4,"159":4,"160":188,"161":184,"162":184,"163":184,"164":184,"165":188,"166":188,"167":188,"168":188,"169":0,"170":0,"171":0,"172":188,"176":153,"177":23,"178":23,"179":6,"180":6,"181":6,"182":6,"183":17,"184":17,"185":17,"187":17,"189":17,"190":11,"192":17,"193":17,"194":15,"195":15,"197":17,"198":17,"199":15,"200":15,"202":17,"203":3,"204":3,"205":17,"206":23,"208":153,"209":10,"210":10,"211":0,"212":0,"213":0,"214":10,"215":10,"216":10,"217":10,"218":10,"219":10,"220":10,"221":10,"222":10,"223":10,"224":10,"225":10,"229":153,"230":141,"231":141,"232":141,"233":141,"234":0,"236":141,"237":4,"238":4,"239":4,"240":4,"241":4,"242":4,"243":4,"244":141,"245":137,"246":137,"247":137,"248":131,"249":137,"250":137,"251":137,"252":137,"253":153,"255":153,"256":12,"257":1,"258":1,"259":1,"260":1,"261":11,"262":153,"263":4,"264":4,"265":4,"267":147,"271":147,"272":47,"274":47,"275":47,"278":47,"279":47,"280":2,"281":2,"282":2,"283":2,"284":2,"285":47,"286":47,"288":47,"289":3,"290":44,"291":47,"293":47,"294":47,"297":47,"298":4,"299":4,"300":0,"301":0,"302":0,"303":4,"304":4,"305":4,"306":4,"307":4,"308":4,"309":4,"310":4,"311":4,"312":4,"313":2,"314":2,"315":2,"316":2,"317":1,"318":1,"319":1,"320":1,"321":1,"322":1,"323":2,"324":2,"325":2,"326":4,"327":4,"328":4,"331":43,"332":44,"333":44,"335":44,"336":10,"337":10,"338":10,"340":44,"342":44,"343":44,"345":44,"347":44,"348":44,"350":44,"351":44,"352":44,"353":44,"355":44,"356":44,"357":44,"358":44,"360":44,"361":44,"363":44,"364":43,"365":43,"366":43,"367":44,"368":43,"371":47,"372":6,"373":6,"374":6,"375":6,"376":4,"377":4,"378":4,"379":6,"380":6,"383":47,"384":39,"385":39,"386":39,"388":47,"389":19,"390":19,"393":19,"394":19,"395":3,"396":3,"397":3,"398":3,"399":3,"400":3,"401":3,"402":3,"403":3,"404":47,"405":20,"406":20,"408":43,"409":47,"413":147,"414":147,"415":53,"416":53,"417":53,"418":9,"419":53,"420":53,"421":153,"422":153,"426":153,"427":153,"428":41,"429":41,"430":41,"431":30,"432":30,"433":41,"434":41,"435":41,"436":41,"438":153,"439":153,"441":153,"442":145,"446":147,"447":147,"448":28,"449":28,"450":28,"451":28,"452":28,"453":28,"454":28,"455":28,"457":147,"458":7,"459":7,"460":7,"461":7,"462":7,"463":7,"464":7,"465":7,"466":7,"467":7,"468":7,"470":147,"471":25,"472":25,"473":25,"475":147,"476":6,"477":6,"478":6,"479":6,"481":147,"482":23,"483":23,"484":23,"485":23,"486":23,"487":23,"488":23,"490":147,"491":4,"492":4,"493":147,"494":147},"branchMap":{"0":{"type":"branch","line":4,"loc":{"start":{"line":4,"column":0},"end":{"line":6,"column":1}},"locations":[{"start":{"line":4,"column":0},"end":{"line":6,"column":1}}]},"1":{"type":"branch","line":8,"loc":{"start":{"line":8,"column":0},"end":{"line":13,"column":1}},"locations":[{"start":{"line":8,"column":0},"end":{"line":13,"column":1}}]},"2":{"type":"branch","line":11,"loc":{"start":{"line":11,"column":7},"end":{"line":11,"column":36}},"locations":[{"start":{"line":11,"column":7},"end":{"line":11,"column":36}}]},"3":{"type":"branch","line":11,"loc":{"start":{"line":11,"column":36},"end":{"line":11,"column":101}},"locations":[{"start":{"line":11,"column":36},"end":{"line":11,"column":101}}]},"4":{"type":"branch","line":11,"loc":{"start":{"line":11,"column":99},"end":{"line":12,"column":135}},"locations":[{"start":{"line":11,"column":99},"end":{"line":12,"column":135}}]},"5":{"type":"branch","line":12,"loc":{"start":{"line":12,"column":11},"end":{"line":12,"column":38}},"locations":[{"start":{"line":12,"column":11},"end":{"line":12,"column":38}}]},"6":{"type":"branch","line":12,"loc":{"start":{"line":12,"column":28},"end":{"line":12,"column":62}},"locations":[{"start":{"line":12,"column":28},"end":{"line":12,"column":62}}]},"7":{"type":"branch","line":12,"loc":{"start":{"line":12,"column":62},"end":{"line":12,"column":135}},"locations":[{"start":{"line":12,"column":62},"end":{"line":12,"column":135}}]},"8":{"type":"branch","line":33,"loc":{"start":{"line":33,"column":0},"end":{"line":41,"column":1}},"locations":[{"start":{"line":33,"column":0},"end":{"line":41,"column":1}}]},"9":{"type":"branch","line":34,"loc":{"start":{"line":34,"column":65},"end":{"line":34,"column":74}},"locations":[{"start":{"line":34,"column":65},"end":{"line":34,"column":74}}]},"10":{"type":"branch","line":36,"loc":{"start":{"line":36,"column":62},"end":{"line":40,"column":3}},"locations":[{"start":{"line":36,"column":62},"end":{"line":40,"column":3}}]},"11":{"type":"branch","line":38,"loc":{"start":{"line":38,"column":31},"end":{"line":38,"column":38}},"locations":[{"start":{"line":38,"column":31},"end":{"line":38,"column":38}}]},"12":{"type":"branch","line":43,"loc":{"start":{"line":43,"column":7},"end":{"line":495,"column":1}},"locations":[{"start":{"line":43,"column":7},"end":{"line":495,"column":1}}]},"13":{"type":"branch","line":47,"loc":{"start":{"line":47,"column":37},"end":{"line":49,"column":3}},"locations":[{"start":{"line":47,"column":37},"end":{"line":49,"column":3}}]},"14":{"type":"branch","line":49,"loc":{"start":{"line":49,"column":2},"end":{"line":84,"column":20}},"locations":[{"start":{"line":49,"column":2},"end":{"line":84,"column":20}}]},"15":{"type":"branch","line":84,"loc":{"start":{"line":84,"column":13},"end":{"line":84,"column":30}},"locations":[{"start":{"line":84,"column":13},"end":{"line":84,"column":30}}]},"16":{"type":"branch","line":84,"loc":{"start":{"line":84,"column":20},"end":{"line":84,"column":71}},"locations":[{"start":{"line":84,"column":20},"end":{"line":84,"column":71}}]},"17":{"type":"branch","line":84,"loc":{"start":{"line":84,"column":46},"end":{"line":84,"column":64}},"locations":[{"start":{"line":84,"column":46},"end":{"line":84,"column":64}}]},"18":{"type":"branch","line":84,"loc":{"start":{"line":84,"column":57},"end":{"line":84,"column":71}},"locations":[{"start":{"line":84,"column":57},"end":{"line":84,"column":71}}]},"19":{"type":"branch","line":86,"loc":{"start":{"line":86,"column":40},"end":{"line":86,"column":63}},"locations":[{"start":{"line":86,"column":40},"end":{"line":86,"column":63}}]},"20":{"type":"branch","line":86,"loc":{"start":{"line":86,"column":53},"end":{"line":86,"column":98}},"locations":[{"start":{"line":86,"column":53},"end":{"line":86,"column":98}}]},"21":{"type":"branch","line":86,"loc":{"start":{"line":86,"column":77},"end":{"line":86,"column":98}},"locations":[{"start":{"line":86,"column":77},"end":{"line":86,"column":98}}]},"22":{"type":"branch","line":87,"loc":{"start":{"line":87,"column":43},"end":{"line":87,"column":64}},"locations":[{"start":{"line":87,"column":43},"end":{"line":87,"column":64}}]},"23":{"type":"branch","line":88,"loc":{"start":{"line":88,"column":43},"end":{"line":88,"column":64}},"locations":[{"start":{"line":88,"column":43},"end":{"line":88,"column":64}}]},"24":{"type":"branch","line":91,"loc":{"start":{"line":91,"column":31},"end":{"line":92,"column":47}},"locations":[{"start":{"line":91,"column":31},"end":{"line":92,"column":47}}]},"25":{"type":"branch","line":92,"loc":{"start":{"line":92,"column":46},"end":{"line":93,"column":34}},"locations":[{"start":{"line":92,"column":46},"end":{"line":93,"column":34}}]},"26":{"type":"branch","line":93,"loc":{"start":{"line":93,"column":9},"end":{"line":93,"column":34}},"locations":[{"start":{"line":93,"column":9},"end":{"line":93,"column":34}}]},"27":{"type":"branch","line":95,"loc":{"start":{"line":95,"column":52},"end":{"line":95,"column":75}},"locations":[{"start":{"line":95,"column":52},"end":{"line":95,"column":75}}]},"28":{"type":"branch","line":95,"loc":{"start":{"line":95,"column":70},"end":{"line":95,"column":80}},"locations":[{"start":{"line":95,"column":70},"end":{"line":95,"column":80}}]},"29":{"type":"branch","line":96,"loc":{"start":{"line":96,"column":52},"end":{"line":96,"column":76}},"locations":[{"start":{"line":96,"column":52},"end":{"line":96,"column":76}}]},"30":{"type":"branch","line":96,"loc":{"start":{"line":96,"column":70},"end":{"line":96,"column":132}},"locations":[{"start":{"line":96,"column":70},"end":{"line":96,"column":132}}]},"31":{"type":"branch","line":96,"loc":{"start":{"line":96,"column":100},"end":{"line":96,"column":126}},"locations":[{"start":{"line":96,"column":100},"end":{"line":96,"column":126}}]},"32":{"type":"branch","line":96,"loc":{"start":{"line":96,"column":111},"end":{"line":96,"column":132}},"locations":[{"start":{"line":96,"column":111},"end":{"line":96,"column":132}}]},"33":{"type":"branch","line":97,"loc":{"start":{"line":97,"column":52},"end":{"line":97,"column":75}},"locations":[{"start":{"line":97,"column":52},"end":{"line":97,"column":75}}]},"34":{"type":"branch","line":97,"loc":{"start":{"line":97,"column":70},"end":{"line":97,"column":80}},"locations":[{"start":{"line":97,"column":70},"end":{"line":97,"column":80}}]},"35":{"type":"branch","line":98,"loc":{"start":{"line":98,"column":52},"end":{"line":98,"column":76}},"locations":[{"start":{"line":98,"column":52},"end":{"line":98,"column":76}}]},"36":{"type":"branch","line":98,"loc":{"start":{"line":98,"column":70},"end":{"line":98,"column":132}},"locations":[{"start":{"line":98,"column":70},"end":{"line":98,"column":132}}]},"37":{"type":"branch","line":98,"loc":{"start":{"line":98,"column":100},"end":{"line":98,"column":126}},"locations":[{"start":{"line":98,"column":100},"end":{"line":98,"column":126}}]},"38":{"type":"branch","line":98,"loc":{"start":{"line":98,"column":111},"end":{"line":98,"column":132}},"locations":[{"start":{"line":98,"column":111},"end":{"line":98,"column":132}}]},"39":{"type":"branch","line":99,"loc":{"start":{"line":99,"column":52},"end":{"line":99,"column":75}},"locations":[{"start":{"line":99,"column":52},"end":{"line":99,"column":75}}]},"40":{"type":"branch","line":99,"loc":{"start":{"line":99,"column":70},"end":{"line":99,"column":80}},"locations":[{"start":{"line":99,"column":70},"end":{"line":99,"column":80}}]},"41":{"type":"branch","line":100,"loc":{"start":{"line":100,"column":52},"end":{"line":100,"column":76}},"locations":[{"start":{"line":100,"column":52},"end":{"line":100,"column":76}}]},"42":{"type":"branch","line":100,"loc":{"start":{"line":100,"column":70},"end":{"line":100,"column":132}},"locations":[{"start":{"line":100,"column":70},"end":{"line":100,"column":132}}]},"43":{"type":"branch","line":100,"loc":{"start":{"line":100,"column":100},"end":{"line":100,"column":126}},"locations":[{"start":{"line":100,"column":100},"end":{"line":100,"column":126}}]},"44":{"type":"branch","line":100,"loc":{"start":{"line":100,"column":111},"end":{"line":100,"column":132}},"locations":[{"start":{"line":100,"column":111},"end":{"line":100,"column":132}}]},"45":{"type":"branch","line":116,"loc":{"start":{"line":116,"column":30},"end":{"line":117,"column":8}},"locations":[{"start":{"line":116,"column":30},"end":{"line":117,"column":8}}]},"46":{"type":"branch","line":117,"loc":{"start":{"line":117,"column":7},"end":{"line":118,"column":67}},"locations":[{"start":{"line":117,"column":7},"end":{"line":118,"column":67}}]},"47":{"type":"branch","line":256,"loc":{"start":{"line":256,"column":21},"end":{"line":263,"column":13}},"locations":[{"start":{"line":256,"column":21},"end":{"line":263,"column":13}}]},"48":{"type":"branch","line":257,"loc":{"start":{"line":257,"column":24},"end":{"line":261,"column":5}},"locations":[{"start":{"line":257,"column":24},"end":{"line":261,"column":5}}]},"49":{"type":"branch","line":261,"loc":{"start":{"line":261,"column":4},"end":{"line":263,"column":13}},"locations":[{"start":{"line":261,"column":4},"end":{"line":263,"column":13}}]},"50":{"type":"branch","line":263,"loc":{"start":{"line":263,"column":2},"end":{"line":422,"column":30}},"locations":[{"start":{"line":263,"column":2},"end":{"line":422,"column":30}}]},"51":{"type":"branch","line":263,"loc":{"start":{"line":263,"column":2},"end":{"line":266,"column":3}},"locations":[{"start":{"line":263,"column":2},"end":{"line":266,"column":3}}]},"52":{"type":"branch","line":263,"loc":{"start":{"line":263,"column":29},"end":{"line":266,"column":3}},"locations":[{"start":{"line":263,"column":29},"end":{"line":266,"column":3}}]},"53":{"type":"branch","line":264,"loc":{"start":{"line":264,"column":4},"end":{"line":264,"column":19}},"locations":[{"start":{"line":264,"column":4},"end":{"line":264,"column":19}}]},"54":{"type":"branch","line":266,"loc":{"start":{"line":266,"column":2},"end":{"line":422,"column":24}},"locations":[{"start":{"line":266,"column":2},"end":{"line":422,"column":24}}]},"55":{"type":"branch","line":422,"loc":{"start":{"line":422,"column":12},"end":{"line":422,"column":30}},"locations":[{"start":{"line":422,"column":12},"end":{"line":422,"column":30}}]},"56":{"type":"branch","line":442,"loc":{"start":{"line":442,"column":17},"end":{"line":442,"column":70}},"locations":[{"start":{"line":442,"column":17},"end":{"line":442,"column":70}}]},"57":{"type":"branch","line":442,"loc":{"start":{"line":442,"column":68},"end":{"line":495,"column":1}},"locations":[{"start":{"line":442,"column":68},"end":{"line":495,"column":1}}]},"58":{"type":"branch","line":442,"loc":{"start":{"line":442,"column":68},"end":{"line":443,"column":35}},"locations":[{"start":{"line":442,"column":68},"end":{"line":443,"column":35}}]},"59":{"type":"branch","line":443,"loc":{"start":{"line":443,"column":33},"end":{"line":495,"column":1}},"locations":[{"start":{"line":443,"column":33},"end":{"line":495,"column":1}}]},"60":{"type":"branch","line":48,"loc":{"start":{"line":48,"column":22},"end":{"line":48,"column":32}},"locations":[{"start":{"line":48,"column":22},"end":{"line":48,"column":32}}]},"61":{"type":"branch","line":48,"loc":{"start":{"line":48,"column":40},"end":{"line":48,"column":50}},"locations":[{"start":{"line":48,"column":40},"end":{"line":48,"column":50}}]},"62":{"type":"branch","line":48,"loc":{"start":{"line":48,"column":57},"end":{"line":48,"column":67}},"locations":[{"start":{"line":48,"column":57},"end":{"line":48,"column":67}}]},"63":{"type":"branch","line":48,"loc":{"start":{"line":48,"column":75},"end":{"line":48,"column":85}},"locations":[{"start":{"line":48,"column":75},"end":{"line":48,"column":85}}]},"64":{"type":"branch","line":48,"loc":{"start":{"line":48,"column":91},"end":{"line":48,"column":101}},"locations":[{"start":{"line":48,"column":91},"end":{"line":48,"column":101}}]},"65":{"type":"branch","line":48,"loc":{"start":{"line":48,"column":114},"end":{"line":48,"column":122}},"locations":[{"start":{"line":48,"column":114},"end":{"line":48,"column":122}}]},"66":{"type":"branch","line":104,"loc":{"start":{"line":104,"column":2},"end":{"line":113,"column":3}},"locations":[{"start":{"line":104,"column":2},"end":{"line":113,"column":3}}]},"67":{"type":"branch","line":107,"loc":{"start":{"line":107,"column":6},"end":{"line":107,"column":55}},"locations":[{"start":{"line":107,"column":6},"end":{"line":107,"column":55}}]},"68":{"type":"branch","line":108,"loc":{"start":{"line":108,"column":6},"end":{"line":108,"column":55}},"locations":[{"start":{"line":108,"column":6},"end":{"line":108,"column":55}}]},"69":{"type":"branch","line":109,"loc":{"start":{"line":109,"column":6},"end":{"line":109,"column":55}},"locations":[{"start":{"line":109,"column":6},"end":{"line":109,"column":55}}]},"70":{"type":"branch","line":110,"loc":{"start":{"line":110,"column":6},"end":{"line":110,"column":65}},"locations":[{"start":{"line":110,"column":6},"end":{"line":110,"column":65}}]},"71":{"type":"branch","line":111,"loc":{"start":{"line":111,"column":6},"end":{"line":111,"column":66}},"locations":[{"start":{"line":111,"column":6},"end":{"line":111,"column":66}}]},"72":{"type":"branch","line":143,"loc":{"start":{"line":143,"column":2},"end":{"line":146,"column":3}},"locations":[{"start":{"line":143,"column":2},"end":{"line":146,"column":3}}]},"73":{"type":"branch","line":144,"loc":{"start":{"line":144,"column":18},"end":{"line":144,"column":81}},"locations":[{"start":{"line":144,"column":18},"end":{"line":144,"column":81}}]},"74":{"type":"branch","line":144,"loc":{"start":{"line":144,"column":34},"end":{"line":144,"column":62}},"locations":[{"start":{"line":144,"column":34},"end":{"line":144,"column":62}}]},"75":{"type":"branch","line":144,"loc":{"start":{"line":144,"column":71},"end":{"line":145,"column":26}},"locations":[{"start":{"line":144,"column":71},"end":{"line":145,"column":26}}]},"76":{"type":"branch","line":145,"loc":{"start":{"line":145,"column":20},"end":{"line":145,"column":43}},"locations":[{"start":{"line":145,"column":20},"end":{"line":145,"column":43}}]},"77":{"type":"branch","line":145,"loc":{"start":{"line":145,"column":33},"end":{"line":145,"column":58}},"locations":[{"start":{"line":145,"column":33},"end":{"line":145,"column":58}}]},"78":{"type":"branch","line":148,"loc":{"start":{"line":148,"column":2},"end":{"line":151,"column":3}},"locations":[{"start":{"line":148,"column":2},"end":{"line":151,"column":3}}]},"79":{"type":"branch","line":149,"loc":{"start":{"line":149,"column":18},"end":{"line":149,"column":85}},"locations":[{"start":{"line":149,"column":18},"end":{"line":149,"column":85}}]},"80":{"type":"branch","line":149,"loc":{"start":{"line":149,"column":34},"end":{"line":149,"column":63}},"locations":[{"start":{"line":149,"column":34},"end":{"line":149,"column":63}}]},"81":{"type":"branch","line":149,"loc":{"start":{"line":149,"column":72},"end":{"line":150,"column":26}},"locations":[{"start":{"line":149,"column":72},"end":{"line":150,"column":26}}]},"82":{"type":"branch","line":150,"loc":{"start":{"line":150,"column":20},"end":{"line":150,"column":46}},"locations":[{"start":{"line":150,"column":20},"end":{"line":150,"column":46}}]},"83":{"type":"branch","line":150,"loc":{"start":{"line":150,"column":33},"end":{"line":150,"column":65}},"locations":[{"start":{"line":150,"column":33},"end":{"line":150,"column":65}}]},"84":{"type":"branch","line":153,"loc":{"start":{"line":153,"column":2},"end":{"line":173,"column":3}},"locations":[{"start":{"line":153,"column":2},"end":{"line":173,"column":3}}]},"85":{"type":"branch","line":156,"loc":{"start":{"line":156,"column":18},"end":{"line":161,"column":11}},"locations":[{"start":{"line":156,"column":18},"end":{"line":161,"column":11}}]},"86":{"type":"branch","line":158,"loc":{"start":{"line":158,"column":24},"end":{"line":158,"column":74}},"locations":[{"start":{"line":158,"column":24},"end":{"line":158,"column":74}}]},"87":{"type":"branch","line":159,"loc":{"start":{"line":159,"column":24},"end":{"line":159,"column":43}},"locations":[{"start":{"line":159,"column":24},"end":{"line":159,"column":43}}]},"88":{"type":"branch","line":161,"loc":{"start":{"line":161,"column":4},"end":{"line":165,"column":5}},"locations":[{"start":{"line":161,"column":4},"end":{"line":165,"column":5}}]},"89":{"type":"branch","line":162,"loc":{"start":{"line":162,"column":24},"end":{"line":162,"column":42}},"locations":[{"start":{"line":162,"column":24},"end":{"line":162,"column":42}}]},"90":{"type":"branch","line":163,"loc":{"start":{"line":163,"column":24},"end":{"line":163,"column":43}},"locations":[{"start":{"line":163,"column":24},"end":{"line":163,"column":43}}]},"91":{"type":"branch","line":169,"loc":{"start":{"line":169,"column":8},"end":{"line":169,"column":56}},"locations":[{"start":{"line":169,"column":8},"end":{"line":169,"column":56}}]},"92":{"type":"branch","line":169,"loc":{"start":{"line":169,"column":56},"end":{"line":172,"column":5}},"locations":[{"start":{"line":169,"column":56},"end":{"line":172,"column":5}}]},"93":{"type":"branch","line":177,"loc":{"start":{"line":177,"column":2},"end":{"line":207,"column":3}},"locations":[{"start":{"line":177,"column":2},"end":{"line":207,"column":3}}]},"94":{"type":"branch","line":179,"loc":{"start":{"line":179,"column":23},"end":{"line":183,"column":5}},"locations":[{"start":{"line":179,"column":23},"end":{"line":183,"column":5}}]},"95":{"type":"branch","line":180,"loc":{"start":{"line":180,"column":24},"end":{"line":180,"column":48}},"locations":[{"start":{"line":180,"column":24},"end":{"line":180,"column":48}}]},"96":{"type":"branch","line":183,"loc":{"start":{"line":183,"column":4},"end":{"line":206,"column":7}},"locations":[{"start":{"line":183,"column":4},"end":{"line":206,"column":7}}]},"97":{"type":"branch","line":184,"loc":{"start":{"line":184,"column":18},"end":{"line":206,"column":5}},"locations":[{"start":{"line":184,"column":18},"end":{"line":206,"column":5}}]},"98":{"type":"branch","line":186,"loc":{"start":{"line":186,"column":16},"end":{"line":186,"column":54}},"locations":[{"start":{"line":186,"column":16},"end":{"line":186,"column":54}}]},"99":{"type":"branch","line":188,"loc":{"start":{"line":188,"column":16},"end":{"line":188,"column":83}},"locations":[{"start":{"line":188,"column":16},"end":{"line":188,"column":83}}]},"100":{"type":"branch","line":190,"loc":{"start":{"line":190,"column":10},"end":{"line":190,"column":32}},"locations":[{"start":{"line":190,"column":10},"end":{"line":190,"column":32}}]},"101":{"type":"branch","line":190,"loc":{"start":{"line":190,"column":32},"end":{"line":190,"column":87}},"locations":[{"start":{"line":190,"column":32},"end":{"line":190,"column":87}}]},"102":{"type":"branch","line":190,"loc":{"start":{"line":190,"column":85},"end":{"line":191,"column":50}},"locations":[{"start":{"line":190,"column":85},"end":{"line":191,"column":50}}]},"103":{"type":"branch","line":191,"loc":{"start":{"line":191,"column":24},"end":{"line":191,"column":50}},"locations":[{"start":{"line":191,"column":24},"end":{"line":191,"column":50}}]},"104":{"type":"branch","line":193,"loc":{"start":{"line":193,"column":24},"end":{"line":193,"column":49}},"locations":[{"start":{"line":193,"column":24},"end":{"line":193,"column":49}}]},"105":{"type":"branch","line":194,"loc":{"start":{"line":194,"column":8},"end":{"line":194,"column":78}},"locations":[{"start":{"line":194,"column":8},"end":{"line":194,"column":78}}]},"106":{"type":"branch","line":194,"loc":{"start":{"line":194,"column":75},"end":{"line":196,"column":44}},"locations":[{"start":{"line":194,"column":75},"end":{"line":196,"column":44}}]},"107":{"type":"branch","line":196,"loc":{"start":{"line":196,"column":8},"end":{"line":196,"column":44}},"locations":[{"start":{"line":196,"column":8},"end":{"line":196,"column":44}}]},"108":{"type":"branch","line":198,"loc":{"start":{"line":198,"column":30},"end":{"line":198,"column":61}},"locations":[{"start":{"line":198,"column":30},"end":{"line":198,"column":61}}]},"109":{"type":"branch","line":199,"loc":{"start":{"line":199,"column":8},"end":{"line":199,"column":96}},"locations":[{"start":{"line":199,"column":8},"end":{"line":199,"column":96}}]},"110":{"type":"branch","line":199,"loc":{"start":{"line":199,"column":93},"end":{"line":201,"column":50}},"locations":[{"start":{"line":199,"column":93},"end":{"line":201,"column":50}}]},"111":{"type":"branch","line":201,"loc":{"start":{"line":201,"column":8},"end":{"line":201,"column":50}},"locations":[{"start":{"line":201,"column":8},"end":{"line":201,"column":50}}]},"112":{"type":"branch","line":203,"loc":{"start":{"line":203,"column":10},"end":{"line":203,"column":60}},"locations":[{"start":{"line":203,"column":10},"end":{"line":203,"column":60}}]},"113":{"type":"branch","line":203,"loc":{"start":{"line":203,"column":50},"end":{"line":203,"column":75}},"locations":[{"start":{"line":203,"column":50},"end":{"line":203,"column":75}}]},"114":{"type":"branch","line":203,"loc":{"start":{"line":203,"column":75},"end":{"line":205,"column":7}},"locations":[{"start":{"line":203,"column":75},"end":{"line":205,"column":7}}]},"115":{"type":"branch","line":209,"loc":{"start":{"line":209,"column":2},"end":{"line":226,"column":3}},"locations":[{"start":{"line":209,"column":2},"end":{"line":226,"column":3}}]},"116":{"type":"branch","line":211,"loc":{"start":{"line":211,"column":23},"end":{"line":214,"column":5}},"locations":[{"start":{"line":211,"column":23},"end":{"line":214,"column":5}}]},"117":{"type":"branch","line":215,"loc":{"start":{"line":215,"column":18},"end":{"line":225,"column":5}},"locations":[{"start":{"line":215,"column":18},"end":{"line":225,"column":5}}]},"118":{"type":"branch","line":217,"loc":{"start":{"line":217,"column":48},"end":{"line":217,"column":66}},"locations":[{"start":{"line":217,"column":48},"end":{"line":217,"column":66}}]},"119":{"type":"branch","line":218,"loc":{"start":{"line":218,"column":16},"end":{"line":218,"column":71}},"locations":[{"start":{"line":218,"column":16},"end":{"line":218,"column":71}}]},"120":{"type":"branch","line":220,"loc":{"start":{"line":220,"column":21},"end":{"line":220,"column":49}},"locations":[{"start":{"line":220,"column":21},"end":{"line":220,"column":49}}]},"121":{"type":"branch","line":221,"loc":{"start":{"line":221,"column":30},"end":{"line":221,"column":68}},"locations":[{"start":{"line":221,"column":30},"end":{"line":221,"column":68}}]},"122":{"type":"branch","line":222,"loc":{"start":{"line":222,"column":36},"end":{"line":222,"column":80}},"locations":[{"start":{"line":222,"column":36},"end":{"line":222,"column":80}}]},"123":{"type":"branch","line":223,"loc":{"start":{"line":223,"column":10},"end":{"line":223,"column":60}},"locations":[{"start":{"line":223,"column":10},"end":{"line":223,"column":60}}]},"124":{"type":"branch","line":223,"loc":{"start":{"line":223,"column":50},"end":{"line":223,"column":74}},"locations":[{"start":{"line":223,"column":50},"end":{"line":223,"column":74}}]},"125":{"type":"branch","line":224,"loc":{"start":{"line":224,"column":8},"end":{"line":224,"column":44}},"locations":[{"start":{"line":224,"column":8},"end":{"line":224,"column":44}}]},"126":{"type":"branch","line":230,"loc":{"start":{"line":230,"column":16},"end":{"line":254,"column":3}},"locations":[{"start":{"line":230,"column":16},"end":{"line":254,"column":3}}]},"127":{"type":"branch","line":234,"loc":{"start":{"line":234,"column":80},"end":{"line":234,"column":87}},"locations":[{"start":{"line":234,"column":80},"end":{"line":234,"column":87}}]},"128":{"type":"branch","line":234,"loc":{"start":{"line":234,"column":87},"end":{"line":235,"column":29}},"locations":[{"start":{"line":234,"column":87},"end":{"line":235,"column":29}}]},"129":{"type":"branch","line":237,"loc":{"start":{"line":237,"column":24},"end":{"line":245,"column":11}},"locations":[{"start":{"line":237,"column":24},"end":{"line":245,"column":11}}]},"130":{"type":"branch","line":239,"loc":{"start":{"line":239,"column":48},"end":{"line":239,"column":71}},"locations":[{"start":{"line":239,"column":48},"end":{"line":239,"column":71}}]},"131":{"type":"branch","line":240,"loc":{"start":{"line":240,"column":16},"end":{"line":240,"column":39}},"locations":[{"start":{"line":240,"column":16},"end":{"line":240,"column":39}}]},"132":{"type":"branch","line":241,"loc":{"start":{"line":241,"column":19},"end":{"line":241,"column":45}},"locations":[{"start":{"line":241,"column":19},"end":{"line":241,"column":45}}]},"133":{"type":"branch","line":242,"loc":{"start":{"line":242,"column":28},"end":{"line":242,"column":64}},"locations":[{"start":{"line":242,"column":28},"end":{"line":242,"column":64}}]},"134":{"type":"branch","line":243,"loc":{"start":{"line":243,"column":34},"end":{"line":243,"column":76}},"locations":[{"start":{"line":243,"column":34},"end":{"line":243,"column":76}}]},"135":{"type":"branch","line":244,"loc":{"start":{"line":244,"column":10},"end":{"line":244,"column":58}},"locations":[{"start":{"line":244,"column":10},"end":{"line":244,"column":58}}]},"136":{"type":"branch","line":244,"loc":{"start":{"line":244,"column":58},"end":{"line":244,"column":88}},"locations":[{"start":{"line":244,"column":58},"end":{"line":244,"column":88}}]},"137":{"type":"branch","line":245,"loc":{"start":{"line":245,"column":4},"end":{"line":253,"column":5}},"locations":[{"start":{"line":245,"column":4},"end":{"line":253,"column":5}}]},"138":{"type":"branch","line":247,"loc":{"start":{"line":247,"column":48},"end":{"line":247,"column":66}},"locations":[{"start":{"line":247,"column":48},"end":{"line":247,"column":66}}]},"139":{"type":"branch","line":247,"loc":{"start":{"line":247,"column":60},"end":{"line":247,"column":75}},"locations":[{"start":{"line":247,"column":60},"end":{"line":247,"column":75}}]},"140":{"type":"branch","line":248,"loc":{"start":{"line":248,"column":16},"end":{"line":248,"column":71}},"locations":[{"start":{"line":248,"column":16},"end":{"line":248,"column":71}}]},"141":{"type":"branch","line":248,"loc":{"start":{"line":248,"column":49},"end":{"line":248,"column":67}},"locations":[{"start":{"line":248,"column":49},"end":{"line":248,"column":67}}]},"142":{"type":"branch","line":248,"loc":{"start":{"line":248,"column":67},"end":{"line":249,"column":33}},"locations":[{"start":{"line":248,"column":67},"end":{"line":249,"column":33}}]},"143":{"type":"branch","line":250,"loc":{"start":{"line":250,"column":21},"end":{"line":250,"column":49}},"locations":[{"start":{"line":250,"column":21},"end":{"line":250,"column":49}}]},"144":{"type":"branch","line":251,"loc":{"start":{"line":251,"column":30},"end":{"line":251,"column":68}},"locations":[{"start":{"line":251,"column":30},"end":{"line":251,"column":68}}]},"145":{"type":"branch","line":252,"loc":{"start":{"line":252,"column":36},"end":{"line":252,"column":80}},"locations":[{"start":{"line":252,"column":36},"end":{"line":252,"column":80}}]},"146":{"type":"branch","line":260,"loc":{"start":{"line":260,"column":24},"end":{"line":260,"column":34}},"locations":[{"start":{"line":260,"column":24},"end":{"line":260,"column":34}}]},"147":{"type":"branch","line":260,"loc":{"start":{"line":260,"column":42},"end":{"line":260,"column":52}},"locations":[{"start":{"line":260,"column":42},"end":{"line":260,"column":52}}]},"148":{"type":"branch","line":260,"loc":{"start":{"line":260,"column":59},"end":{"line":260,"column":69}},"locations":[{"start":{"line":260,"column":59},"end":{"line":260,"column":69}}]},"149":{"type":"branch","line":260,"loc":{"start":{"line":260,"column":77},"end":{"line":260,"column":87}},"locations":[{"start":{"line":260,"column":77},"end":{"line":260,"column":87}}]},"150":{"type":"branch","line":260,"loc":{"start":{"line":260,"column":93},"end":{"line":260,"column":103}},"locations":[{"start":{"line":260,"column":93},"end":{"line":260,"column":103}}]},"151":{"type":"branch","line":260,"loc":{"start":{"line":260,"column":116},"end":{"line":260,"column":124}},"locations":[{"start":{"line":260,"column":116},"end":{"line":260,"column":124}}]},"152":{"type":"branch","line":265,"loc":{"start":{"line":265,"column":22},"end":{"line":265,"column":32}},"locations":[{"start":{"line":265,"column":22},"end":{"line":265,"column":32}}]},"153":{"type":"branch","line":265,"loc":{"start":{"line":265,"column":40},"end":{"line":265,"column":50}},"locations":[{"start":{"line":265,"column":40},"end":{"line":265,"column":50}}]},"154":{"type":"branch","line":265,"loc":{"start":{"line":265,"column":57},"end":{"line":265,"column":67}},"locations":[{"start":{"line":265,"column":57},"end":{"line":265,"column":67}}]},"155":{"type":"branch","line":265,"loc":{"start":{"line":265,"column":75},"end":{"line":265,"column":85}},"locations":[{"start":{"line":265,"column":75},"end":{"line":265,"column":85}}]},"156":{"type":"branch","line":265,"loc":{"start":{"line":265,"column":91},"end":{"line":265,"column":101}},"locations":[{"start":{"line":265,"column":91},"end":{"line":265,"column":101}}]},"157":{"type":"branch","line":265,"loc":{"start":{"line":265,"column":114},"end":{"line":265,"column":122}},"locations":[{"start":{"line":265,"column":114},"end":{"line":265,"column":122}}]},"158":{"type":"branch","line":272,"loc":{"start":{"line":272,"column":2},"end":{"line":410,"column":3}},"locations":[{"start":{"line":272,"column":2},"end":{"line":410,"column":3}}]},"159":{"type":"branch","line":273,"loc":{"start":{"line":273,"column":30},"end":{"line":273,"column":37}},"locations":[{"start":{"line":273,"column":30},"end":{"line":273,"column":37}}]},"160":{"type":"branch","line":280,"loc":{"start":{"line":280,"column":33},"end":{"line":285,"column":5}},"locations":[{"start":{"line":280,"column":33},"end":{"line":285,"column":5}}]},"161":{"type":"branch","line":282,"loc":{"start":{"line":282,"column":73},"end":{"line":282,"column":103}},"locations":[{"start":{"line":282,"column":73},"end":{"line":282,"column":103}}]},"162":{"type":"branch","line":282,"loc":{"start":{"line":282,"column":107},"end":{"line":282,"column":114}},"locations":[{"start":{"line":282,"column":107},"end":{"line":282,"column":114}}]},"163":{"type":"branch","line":283,"loc":{"start":{"line":283,"column":51},"end":{"line":283,"column":78}},"locations":[{"start":{"line":283,"column":51},"end":{"line":283,"column":78}}]},"164":{"type":"branch","line":283,"loc":{"start":{"line":283,"column":62},"end":{"line":283,"column":80}},"locations":[{"start":{"line":283,"column":62},"end":{"line":283,"column":80}}]},"165":{"type":"branch","line":289,"loc":{"start":{"line":289,"column":25},"end":{"line":290,"column":82}},"locations":[{"start":{"line":289,"column":25},"end":{"line":290,"column":82}}]},"166":{"type":"branch","line":290,"loc":{"start":{"line":290,"column":24},"end":{"line":290,"column":60}},"locations":[{"start":{"line":290,"column":24},"end":{"line":290,"column":60}}]},"167":{"type":"branch","line":290,"loc":{"start":{"line":290,"column":47},"end":{"line":290,"column":72}},"locations":[{"start":{"line":290,"column":47},"end":{"line":290,"column":72}}]},"168":{"type":"branch","line":290,"loc":{"start":{"line":290,"column":60},"end":{"line":290,"column":82}},"locations":[{"start":{"line":290,"column":60},"end":{"line":290,"column":82}}]},"169":{"type":"branch","line":290,"loc":{"start":{"line":290,"column":72},"end":{"line":291,"column":18}},"locations":[{"start":{"line":290,"column":72},"end":{"line":291,"column":18}}]},"170":{"type":"branch","line":298,"loc":{"start":{"line":298,"column":23},"end":{"line":329,"column":5}},"locations":[{"start":{"line":298,"column":23},"end":{"line":329,"column":5}}]},"171":{"type":"branch","line":300,"loc":{"start":{"line":300,"column":10},"end":{"line":300,"column":32}},"locations":[{"start":{"line":300,"column":10},"end":{"line":300,"column":32}}]},"172":{"type":"branch","line":300,"loc":{"start":{"line":300,"column":32},"end":{"line":303,"column":7}},"locations":[{"start":{"line":300,"column":32},"end":{"line":303,"column":7}}]},"173":{"type":"branch","line":306,"loc":{"start":{"line":306,"column":38},"end":{"line":306,"column":62}},"locations":[{"start":{"line":306,"column":38},"end":{"line":306,"column":62}}]},"174":{"type":"branch","line":308,"loc":{"start":{"line":308,"column":6},"end":{"line":308,"column":26}},"locations":[{"start":{"line":308,"column":6},"end":{"line":308,"column":26}}]},"175":{"type":"branch","line":311,"loc":{"start":{"line":311,"column":8},"end":{"line":311,"column":20}},"locations":[{"start":{"line":311,"column":8},"end":{"line":311,"column":20}}]},"176":{"type":"branch","line":313,"loc":{"start":{"line":313,"column":19},"end":{"line":313,"column":36}},"locations":[{"start":{"line":313,"column":19},"end":{"line":313,"column":36}}]},"177":{"type":"branch","line":313,"loc":{"start":{"line":313,"column":36},"end":{"line":326,"column":7}},"locations":[{"start":{"line":313,"column":36},"end":{"line":326,"column":7}}]},"178":{"type":"branch","line":315,"loc":{"start":{"line":315,"column":8},"end":{"line":315,"column":23}},"locations":[{"start":{"line":315,"column":8},"end":{"line":315,"column":23}}]},"179":{"type":"branch","line":316,"loc":{"start":{"line":316,"column":38},"end":{"line":316,"column":63}},"locations":[{"start":{"line":316,"column":38},"end":{"line":316,"column":63}}]},"180":{"type":"branch","line":316,"loc":{"start":{"line":316,"column":63},"end":{"line":316,"column":76}},"locations":[{"start":{"line":316,"column":63},"end":{"line":316,"column":76}}]},"181":{"type":"branch","line":317,"loc":{"start":{"line":317,"column":38},"end":{"line":323,"column":9}},"locations":[{"start":{"line":317,"column":38},"end":{"line":323,"column":9}}]},"182":{"type":"branch","line":329,"loc":{"start":{"line":329,"column":4},"end":{"line":372,"column":19}},"locations":[{"start":{"line":329,"column":4},"end":{"line":372,"column":19}}]},"183":{"type":"branch","line":372,"loc":{"start":{"line":372,"column":19},"end":{"line":381,"column":5}},"locations":[{"start":{"line":372,"column":19},"end":{"line":381,"column":5}}]},"184":{"type":"branch","line":376,"loc":{"start":{"line":376,"column":24},"end":{"line":376,"column":53}},"locations":[{"start":{"line":376,"column":24},"end":{"line":376,"column":53}}]},"185":{"type":"branch","line":376,"loc":{"start":{"line":376,"column":53},"end":{"line":379,"column":9}},"locations":[{"start":{"line":376,"column":53},"end":{"line":379,"column":9}}]},"186":{"type":"branch","line":381,"loc":{"start":{"line":381,"column":4},"end":{"line":384,"column":20}},"locations":[{"start":{"line":381,"column":4},"end":{"line":384,"column":20}}]},"187":{"type":"branch","line":384,"loc":{"start":{"line":384,"column":9},"end":{"line":384,"column":86}},"locations":[{"start":{"line":384,"column":9},"end":{"line":384,"column":86}}]},"188":{"type":"branch","line":384,"loc":{"start":{"line":384,"column":86},"end":{"line":387,"column":5}},"locations":[{"start":{"line":384,"column":86},"end":{"line":387,"column":5}}]},"189":{"type":"branch","line":386,"loc":{"start":{"line":386,"column":6},"end":{"line":386,"column":18}},"locations":[{"start":{"line":386,"column":6},"end":{"line":386,"column":18}}]},"190":{"type":"branch","line":387,"loc":{"start":{"line":387,"column":4},"end":{"line":389,"column":23}},"locations":[{"start":{"line":387,"column":4},"end":{"line":389,"column":23}}]},"191":{"type":"branch","line":389,"loc":{"start":{"line":389,"column":8},"end":{"line":389,"column":35}},"locations":[{"start":{"line":389,"column":8},"end":{"line":389,"column":35}}]},"192":{"type":"branch","line":389,"loc":{"start":{"line":389,"column":35},"end":{"line":405,"column":15}},"locations":[{"start":{"line":389,"column":35},"end":{"line":405,"column":15}}]},"193":{"type":"branch","line":391,"loc":{"start":{"line":391,"column":6},"end":{"line":391,"column":21}},"locations":[{"start":{"line":391,"column":6},"end":{"line":391,"column":21}}]},"194":{"type":"branch","line":394,"loc":{"start":{"line":394,"column":36},"end":{"line":394,"column":61}},"locations":[{"start":{"line":394,"column":36},"end":{"line":394,"column":61}}]},"195":{"type":"branch","line":394,"loc":{"start":{"line":394,"column":49},"end":{"line":394,"column":74}},"locations":[{"start":{"line":394,"column":49},"end":{"line":394,"column":74}}]},"196":{"type":"branch","line":394,"loc":{"start":{"line":394,"column":61},"end":{"line":394,"column":74}},"locations":[{"start":{"line":394,"column":61},"end":{"line":394,"column":74}}]},"197":{"type":"branch","line":395,"loc":{"start":{"line":395,"column":36},"end":{"line":404,"column":7}},"locations":[{"start":{"line":395,"column":36},"end":{"line":404,"column":7}}]},"198":{"type":"branch","line":405,"loc":{"start":{"line":405,"column":4},"end":{"line":407,"column":5}},"locations":[{"start":{"line":405,"column":4},"end":{"line":407,"column":5}}]},"199":{"type":"branch","line":405,"loc":{"start":{"line":405,"column":16},"end":{"line":405,"column":38}},"locations":[{"start":{"line":405,"column":16},"end":{"line":405,"column":38}}]},"200":{"type":
[...]
end":{"line":117,"column":7}},"117":{"start":{"line":118,"column":0},"end":{"line":118,"column":3}},"119":{"start":{"line":120,"column":0},"end":{"line":120,"column":21}},"120":{"start":{"line":121,"column":0},"end":{"line":121,"column":37}},"121":{"start":{"line":122,"column":0},"end":{"line":122,"column":66}},"122":{"start":{"line":123,"column":0},"end":{"line":123,"column":82}},"123":{"start":{"line":124,"column":0},"end":{"line":124,"column":25}},"124":{"start":{"line":125,"column":0},"end":{"line":125,"column":28}},"125":{"start":{"line":126,"column":0},"end":{"line":126,"column":71}},"126":{"start":{"line":127,"column":0},"end":{"line":127,"column":57}},"127":{"start":{"line":128,"column":0},"end":{"line":128,"column":42}},"128":{"start":{"line":129,"column":0},"end":{"line":129,"column":3}},"130":{"start":{"line":131,"column":0},"end":{"line":131,"column":18}},"132":{"start":{"line":133,"column":0},"end":{"line":133,"column":44}},"133":{"start":{"line":134,"column":0},"end":{"line":134,"column":18}},"134":{"start":{"line":135,"column":0},"end":{"line":135,"column":30}},"135":{"start":{"line":136,"column":0},"end":{"line":136,"column":37}},"136":{"start":{"line":137,"column":0},"end":{"line":137,"column":72}},"137":{"start":{"line":138,"column":0},"end":{"line":138,"column":41}},"138":{"start":{"line":139,"column":0},"end":{"line":139,"column":9}},"139":{"start":{"line":140,"column":0},"end":{"line":140,"column":6}},"140":{"start":{"line":141,"column":0},"end":{"line":141,"column":21}},"141":{"start":{"line":142,"column":0},"end":{"line":142,"column":4}},"142":{"start":{"line":143,"column":0},"end":{"line":143,"column":30}},"144":{"start":{"line":145,"column":0},"end":{"line":145,"column":49}},"145":{"start":{"line":146,"column":0},"end":{"line":146,"column":23}},"146":{"start":{"line":147,"column":0},"end":{"line":147,"column":30}},"147":{"start":{"line":148,"column":0},"end":{"line":148,"column":36}},"148":{"start":{"line":149,"column":0},"end":{"line":149,"column":52}},"149":{"start":{"line":150,"column":0},"end":{"line":150,"column":37}},"150":{"start":{"line":151,"column":0},"end":{"line":151,"column":44}},"151":{"start":{"line":152,"column":0},"end":{"line":152,"column":53}},"152":{"start":{"line":153,"column":0},"end":{"line":153,"column":11}},"153":{"start":{"line":154,"column":0},"end":{"line":154,"column":9}},"154":{"start":{"line":155,"column":0},"end":{"line":155,"column":22}},"155":{"start":{"line":156,"column":0},"end":{"line":156,"column":12}},"156":{"start":{"line":157,"column":0},"end":{"line":157,"column":3}},"157":{"start":{"line":158,"column":0},"end":{"line":158,"column":46}},"158":{"start":{"line":159,"column":0},"end":{"line":159,"column":57}},"160":{"start":{"line":161,"column":0},"end":{"line":161,"column":10}},"161":{"start":{"line":162,"column":0},"end":{"line":162,"column":15}},"162":{"start":{"line":163,"column":0},"end":{"line":163,"column":34}},"163":{"start":{"line":164,"column":0},"end":{"line":164,"column":32}},"164":{"start":{"line":165,"column":0},"end":{"line":165,"column":28}},"165":{"start":{"line":166,"column":0},"end":{"line":166,"column":53}},"166":{"start":{"line":167,"column":0},"end":{"line":167,"column":64}},"167":{"start":{"line":168,"column":0},"end":{"line":168,"column":6}},"168":{"start":{"line":169,"column":0},"end":{"line":169,"column":14}},"169":{"start":{"line":170,"column":0},"end":{"line":170,"column":58}},"170":{"start":{"line":171,"column":0},"end":{"line":171,"column":58}},"171":{"start":{"line":172,"column":0},"end":{"line":172,"column":37}},"172":{"start":{"line":173,"column":0},"end":{"line":173,"column":54}},"173":{"start":{"line":174,"column":0},"end":{"line":174,"column":43}},"174":{"start":{"line":175,"column":0},"end":{"line":175,"column":11}},"175":{"start":{"line":176,"column":0},"end":{"line":176,"column":9}},"176":{"start":{"line":177,"column":0},"end":{"line":177,"column":82}},"177":{"start":{"line":178,"column":0},"end":{"line":178,"column":6}},"178":{"start":{"line":179,"column":0},"end":{"line":179,"column":62}},"179":{"start":{"line":180,"column":0},"end":{"line":180,"column":108}},"180":{"start":{"line":181,"column":0},"end":{"line":181,"column":21}},"181":{"start":{"line":182,"column":0},"end":{"line":182,"column":49}},"182":{"start":{"line":183,"column":0},"end":{"line":183,"column":34}},"183":{"start":{"line":184,"column":0},"end":{"line":184,"column":26}},"184":{"start":{"line":185,"column":0},"end":{"line":185,"column":34}},"185":{"start":{"line":186,"column":0},"end":{"line":186,"column":37}},"186":{"start":{"line":187,"column":0},"end":{"line":187,"column":6}},"187":{"start":{"line":188,"column":0},"end":{"line":188,"column":43}},"188":{"start":{"line":189,"column":0},"end":{"line":189,"column":4}},"189":{"start":{"line":190,"column":0},"end":{"line":190,"column":1}}},"s":{"0":1,"48":1,"49":20,"50":20,"51":20,"52":20,"53":20,"55":20,"56":20,"57":1,"58":1,"59":1,"60":18,"62":18,"63":18,"64":18,"65":18,"66":18,"67":18,"68":18,"69":18,"71":20,"72":20,"75":20,"76":20,"77":0,"78":20,"79":20,"80":20,"81":20,"82":20,"83":20,"84":20,"85":20,"86":20,"87":20,"89":20,"90":20,"91":20,"93":20,"94":20,"96":20,"97":18,"98":18,"99":18,"100":18,"101":18,"102":18,"103":18,"104":18,"106":20,"107":10,"108":10,"109":12,"110":12,"111":12,"112":12,"113":12,"114":12,"115":12,"116":10,"117":10,"119":20,"120":6,"121":6,"122":6,"123":6,"124":6,"125":6,"126":1,"127":6,"128":6,"130":20,"132":20,"133":20,"134":7,"135":7,"136":7,"137":1,"138":7,"139":7,"140":20,"141":20,"142":20,"144":20,"145":20,"146":0,"147":0,"148":0,"149":0,"150":0,"151":0,"152":0,"153":0,"154":0,"155":0,"156":0,"157":20,"158":20,"160":20,"161":20,"162":2,"163":2,"164":2,"165":2,"166":2,"167":2,"168":20,"169":1,"170":1,"171":1,"172":1,"173":1,"174":1,"175":1,"176":1,"177":1,"178":20,"179":20,"180":20,"181":4,"182":4,"183":4,"184":4,"185":4,"186":4,"187":20,"188":20,"189":20},"branchMap":{"0":{"type":"branch","line":49,"loc":{"start":{"line":49,"column":7},"end":{"line":190,"column":1}},"locations":[{"start":{"line":49,"column":7},"end":{"line":190,"column":1}}]},"1":{"type":"branch","line":54,"loc":{"start":{"line":54,"column":37},"end":{"line":54,"column":49}},"locations":[{"start":{"line":54,"column":37},"end":{"line":54,"column":49}}]},"2":{"type":"branch","line":54,"loc":{"start":{"line":54,"column":44},"end":{"line":56,"column":55}},"locations":[{"start":{"line":54,"column":44},"end":{"line":56,"column":55}}]},"3":{"type":"branch","line":56,"loc":{"start":{"line":56,"column":44},"end":{"line":56,"column":88}},"locations":[{"start":{"line":56,"column":44},"end":{"line":56,"column":88}}]},"4":{"type":"branch","line":56,"loc":{"start":{"line":56,"column":84},"end":{"line":56,"column":95}},"locations":[{"start":{"line":56,"column":84},"end":{"line":56,"column":95}}]},"5":{"type":"branch","line":57,"loc":{"start":{"line":57,"column":24},"end":{"line":60,"column":3}},"locations":[{"start":{"line":57,"column":24},"end":{"line":60,"column":3}}]},"6":{"type":"branch","line":60,"loc":{"start":{"line":60,"column":2},"end":{"line":72,"column":64}},"locations":[{"start":{"line":60,"column":2},"end":{"line":72,"column":64}}]},"7":{"type":"branch","line":73,"loc":{"start":{"line":73,"column":43},"end":{"line":73,"column":64}},"locations":[{"start":{"line":73,"column":43},"end":{"line":73,"column":64}}]},"8":{"type":"branch","line":53,"loc":{"start":{"line":53,"column":46},"end":{"line":53,"column":56}},"locations":[{"start":{"line":53,"column":46},"end":{"line":53,"column":56}}]},"9":{"type":"branch","line":53,"loc":{"start":{"line":53,"column":64},"end":{"line":53,"column":74}},"locations":[{"start":{"line":53,"column":64},"end":{"line":53,"column":74}}]},"10":{"type":"branch","line":53,"loc":{"start":{"line":53,"column":81},"end":{"line":53,"column":91}},"locations":[{"start":{"line":53,"column":81},"end":{"line":53,"column":91}}]},"11":{"type":"branch","line":53,"loc":{"start":{"line":53,"column":99},"end":{"line":53,"column":109}},"locations":[{"start":{"line":53,"column":99},"end":{"line":53,"column":109}}]},"12":{"type":"branch","line":53,"loc":{"start":{"line":53,"column":115},"end":{"line":53,"column":125}},"locations":[{"start":{"line":53,"column":115},"end":{"line":53,"column":125}}]},"13":{"type":"branch","line":53,"loc":{"start":{"line":53,"column":138},"end":{"line":53,"column":146}},"locations":[{"start":{"line":53,"column":138},"end":{"line":53,"column":146}}]},"14":{"type":"branch","line":76,"loc":{"start":{"line":76,"column":31},"end":{"line":88,"column":3}},"locations":[{"start":{"line":76,"column":31},"end":{"line":88,"column":3}}]},"15":{"type":"branch","line":77,"loc":{"start":{"line":77,"column":43},"end":{"line":78,"column":20}},"locations":[{"start":{"line":77,"column":43},"end":{"line":78,"column":20}}]},"16":{"type":"branch","line":79,"loc":{"start":{"line":79,"column":41},"end":{"line":79,"column":62}},"locations":[{"start":{"line":79,"column":41},"end":{"line":79,"column":62}}]},"17":{"type":"branch","line":81,"loc":{"start":{"line":81,"column":34},"end":{"line":81,"column":62}},"locations":[{"start":{"line":81,"column":34},"end":{"line":81,"column":62}}]},"18":{"type":"branch","line":82,"loc":{"start":{"line":82,"column":21},"end":{"line":86,"column":5}},"locations":[{"start":{"line":82,"column":21},"end":{"line":86,"column":5}}]},"19":{"type":"branch","line":85,"loc":{"start":{"line":85,"column":22},"end":{"line":85,"column":45}},"locations":[{"start":{"line":85,"column":22},"end":{"line":85,"column":45}}]},"20":{"type":"branch","line":94,"loc":{"start":{"line":94,"column":2},"end":{"line":94,"column":81}},"locations":[{"start":{"line":94,"column":2},"end":{"line":94,"column":81}}]},"21":{"type":"branch","line":94,"loc":{"start":{"line":94,"column":41},"end":{"line":94,"column":64}},"locations":[{"start":{"line":94,"column":41},"end":{"line":94,"column":64}}]},"22":{"type":"branch","line":95,"loc":{"start":{"line":95,"column":2},"end":{"line":95,"column":88}},"locations":[{"start":{"line":95,"column":2},"end":{"line":95,"column":88}}]},"23":{"type":"branch","line":95,"loc":{"start":{"line":95,"column":41},"end":{"line":95,"column":67}},"locations":[{"start":{"line":95,"column":41},"end":{"line":95,"column":67}}]},"24":{"type":"branch","line":97,"loc":{"start":{"line":97,"column":2},"end":{"line":105,"column":3}},"locations":[{"start":{"line":97,"column":2},"end":{"line":105,"column":3}}]},"25":{"type":"branch","line":100,"loc":{"start":{"line":100,"column":28},"end":{"line":100,"column":46}},"locations":[{"start":{"line":100,"column":28},"end":{"line":100,"column":46}}]},"26":{"type":"branch","line":101,"loc":{"start":{"line":101,"column":28},"end":{"line":101,"column":47}},"locations":[{"start":{"line":101,"column":28},"end":{"line":101,"column":47}}]},"27":{"type":"branch","line":107,"loc":{"start":{"line":107,"column":2},"end":{"line":118,"column":3}},"locations":[{"start":{"line":107,"column":2},"end":{"line":118,"column":3}}]},"28":{"type":"branch","line":109,"loc":{"start":{"line":109,"column":22},"end":{"line":117,"column":5}},"locations":[{"start":{"line":109,"column":22},"end":{"line":117,"column":5}}]},"29":{"type":"branch","line":111,"loc":{"start":{"line":111,"column":90},"end":{"line":111,"column":96}},"locations":[{"start":{"line":111,"column":90},"end":{"line":111,"column":96}}]},"30":{"type":"branch","line":113,"loc":{"start":{"line":113,"column":23},"end":{"line":116,"column":7}},"locations":[{"start":{"line":113,"column":23},"end":{"line":116,"column":7}}]},"31":{"type":"branch","line":115,"loc":{"start":{"line":115,"column":18},"end":{"line":115,"column":56}},"locations":[{"start":{"line":115,"column":18},"end":{"line":115,"column":56}}]},"32":{"type":"branch","line":120,"loc":{"start":{"line":120,"column":2},"end":{"line":129,"column":3}},"locations":[{"start":{"line":120,"column":2},"end":{"line":129,"column":3}}]},"33":{"type":"branch","line":121,"loc":{"start":{"line":121,"column":30},"end":{"line":121,"column":37}},"locations":[{"start":{"line":121,"column":30},"end":{"line":121,"column":37}}]},"34":{"type":"branch","line":123,"loc":{"start":{"line":123,"column":14},"end":{"line":123,"column":82}},"locations":[{"start":{"line":123,"column":14},"end":{"line":123,"column":82}}]},"35":{"type":"branch","line":126,"loc":{"start":{"line":126,"column":17},"end":{"line":126,"column":34}},"locations":[{"start":{"line":126,"column":17},"end":{"line":126,"column":34}}]},"36":{"type":"branch","line":126,"loc":{"start":{"line":126,"column":34},"end":{"line":126,"column":71}},"locations":[{"start":{"line":126,"column":34},"end":{"line":126,"column":71}}]},"37":{"type":"branch","line":126,"loc":{"start":{"line":126,"column":54},"end":{"line":126,"column":70}},"locations":[{"start":{"line":126,"column":54},"end":{"line":126,"column":70}}]},"38":{"type":"branch","line":126,"loc":{"start":{"line":126,"column":70},"end":{"line":127,"column":57}},"locations":[{"start":{"line":126,"column":70},"end":{"line":127,"column":57}}]},"39":{"type":"branch","line":134,"loc":{"start":{"line":134,"column":4},"end":{"line":140,"column":6}},"locations":[{"start":{"line":134,"column":4},"end":{"line":140,"column":6}}]},"40":{"type":"branch","line":135,"loc":{"start":{"line":135,"column":22},"end":{"line":139,"column":7}},"locations":[{"start":{"line":135,"column":22},"end":{"line":139,"column":7}}]},"41":{"type":"branch","line":137,"loc":{"start":{"line":137,"column":12},"end":{"line":137,"column":34}},"locations":[{"start":{"line":137,"column":12},"end":{"line":137,"column":34}}]},"42":{"type":"branch","line":137,"loc":{"start":{"line":137,"column":34},"end":{"line":137,"column":72}},"locations":[{"start":{"line":137,"column":34},"end":{"line":137,"column":72}}]},"43":{"type":"branch","line":137,"loc":{"start":{"line":137,"column":70},"end":{"line":138,"column":41}},"locations":[{"start":{"line":137,"column":70},"end":{"line":138,"column":41}}]},"44":{"type":"branch","line":162,"loc":{"start":{"line":162,"column":4},"end":{"line":168,"column":6}},"locations":[{"start":{"line":162,"column":4},"end":{"line":168,"column":6}}]},"45":{"type":"branch","line":169,"loc":{"start":{"line":169,"column":4},"end":{"line":178,"column":6}},"locations":[{"start":{"line":169,"column":4},"end":{"line":178,"column":6}}]},"46":{"type":"branch","line":171,"loc":{"start":{"line":171,"column":24},"end":{"line":176,"column":7}},"locations":[{"start":{"line":171,"column":24},"end":{"line":176,"column":7}}]},"47":{"type":"branch","line":172,"loc":{"start":{"line":172,"column":25},"end":{"line":175,"column":9}},"locations":[{"start":{"line":172,"column":25},"end":{"line":175,"column":9}}]},"48":{"type":"branch","line":174,"loc":{"start":{"line":174,"column":20},"end":{"line":174,"column":43}},"locations":[{"start":{"line":174,"column":20},"end":{"line":174,"column":43}}]},"49":{"type":"branch","line":179,"loc":{"start":{"line":179,"column":4},"end":{"line":179,"column":62}},"locations":[{"start":{"line":179,"column":4},"end":{"line":179,"column":62}}]},"50":{"type":"branch","line":180,"loc":{"start":{"line":180,"column":4},"end":{"line":180,"column":108}},"locations":[{"start":{"line":180,"column":4},"end":{"line":180,"column":108}}]},"51":{"type":"branch","line":180,"loc":{"start":{"line":180,"column":28},"end":{"line":180,"column":106}},"locations":[{"start":{"line":180,"column":28},"end":{"line":180,"column":106}}]},"52":{"type":"branch","line":181,"loc":{"start":{"line":181,"column":4},"end":{"line":187,"column":6}},"locations":[{"start":{"line":181,"column":4},"end":{"line":187,"column":6}}]},"53":{"type":"branch","line":188,"loc":{"start":{"line":188,"column":4},"end":{"line":188,"column":43}},"locations":[{"start":{"line":188,"column":4},"end":{"line":188,"column":43}}]}},"b":{"0":[20],"1":[1],"2":[19],"3":[1],"4":[18],"5":[1],"6":[18],"7":[18],"8":[2],"9":[2],"10":[2],"11":[2],"12":[2],"13":[2],"14":[20],"15":[0],"16":[0],"17":[20],"18":[20],"19":[2],"20":[24],"21":[0],"22":[18],"23":[0],"24":[18],"25":[0],"26":[0],"27":[10],"28":[12],"29":[0],"30":[12],"31":[1],"32":[6],"33":[0],"34":[0],"35":[5],"36":[5],"37":[3],"38":[1],"39":[7],"40":[7],"41":[6],"42":[6],"43":[1],"44":[2],"45":[1],"46":[1],"47":[1],"48":[0],"49":[1],"50":[1],"51":[0],"52":[4],"53":[2]},"fnMap":{"0":{"name":"scrollDrawTimeline","decl":{"start":{"line":49,"column":7},"end":{"line":190,"column":1}},"loc":{"start":{"line":49,"column":7},"end":{"line":190,"column":1}},"line":49},"1":{"name":"destroy","decl":{"start":{"line":53,"column":46},"end":{"line":53,"column":56}},"loc":{"start":{"line":53,"column":46},"end":{"line":53,"column":56}},"line":53},"2":{"name":"replay","decl":{"start":{"line":53,"column":64},"end":{"line":53,"column":74}},"loc":{"start":{"line":53,"column":64},"end":{"line":53,"column":74}},"line":53},"3":{"name":"pause","decl":{"start":{"line":53,"column":81},"end":{"line":53,"column":91}},"loc":{"start":{"line":53,"column":81},"end":{"line":53,"column":91}},"line":53},"4":{"name":"resume","decl":{"start":{"line":53,"column":99},"end":{"line":53,"column":109}},"loc":{"start":{"line":53,"column":99},"end":{"line":53,"column":109}},"line":53},"5":{"name":"seek","decl":{"start":{"line":53,"column":115},"end":{"line":53,"column":125}},"loc":{"start":{"line":53,"column":115},"end":{"line":53,"column":125}},"line":53},"6":{"name":"getProgress","decl":{"start":{"line":53,"column":138},"end":{"line":53,"column":146}},"loc":{"start":{"line":53,"column":138},"end":{"line":53,"column":146}},"line":53},"7":{"name":"scrollPos","decl":{"start":{"line":94,"column":2},"end":{"line":94,"column":81}},"loc":{"start":{"line":94,"column":2},"end":{"line":94,"column":81}},"line":94},"8":{"name":"vpSize","decl":{"start":{"line":95,"column":2},"end":{"line":95,"column":88}},"loc":{"start":{"line":95,"column":2},"end":{"line":95,"column":88}},"line":95},"9":{"name":"cacheTriggers","decl":{"start":{"line":97,"column":2},"end":{"line":105,"column":3}},"loc":{"start":{"line":97,"column":2},"end":{"line":105,"column":3}},"line":97},"10":{"name":"applyGlobalAlpha","decl":{"start":{"line":107,"column":2},"end":{"line":118,"column":3}},"loc":{"start":{"line":107,"column":2},"end":{"line":118,"column":3}},"line":107},"11":{"name":"update","decl":{"start":{"line":120,"column":2},"end":{"line":129,"column":3}},"loc":{"start":{"line":120,"column":2},"end":{"line":129,"column":3}},"line":120},"12":{"name":"IntersectionObserver.threshold","decl":{"start":{"line":134,"column":4},"end":{"line":140,"column":6}},"loc":{"start":{"line":134,"column":4},"end":{"line":140,"column":6}},"line":134},"13":{"name":"onResize","decl":{"start":{"line":146,"column":2},"end":{"line":157,"column":3}},"loc":{"start":{"line":146,"column":2},"end":{"line":157,"column":3}},"line":146},"14":{"name":"destroy","decl":{"start":{"line":162,"column":4},"end":{"line":168,"column":6}},"loc":{"start":{"line":162,"column":4},"end":{"line":168,"column":6}},"line":162},"15":{"name":"replay","decl":{"start":{"line":169,"column":4},"end":{"line":178,"column":6}},"loc":{"start":{"line":169,"column":4},"end":{"line":178,"column":6}},"line":169},"16":{"name":"pause","decl":{"start":{"line":179,"column":4},"end":{"line":179,"column":62}},"loc":{"start":{"line":179,"column":4},"end":{"line":179,"column":62}},"line":179},"17":{"name":"resume","decl":{"start":{"line":180,"column":4},"end":{"line":180,"column":108}},"loc":{"start":{"line":180,"column":4},"end":{"line":180,"column":108}},"line":180},"18":{"name":"seek","decl":{"start":{"line":181,"column":4},"end":{"line":187,"column":6}},"loc":{"start":{"line":181,"column":4},"end":{"line":187,"column":6}},"line":181},"19":{"name":"getProgress","decl":{"start":{"line":188,"column":4},"end":{"line":188,"column":43}},"loc":{"start":{"line":188,"column":4},"end":{"line":188,"column":43}},"line":188}},"f":{"0":20,"1":2,"2":2,"3":2,"4":2,"5":2,"6":2,"7":24,"8":18,"9":18,"10":10,"11":6,"12":7,"13":0,"14":2,"15":1,"16":1,"17":1,"18":4,"19":2}}
}
