{"/Users/dhruvil/Desktop/ink-scroll/packages/svg-scroll-draw/src/index.ts": {"path":"/Users/dhruvil/Desktop/ink-scroll/packages/svg-scroll-draw/src/index.ts","all":false,"statementMap":{"0":{"start":{"line":1,"column":0},"end":{"line":1,"column":45}},"3":{"start":{"line":4,"column":0},"end":{"line":4,"column":27}},"4":{"start":{"line":5,"column":0},"end":{"line":5,"column":27}},"5":{"start":{"line":6,"column":0},"end":{"line":6,"column":29}},"6":{"start":{"line":7,"column":0},"end":{"line":7,"column":23}},"7":{"start":{"line":8,"column":0},"end":{"line":8,"column":66}},"9":{"start":{"line":10,"column":0},"end":{"line":10,"column":19}},"10":{"start":{"line":11,"column":0},"end":{"line":11,"column":30}},"11":{"start":{"line":12,"column":0},"end":{"line":12,"column":38}},"12":{"start":{"line":13,"column":0},"end":{"line":13,"column":15}},"14":{"start":{"line":15,"column":0},"end":{"line":15,"column":19}},"15":{"start":{"line":16,"column":0},"end":{"line":16,"column":67}},"16":{"start":{"line":17,"column":0},"end":{"line":17,"column":33}},"17":{"start":{"line":18,"column":0},"end":{"line":18,"column":3}},"19":{"start":{"line":20,"column":0},"end":{"line":20,"column":42}},"20":{"start":{"line":21,"column":0},"end":{"line":21,"column":1}}},"s":{"0":1,"3":1,"4":2,"5":2,"6":2,"7":2,"9":2,"10":2,"11":1,"12":1,"14":2,"15":1,"16":1,"17":1,"19":1,"20":1},"branchMap":{"0":{"type":"branch","line":4,"loc":{"start":{"line":4,"column":7},"end":{"line":21,"column":1}},"locations":[{"start":{"line":4,"column":7},"end":{"line":21,"column":1}}]},"1":{"type":"branch","line":8,"loc":{"start":{"line":8,"column":37},"end":{"line":8,"column":66}},"locations":[{"start":{"line":8,"column":37},"end":{"line":8,"column":66}}]},"2":{"type":"branch","line":11,"loc":{"start":{"line":11,"column":22},"end":{"line":12,"column":38}},"locations":[{"start":{"line":11,"column":22},"end":{"line":12,"column":38}}]},"3":{"type":"branch","line":12,"loc":{"start":{"line":12,"column":37},"end":{"line":13,"column":15}},"locations":[{"start":{"line":12,"column":37},"end":{"line":13,"column":15}}]},"4":{"type":"branch","line":15,"loc":{"start":{"line":15,"column":18},"end":{"line":21,"column":1}},"locations":[{"start":{"line":15,"column":18},"end":{"line":21,"column":1}}]},"5":{"type":"branch","line":17,"loc":{"start":{"line":17,"column":22},"end":{"line":17,"column":31}},"locations":[{"start":{"line":17,"column":22},"end":{"line":17,"column":31}}]}},"b":{"0":[2],"1":[0],"2":[1],"3":[1],"4":[1],"5":[1]},"fnMap":{"0":{"name":"scrollDraw","decl":{"start":{"line":4,"column":7},"end":{"line":21,"column":1}},"loc":{"start":{"line":4,"column":7},"end":{"line":21,"column":1}},"line":4},"1":{"name":"destroy","decl":{"start":{"line":8,"column":55},"end":{"line":8,"column":64}},"loc":{"start":{"line":8,"column":55},"end":{"line":8,"column":64}},"line":8},"2":{"name":"destroy","decl":{"start":{"line":17,"column":22},"end":{"line":17,"column":31}},"loc":{"start":{"line":17,"column":22},"end":{"line":17,"column":31}},"line":17}},"f":{"0":2,"1":0,"2":1}}
,"/Users/dhruvil/Desktop/ink-scroll/packages/svg-scroll-draw/src/__tests__/engine.test.ts": {"path":"/Users/dhruvil/Desktop/ink-scroll/packages/svg-scroll-draw/src/__tests__/engine.test.ts","all":false,"statementMap":{"0":{"start":{"line":1,"column":0},"end":{"line":1,"column":73}},"1":{"start":{"line":2,"column":0},"end":{"line":2,"column":46}},"2":{"start":{"line":3,"column":0},"end":{"line":3,"column":38}},"6":{"start":{"line":7,"column":0},"end":{"line":7,"column":74}},"7":{"start":{"line":8,"column":0},"end":{"line":8,"column":94}},"8":{"start":{"line":9,"column":0},"end":{"line":9,"column":91}},"9":{"start":{"line":10,"column":0},"end":{"line":10,"column":81}},"10":{"start":{"line":11,"column":0},"end":{"line":11,"column":12}},"11":{"start":{"line":12,"column":0},"end":{"line":12,"column":1}},"13":{"start":{"line":14,"column":0},"end":{"line":14,"column":70}},"14":{"start":{"line":15,"column":0},"end":{"line":15,"column":44}},"15":{"start":{"line":16,"column":0},"end":{"line":16,"column":76}},"16":{"start":{"line":17,"column":0},"end":{"line":17,"column":43}},"17":{"start":{"line":18,"column":0},"end":{"line":18,"column":23}},"18":{"start":{"line":19,"column":0},"end":{"line":19,"column":33}},"19":{"start":{"line":20,"column":0},"end":{"line":20,"column":13}},"20":{"start":{"line":21,"column":0},"end":{"line":21,"column":1}},"24":{"start":{"line":25,"column":0},"end":{"line":25,"column":16}},"25":{"start":{"line":26,"column":0},"end":{"line":26,"column":45}},"26":{"start":{"line":27,"column":0},"end":{"line":27,"column":17}},"28":{"start":{"line":29,"column":0},"end":{"line":29,"column":58}},"29":{"start":{"line":30,"column":0},"end":{"line":30,"column":24}},"30":{"start":{"line":31,"column":0},"end":{"line":31,"column":21}},"31":{"start":{"line":32,"column":0},"end":{"line":32,"column":5}},"33":{"start":{"line":34,"column":0},"end":{"line":34,"column":19}},"36":{"start":{"line":37,"column":0},"end":{"line":37,"column":10}},"37":{"start":{"line":38,"column":0},"end":{"line":38,"column":34}},"38":{"start":{"line":39,"column":0},"end":{"line":39,"column":28}},"39":{"start":{"line":40,"column":0},"end":{"line":40,"column":3}},"40":{"start":{"line":41,"column":0},"end":{"line":41,"column":1}},"42":{"start":{"line":43,"column":0},"end":{"line":43,"column":14}},"44":{"start":{"line":45,"column":0},"end":{"line":45,"column":34}},"46":{"start":{"line":47,"column":0},"end":{"line":47,"column":49}},"47":{"start":{"line":48,"column":0},"end":{"line":48,"column":17}},"48":{"start":{"line":49,"column":0},"end":{"line":49,"column":32}},"49":{"start":{"line":50,"column":0},"end":{"line":50,"column":3}},"51":{"start":{"line":52,"column":0},"end":{"line":52,"column":20}},"52":{"start":{"line":53,"column":0},"end":{"line":53,"column":23}},"54":{"start":{"line":55,"column":0},"end":{"line":55,"column":36}},"55":{"start":{"line":56,"column":0},"end":{"line":56,"column":12}},"56":{"start":{"line":57,"column":0},"end":{"line":57,"column":56}},"57":{"start":{"line":58,"column":0},"end":{"line":58,"column":45}},"58":{"start":{"line":59,"column":0},"end":{"line":59,"column":6}},"59":{"start":{"line":60,"column":0},"end":{"line":60,"column":3}},"60":{"start":{"line":61,"column":0},"end":{"line":61,"column":1}},"64":{"start":{"line":65,"column":0},"end":{"line":65,"column":18}},"66":{"start":{"line":67,"column":0},"end":{"line":67,"column":18}},"67":{"start":{"line":68,"column":0},"end":{"line":68,"column":24}},"68":{"start":{"line":69,"column":0},"end":{"line":69,"column":23}},"69":{"start":{"line":70,"column":0},"end":{"line":70,"column":48}},"70":{"start":{"line":71,"column":0},"end":{"line":71,"column":55}},"71":{"start":{"line":72,"column":0},"end":{"line":72,"column":52}},"72":{"start":{"line":73,"column":0},"end":{"line":73,"column":76}},"73":{"start":{"line":74,"column":0},"end":{"line":74,"column":82}},"74":{"start":{"line":75,"column":0},"end":{"line":75,"column":21}},"75":{"start":{"line":76,"column":0},"end":{"line":76,"column":16}},"76":{"start":{"line":77,"column":0},"end":{"line":77,"column":3}},"78":{"start":{"line":79,"column":0},"end":{"line":79,"column":17}},"79":{"start":{"line":80,"column":0},"end":{"line":80,"column":31}},"80":{"start":{"line":81,"column":0},"end":{"line":81,"column":23}},"81":{"start":{"line":82,"column":0},"end":{"line":82,"column":24}},"82":{"start":{"line":83,"column":0},"end":{"line":83,"column":3}},"86":{"start":{"line":87,"column":0},"end":{"line":87,"column":44}},"87":{"start":{"line":88,"column":0},"end":{"line":88,"column":62}},"88":{"start":{"line":89,"column":0},"end":{"line":89,"column":39}},"89":{"start":{"line":90,"column":0},"end":{"line":90,"column":65}},"90":{"start":{"line":91,"column":0},"end":{"line":91,"column":51}},"91":{"start":{"line":92,"column":0},"end":{"line":92,"column":5}},"92":{"start":{"line":93,"column":0},"end":{"line":93,"column":3}},"94":{"start":{"line":95,"column":0},"end":{"line":95,"column":49}},"95":{"start":{"line":96,"column":0},"end":{"line":96,"column":72}},"96":{"start":{"line":97,"column":0},"end":{"line":97,"column":31}},"97":{"start":{"line":98,"column":0},"end":{"line":98,"column":44}},"98":{"start":{"line":99,"column":0},"end":{"line":99,"column":28}},"99":{"start":{"line":100,"column":0},"end":{"line":100,"column":51}},"100":{"start":{"line":101,"column":0},"end":{"line":101,"column":52}},"101":{"start":{"line":102,"column":0},"end":{"line":102,"column":5}},"103":{"start":{"line":104,"column":0},"end":{"line":104,"column":48}},"104":{"start":{"line":105,"column":0},"end":{"line":105,"column":31}},"105":{"start":{"line":106,"column":0},"end":{"line":106,"column":44}},"106":{"start":{"line":107,"column":0},"end":{"line":107,"column":44}},"107":{"start":{"line":108,"column":0},"end":{"line":108,"column":41}},"108":{"start":{"line":109,"column":0},"end":{"line":109,"column":5}},"110":{"start":{"line":111,"column":0},"end":{"line":111,"column":56}},"111":{"start":{"line":112,"column":0},"end":{"line":112,"column":31}},"112":{"start":{"line":113,"column":0},"end":{"line":113,"column":44}},"113":{"start":{"line":114,"column":0},"end":{"line":114,"column":45}},"114":{"start":{"line":115,"column":0},"end":{"line":115,"column":40}},"115":{"start":{"line":116,"column":0},"end":{"line":116,"column":5}},"117":{"start":{"line":118,"column":0},"end":{"line":118,"column":46}},"118":{"start":{"line":119,"column":0},"end":{"line":119,"column":53}},"119":{"start":{"line":120,"column":0},"end":{"line":120,"column":28}},"120":{"start":{"line":121,"column":0},"end":{"line":121,"column":72}},"121":{"start":{"line":122,"column":0},"end":{"line":122,"column":5}},"122":{"start":{"line":123,"column":0},"end":{"line":123,"column":3}},"124":{"start":{"line":125,"column":0},"end":{"line":125,"column":43}},"125":{"start":{"line":126,"column":0},"end":{"line":126,"column":58}},"126":{"start":{"line":127,"column":0},"end":{"line":127,"column":71}},"127":{"start":{"line":128,"column":0},"end":{"line":128,"column":31}},"128":{"start":{"line":129,"column":0},"end":{"line":129,"column":35}},"129":{"start":{"line":130,"column":0},"end":{"line":130,"column":44}},"130":{"start":{"line":131,"column":0},"end":{"line":131,"column":28}},"131":{"start":{"line":132,"column":0},"end":{"line":132,"column":35}},"132":{"start":{"line":133,"column":0},"end":{"line":133,"column":56}},"133":{"start":{"line":134,"column":0},"end":{"line":134,"column":5}},"135":{"start":{"line":136,"column":0},"end":{"line":136,"column":54}},"136":{"start":{"line":137,"column":0},"end":{"line":137,"column":71}},"137":{"start":{"line":138,"column":0},"end":{"line":138,"column":63}},"138":{"start":{"line":139,"column":0},"end":{"line":139,"column":44}},"139":{"start":{"line":140,"column":0},"end":{"line":140,"column":28}},"140":{"start":{"line":141,"column":0},"end":{"line":141,"column":35}},"141":{"start":{"line":142,"column":0},"end":{"line":142,"column":51}},"142":{"start":{"line":143,"column":0},"end":{"line":143,"column":5}},"144":{"start":{"line":145,"column":0},"end":{"line":145,"column":45}},"145":{"start":{"line":146,"column":0},"end":{"line":146,"column":71}},"146":{"start":{"line":147,"column":0},"end":{"line":147,"column":64}},"147":{"start":{"line":148,"column":0},"end":{"line":148,"column":44}},"148":{"start":{"line":149,"column":0},"end":{"line":149,"column":28}},"149":{"start":{"line":150,"column":0},"end":{"line":150,"column":39}},"150":{"start":{"line":151,"column":0},"end":{"line":151,"column":5}},"152":{"start":{"line":153,"column":0},"end":{"line":153,"column":52}},"153":{"start":{"line":154,"column":0},"end":{"line":154,"column":71}},"154":{"start":{"line":155,"column":0},"end":{"line":155,"column":71}},"155":{"start":{"line":156,"column":0},"end":{"line":156,"column":44}},"156":{"start":{"line":157,"column":0},"end":{"line":157,"column":28}},"157":{"start":{"line":158,"column":0},"end":{"line":158,"column":39}},"158":{"start":{"line":159,"column":0},"end":{"line":159,"column":5}},"159":{"start":{"line":160,"column":0},"end":{"line":160,"column":3}},"161":{"start":{"line":162,"column":0},"end":{"line":162,"column":48}},"162":{"start":{"line":163,"column":0},"end":{"line":163,"column":69}},"165":{"start":{"line":166,"column":0},"end":{"line":166,"column":31}},"166":{"start":{"line":167,"column":0},"end":{"line":167,"column":44}},"167":{"start":{"line":168,"column":0},"end":{"line":168,"column":28}},"169":{"start":{"line":170,"column":0},"end":{"line":170,"column":34}},"170":{"start":{"line":171,"column":0},"end":{"line":171,"column":38}},"171":{"start":{"line":172,"column":0},"end":{"line":172,"column":15}},"173":{"start":{"line":174,"column":0},"end":{"line":174,"column":59}},"174":{"start":{"line":175,"column":0},"end":{"line":175,"column":37}},"175":{"start":{"line":176,"column":0},"end":{"line":176,"column":5}},"177":{"start":{"line":178,"column":0},"end":{"line":178,"column":62}},"180":{"start":{"line":181,"column":0},"end":{"line":181,"column":31}},"181":{"start":{"line":182,"column":0},"end":{"line":182,"column":53}},"182":{"start":{"line":183,"column":0},"end":{"line":183,"column":61}},"184":{"start":{"line":185,"column":0},"end":{"line":185,"column":34}},"185":{"start":{"line":186,"column":0},"end":{"line":186,"column":38}},"186":{"start":{"line":187,"column":0},"end":{"line":187,"column":15}},"188":{"start":{"line":189,"column":0},"end":{"line":189,"column":48}},"189":{"start":{"line":190,"column":0},"end":{"line":190,"column":23}},"190":{"start":{"line":191,"column":0},"end":{"line":191,"column":5}},"192":{"start":{"line":193,"column":0},"end":{"line":193,"column":61}},"194":{"start":{"line":195,"column":0},"end":{"line":195,"column":31}},"195":{"start":{"line":196,"column":0},"end":{"line":196,"column":53}},"196":{"start":{"line":197,"column":0},"end":{"line":197,"column":61}},"198":{"start":{"line":199,"column":0},"end":{"line":199,"column":38}},"199":{"start":{"line":200,"column":0},"end":{"line":200,"column":15}},"201":{"start":{"line":202,"column":0},"end":{"line":202,"column":46}},"202":{"start":{"line":203,"column":0},"end":{"line":203,"column":23}},"203":{"start":{"line":204,"column":0},"end":{"line":204,"column":5}},"204":{"start":{"line":205,"column":0},"end":{"line":205,"column":3}},"206":{"start":{"line":207,"column":0},"end":{"line":207,"column":42}},"207":{"start":{"line":208,"column":0},"end":{"line":208,"column":48}},"208":{"start":{"line":209,"column":0},"end":{"line":209,"column":53}},"209":{"start":{"line":210,"column":0},"end":{"line":210,"column":45}},"210":{"start":{"line":211,"column":0},"end":{"line":211,"column":23}},"211":{"start":{"line":212,"column":0},"end":{"line":212,"column":62}},"212":{"start":{"line":213,"column":0},"end":{"line":213,"column":5}},"214":{"start":{"line":215,"column":0},"end":{"line":215,"column":62}},"215":{"start":{"line":216,"column":0},"end":{"line":216,"column":53}},"216":{"start":{"line":217,"column":0},"end":{"line":217,"column":62}},"217":{"start":{"line":218,"column":0},"end":{"line":218,"column":45}},"218":{"start":{"line":219,"column":0},"end":{"line":219,"column":23}},"219":{"start":{"line":220,"column":0},"end":{"line":220,"column":75}},"220":{"start":{"line":221,"column":0},"end":{"line":221,"column":86}},"221":{"start":{"line":222,"column":0},"end":{"line":222,"column":5}},"223":{"start":{"line":224,"column":0},"end":{"line":224,"column":51}},"224":{"start":{"line":225,"column":0},"end":{"line":225,"column":53}},"225":{"start":{"line":226,"column":0},"end":{"line":226,"column":45}},"226":{"start":{"line":227,"column":0},"end":{"line":227,"column":59}},"227":{"start":{"line":228,"column":0},"end":{"line":228,"column":23}},"228":{"start":{"line":229,"column":0},"end":{"line":229,"column":42}},"229":{"start":{"line":230,"column":0},"end":{"line":230,"column":5}},"230":{"start":{"line":231,"column":0},"end":{"line":231,"column":3}},"232":{"start":{"line":233,"column":0},"end":{"line":233,"column":30}},"233":{"start":{"line":234,"column":0},"end":{"line":234,"column":65}},"234":{"start":{"line":235,"column":0},"end":{"line":235,"column":71}},"235":{"start":{"line":236,"column":0},"end":{"line":236,"column":51}},"236":{"start":{"line":237,"column":0},"end":{"line":237,"column":37}},"237":{"start":{"line":238,"column":0},"end":{"line":238,"column":53}},"238":{"start":{"line":239,"column":0},"end":{"line":239,"column":23}},"239":{"start":{"line":240,"column":0},"end":{"line":240,"column":6}},"240":{"start":{"line":241,"column":0},"end":{"line":241,"column":51}},"241":{"start":{"line":242,"column":0},"end":{"line":242,"column":5}},"243":{"start":{"line":244,"column":0},"end":{"line":244,"column":75}},"244":{"start":{"line":245,"column":0},"end":{"line":245,"column":53}},"245":{"start":{"line":246,"column":0},"end":{"line":246,"column":43}},"246":{"start":{"line":247,"column":0},"end":{"line":247,"column":47}},"247":{"start":{"line":248,"column":0},"end":{"line":248,"column":51}},"248":{"start":{"line":249,"column":0},"end":{"line":249,"column":5}},"249":{"start":{"line":250,"column":0},"end":{"line":250,"column":3}}},"s":{"0":1,"1":1,"2":1,"6":15,"7":15,"8":15,"9":15,"10":15,"11":15,"13":15,"14":15,"15":15,"16":15,"17":15,"18":15,"19":15,"20":15,"24":17,"25":17,"26":17,"28":17,"29":7,"30":7,"31":17,"33":17,"36":1,"37":3,"38":3,"39":3,"40":1,"42":1,"44":1,"46":1,"47":15,"48":15,"49":15,"51":1,"52":1,"54":1,"55":4,"56":4,"57":4,"58":4,"59":4,"60":1,"64":1,"66":1,"67":17,"68":17,"69":17,"70":17,"71":17,"72":17,"73":17,"74":17,"75":17,"76":17,"78":1,"79":17,"80":17,"81":17,"82":17,"86":1,"87":1,"88":1,"89":1,"90":1,"91":1,"92":1,"94":1,"95":1,"96":1,"97":1,"98":1,"99":1,"100":1,"101":1,"103":1,"104":1,"105":1,"106":1,"107":1,"108":1,"110":1,"111":1,"112":1,"113":1,"114":1,"115":1,"117":1,"118":1,"119":1,"120":1,"121":1,"122":1,"124":1,"125":1,"126":1,"127":1,"128":1,"129":1,"130":1,"131":1,"132":1,"133":1,"135":1,"136":1,"137":1,"138":1,"139":1,"140":1,"141":1,"142":1,"144":1,"145":1,"146":1,"147":1,"148":1,"149":1,"150":1,"152":1,"153":1,"154":1,"155":1,"156":1,"157":1,"158":1,"159":1,"161":1,"162":1,"165":1,"166":1,"167":1,"169":1,"170":1,"171":1,"173":1,"174":1,"175":1,"177":1,"180":1,"181":1,"182":1,"184":1,"185":1,"186":1,"188":1,"189":1,"190":1,"192":1,"194":1,"195":1,"196":1,"198":1,"199":1,"201":1,"202":1,"203":1,"204":1,"206":1,"207":1,"208":1,"209":1,"210":1,"211":1,"212":1,"214":1,"215":1,"216":1,"217":1,"218":1,"219":1,"220":1,"221":1,"223":1,"224":1,"225":1,"226":1,"227":1,"228":1,"229":1,"230":1,"232":1,"233":1,"234":1,"235":1,"236":1,"237":1,"238":1,"239":1,"240":1,"241":1,"243":1,"244":1,"245":1,"246":1,"247":1,"248":1,"249":1},"branchMap":{"0":{"type":"branch","line":7,"loc":{"start":{"line":7,"column":0},"end":{"line":12,"column":1}},"locations":[{"start":{"line":7,"column":0},"end":{"line":12,"column":1}}]},"1":{"type":"branch","line":9,"loc":{"start":{"line":9,"column":56},"end":{"line":9,"column":89}},"locations":[{"start":{"line":9,"column":56},"end":{"line":9,"column":89}}]},"2":{"type":"branch","line":10,"loc":{"start":{"line":10,"column":71},"end":{"line":10,"column":81}},"locations":[{"start":{"line":10,"column":71},"end":{"line":10,"column":81}}]},"3":{"type":"branch","line":14,"loc":{"start":{"line":14,"column":0},"end":{"line":21,"column":1}},"locations":[{"start":{"line":14,"column":0},"end":{"line":21,"column":1}}]},"4":{"type":"branch","line":17,"loc":{"start":{"line":17,"column":16},"end":{"line":17,"column":41}},"locations":[{"start":{"line":17,"column":16},"end":{"line":17,"column":41}}]},"5":{"type":"branch","line":25,"loc":{"start":{"line":25,"column":0},"end":{"line":34,"column":19}},"locations":[{"start":{"line":25,"column":0},"end":{"line":34,"column":19}}]},"6":{"type":"branch","line":29,"loc":{"start":{"line":29,"column":19},"end":{"line":32,"column":3}},"locations":[{"start":{"line":29,"column":19},"end":{"line":32,"column":3}}]},"7":{"type":"branch","line":37,"loc":{"start":{"line":37,"column":2},"end":{"line":40,"column":3}},"locations":[{"start":{"line":37,"column":2},"end":{"line":40,"column":3}}]},"8":{"type":"branch","line":47,"loc":{"start":{"line":47,"column":2},"end":{"line":50,"column":3}},"locations":[{"start":{"line":47,"column":2},"end":{"line":50,"column":3}}]},"9":{"type":"branch","line":55,"loc":{"start":{"line":55,"column":2},"end":{"line":60,"column":3}},"locations":[{"start":{"line":55,"column":2},"end":{"line":60,"column":3}}]},"10":{"type":"branch","line":67,"loc":{"start":{"line":67,"column":11},"end":{"line":77,"column":3}},"locations":[{"start":{"line":67,"column":11},"end":{"line":77,"column":3}}]},"11":{"type":"branch","line":79,"loc":{"start":{"line":79,"column":10},"end":{"line":83,"column":3}},"locations":[{"start":{"line":79,"column":10},"end":{"line":83,"column":3}}]},"12":{"type":"branch","line":87,"loc":{"start":{"line":87,"column":37},"end":{"line":93,"column":3}},"locations":[{"start":{"line":87,"column":37},"end":{"line":93,"column":3}}]},"13":{"type":"branch","line":88,"loc":{"start":{"line":88,"column":55},"end":{"line":92,"column":3}},"locations":[{"start":{"line":88,"column":55},"end":{"line":92,"column":3}}]},"14":{"type":"branch","line":91,"loc":{"start":{"line":91,"column":11},"end":{"line":91,"column":35}},"locations":[{"start":{"line":91,"column":11},"end":{"line":91,"column":35}}]},"15":{"type":"branch","line":95,"loc":{"start":{"line":95,"column":42},"end":{"line":123,"column":3}},"locations":[{"start":{"line":95,"column":42},"end":{"line":123,"column":3}}]},"16":{"type":"branch","line":96,"loc":{"start":{"line":96,"column":65},"end":{"line":102,"column":3}},"locations":[{"start":{"line":96,"column":65},"end":{"line":102,"column":3}}]},"17":{"type":"branch","line":104,"loc":{"start":{"line":104,"column":41},"end":{"line":109,"column":3}},"locations":[{"start":{"line":104,"column":41},"end":{"line":109,"column":3}}]},"18":{"type":"branch","line":111,"loc":{"start":{"line":111,"column":49},"end":{"line":116,"column":3}},"locations":[{"start":{"line":111,"column":49},"end":{"line":116,"column":3}}]},"19":{"type":"branch","line":118,"loc":{"start":{"line":118,"column":39},"end":{"line":122,"column":3}},"locations":[{"start":{"line":118,"column":39},"end":{"line":122,"column":3}}]},"20":{"type":"branch","line":125,"loc":{"start":{"line":125,"column":36},"end":{"line":160,"column":3}},"locations":[{"start":{"line":125,"column":36},"end":{"line":160,"column":3}}]},"21":{"type":"branch","line":126,"loc":{"start":{"line":126,"column":51},"end":{"line":134,"column":3}},"locations":[{"start":{"line":126,"column":51},"end":{"line":134,"column":3}}]},"22":{"type":"branch","line":127,"loc":{"start":{"line":127,"column":61},"end":{"line":127,"column":69}},"locations":[{"start":{"line":127,"column":61},"end":{"line":127,"column":69}}]},"23":{"type":"branch","line":136,"loc":{"start":{"line":136,"column":47},"end":{"line":143,"column":3}},"locations":[{"start":{"line":136,"column":47},"end":{"line":143,"column":3}}]},"24":{"type":"branch","line":137,"loc":{"start":{"line":137,"column":61},"end":{"line":137,"column":69}},"locations":[{"start":{"line":137,"column":61},"end":{"line":137,"column":69}}]},"25":{"type":"branch","line":145,"loc":{"start":{"line":145,"column":38},"end":{"line":151,"column":3}},"locations":[{"start":{"line":145,"column":38},"end":{"line":151,"column":3}}]},"26":{"type":"branch","line":153,"loc":{"start":{"line":153,"column":45},"end":{"line":159,"column":3}},"locations":[{"start":{"line":153,"column":45},"end":{"line":159,"column":3}}]},"27":{"type":"branch","line":162,"loc":{"start":{"line":162,"column":41},"end":{"line":205,"column":3}},"locations":[{"start":{"line":162,"column":41},"end":{"line":205,"column":3}}]},"28":{"type":"branch","line":163,"loc":{"start":{"line":163,"column":62},"end":{"line":176,"column":3}},"locations":[{"start":{"line":163,"column":62},"end":{"line":176,"column":3}}]},"29":{"type":"branch","line":178,"loc":{"start":{"line":178,"column":55},"end":{"line":191,"column":3}},"locations":[{"start":{"line":178,"column":55},"end":{"line":191,"column":3}}]},"30":{"type":"branch","line":193,"loc":{"start":{"line":193,"column":54},"end":{"line":204,"column":3}},"locations":[{"start":{"line":193,"column":54},"end":{"line":204,"column":3}}]},"31":{"type":"branch","line":207,"loc":{"start":{"line":207,"column":35},"end":{"line":231,"column":3}},"locations":[{"start":{"line":207,"column":35},"end":{"line":231,"column":3}}]},"32":{"type":"branch","line":208,"loc":{"start":{"line":208,"column":41},"end":{"line":213,"column":3}},"locations":[{"start":{"line":208,"column":41},"end":{"line":213,"column":3}}]},"33":{"type":"branch","line":215,"loc":{"start":{"line":215,"column":55},"end":{"line":222,"column":3}},"locations":[{"start":{"line":215,"column":55},"end":{"line":222,"column":3}}]},"34":{"type":"branch","line":224,"loc":{"start":{"line":224,"column":44},"end":{"line":230,"column":3}},"locations":[{"start":{"line":224,"column":44},"end":{"line":230,"column":3}}]},"35":{"type":"branch","line":233,"loc":{"start":{"line":233,"column":23},"end":{"line":250,"column":3}},"locations":[{"start":{"line":233,"column":23},"end":{"line":250,"column":3}}]},"36":{"type":"branch","line":234,"loc":{"start":{"line":234,"column":58},"end":{"line":242,"column":3}},"locations":[{"start":{"line":234,"column":58},"end":{"line":242,"column":3}}]},"37":{"type":"branch","line":235,"loc":{"start":{"line":235,"column":61},"end":{"line":235,"column":69}},"locations":[{"start":{"line":235,"column":61},"end":{"line":235,"column":69}}]},"38":{"type":"branch","line":241,"loc":{"start":{"line":241,"column":11},"end":{"line":241,"column":35}},"locations":[{"start":{"line":241,"column":11},"end":{"line":241,"column":35}}]},"39":{"type":"branch","line":244,"loc":{"start":{"line":244,"column":68},"end":{"line":249,"column":3}},"locations":[{"start":{"line":244,"column":68},"end":{"line":249,"column":3}}]},"40":{"type":"branch","line":248,"loc":{"start":{"line":248,"column":11},"end":{"line":248,"column":35}},"locations":[{"start":{"line":248,"column":11},"end":{"line":248,"column":35}}]}},"b":{"0":[15],"1":[18],"2":[15],"3":[15],"4":[15],"5":[17],"6":[7],"7":[3],"8":[15],"9":[4],"10":[17],"11":[17],"12":[1],"13":[1],"14":[1],"15":[1],"16":[1],"17":[1],"18":[1],"19":[1],"20":[1],"21":[1],"22":[1],"23":[1],"24":[1],"25":[1],"26":[1],"27":[1],"28":[1],"29":[1],"30":[1],"31":[1],"32":[1],"33":[1],"34":[1],"35":[1],"36":[1],"37":[1],"38":[1],"39":[1],"40":[1]},"fnMap":{"0":{"name":"makeSvgPath","decl":{"start":{"line":7,"column":0},"end":{"line":12,"column":1}},"loc":{"start":{"line":7,"column":0},"end":{"line":12,"column":1}},"line":7},"1":{"name":"el.getTotalLength","decl":{"start":{"line":10,"column":71},"end":{"line":10,"column":81}},"loc":{"start":{"line":10,"column":71},"end":{"line":10,"column":81}},"line":10},"2":{"name":"makeContainer","decl":{"start":{"line":14,"column":0},"end":{"line":21,"column":1}},"loc":{"start":{"line":14,"column":0},"end":{"line":21,"column":1}},"line":14},"3":{"name":"RafQueue","decl":{"start":{"line":25,"column":0},"end":{"line":34,"column":19}},"loc":{"start":{"line":25,"column":0},"end":{"line":34,"column":19}},"line":25},"4":{"name":"tick","decl":{"start":{"line":37,"column":2},"end":{"line":40,"column":3}},"loc":{"start":{"line":37,"column":2},"end":{"line":40,"column":3}},"line":37},"5":{"name":"FakeIO","decl":{"start":{"line":47,"column":2},"end":{"line":50,"column":3}},"loc":{"start":{"line":47,"column":2},"end":{"line":50,"column":3}},"line":47},"6":{"name":"trigger","decl":{"start":{"line":55,"column":2},"end":{"line":60,"column":3}},"loc":{"start":{"line":55,"column":2},"end":{"line":60,"column":3}},"line":55},"7":{"name":"toJSON","decl":{"start":{"line":75,"column":12},"end":{"line":75,"column":21}},"loc":{"start":{"line":75,"column":12},"end":{"line":75,"column":21}},"line":75}},"f":{"0":15,"1":15,"2":15,"3":17,"4":3,"5":15,"6":4,"7":0}}
,"/Users/dhruvil/Desktop/ink-scroll/packages/svg-scroll-draw/src/__tests__/utils.test.ts": {"path":"/Users/dhruvil/Desktop/ink-scroll/packages/svg-scroll-draw/src/__tests__/utils.test.ts","all":false,"statementMap":{"0":{"start":{"line":1,"column":0},"end":{"line":1,"column":46}},"9":{"start":{"line":10,"column":0},"end":{"line":10,"column":23}},"11":{"start":{"line":12,"column":0},"end":{"line":12,"column":27}},"12":{"start":{"line":13,"column":0},"end":{"line":13,"column":42}},"13":{"start":{"line":14,"column":0},"end":{"line":14,"column":38}},"14":{"start":{"line":15,"column":0},"end":{"line":15,"column":42}},"15":{"start":{"line":16,"column":0},"end":{"line":16,"column":38}},"16":{"start":{"line":17,"column":0},"end":{"line":17,"column":5}},"18":{"start":{"line":19,"column":0},"end":{"line":19,"column":49}},"19":{"start":{"line":20,"column":0},"end":{"line":20,"column":42}},"20":{"start":{"line":21,"column":0},"end":{"line":21,"column":47}},"21":{"start":{"line":22,"column":0},"end":{"line":22,"column":42}},"23":{"start":{"line":24,"column":0},"end":{"line":24,"column":54}},"24":{"start":{"line":25,"column":0},"end":{"line":25,"column":5}},"26":{"start":{"line":27,"column":0},"end":{"line":27,"column":49}},"27":{"start":{"line":28,"column":0},"end":{"line":28,"column":43}},"28":{"start":{"line":29,"column":0},"end":{"line":29,"column":48}},"29":{"start":{"line":30,"column":0},"end":{"line":30,"column":43}},"31":{"start":{"line":32,"column":0},"end":{"line":32,"column":58}},"32":{"start":{"line":33,"column":0},"end":{"line":33,"column":5}},"34":{"start":{"line":35,"column":0},"end":{"line":35,"column":40}},"35":{"start":{"line":36,"column":0},"end":{"line":36,"column":38}},"36":{"start":{"line":37,"column":0},"end":{"line":37,"column":26}},"37":{"start":{"line":38,"column":0},"end":{"line":38,"column":26}},"38":{"start":{"line":39,"column":0},"end":{"line":39,"column":37}},"40":{"start":{"line":41,"column":0},"end":{"line":41,"column":49}},"41":{"start":{"line":42,"column":0},"end":{"line":42,"column":49}},"42":{"start":{"line":43,"column":0},"end":{"line":43,"column":5}},"43":{"start":{"line":44,"column":0},"end":{"line":44,"column":3}},"45":{"start":{"line":46,"column":0},"end":{"line":46,"column":32}},"46":{"start":{"line":47,"column":0},"end":{"line":47,"column":35}},"47":{"start":{"line":48,"column":0},"end":{"line":48,"column":87}},"48":{"start":{"line":49,"column":0},"end":{"line":49,"column":5}},"50":{"start":{"line":51,"column":0},"end":{"line":51,"column":38}},"51":{"start":{"line":52,"column":0},"end":{"line":52,"column":93}},"52":{"start":{"line":53,"column":0},"end":{"line":53,"column":5}},"54":{"start":{"line":55,"column":0},"end":{"line":55,"column":45}},"55":{"start":{"line":56,"column":0},"end":{"line":56,"column":77}},"56":{"start":{"line":57,"column":0},"end":{"line":57,"column":5}},"58":{"start":{"line":59,"column":0},"end":{"line":59,"column":40}},"59":{"start":{"line":60,"column":0},"end":{"line":60,"column":93}},"60":{"start":{"line":61,"column":0},"end":{"line":61,"column":5}},"61":{"start":{"line":62,"column":0},"end":{"line":62,"column":3}},"63":{"start":{"line":64,"column":0},"end":{"line":64,"column":34}},"64":{"start":{"line":65,"column":0},"end":{"line":65,"column":46}},"66":{"start":{"line":67,"column":0},"end":{"line":67,"column":26}},"67":{"start":{"line":68,"column":0},"end":{"line":68,"column":66}},"68":{"start":{"line":69,"column":0},"end":{"line":69,"column":5}},"70":{"start":{"line":71,"column":0},"end":{"line":71,"column":29}},"71":{"start":{"line":72,"column":0},"end":{"line":72,"column":69}},"72":{"start":{"line":73,"column":0},"end":{"line":73,"column":5}},"74":{"start":{"line":75,"column":0},"end":{"line":75,"column":29}},"75":{"start":{"line":76,"column":0},"end":{"line":76,"column":69}},"76":{"start":{"line":77,"column":0},"end":{"line":77,"column":5}},"78":{"start":{"line":79,"column":0},"end":{"line":79,"column":48}},"79":{"start":{"line":80,"column":0},"end":{"line":80,"column":70}},"80":{"start":{"line":81,"column":0},"end":{"line":81,"column":5}},"81":{"start":{"line":82,"column":0},"end":{"line":82,"column":3}},"83":{"start":{"line":84,"column":0},"end":{"line":84,"column":35}},"84":{"start":{"line":85,"column":0},"end":{"line":85,"column":18}},"86":{"start":{"line":87,"column":0},"end":{"line":87,"column":29}},"87":{"start":{"line":88,"column":0},"end":{"line":88,"column":48}},"88":{"start":{"line":89,"column":0},"end":{"line":89,"column":5}},"90":{"start":{"line":91,"column":0},"end":{"line":91,"column":35}},"91":{"start":{"line":92,"column":0},"end":{"line":92,"column":53}},"92":{"start":{"line":93,"column":0},"end":{"line":93,"column":5}},"94":{"start":{"line":95,"column":0},"end":{"line":95,"column":42}},"95":{"start":{"line":96,"column":0},"end":{"line":96,"column":53}},"96":{"start":{"line":97,"column":0},"end":{"line":97,"column":5}},"98":{"start":{"line":99,"column":0},"end":{"line":99,"column":44}},"99":{"start":{"line":100,"column":0},"end":{"line":100,"column":54}},"100":{"start":{"line":101,"column":0},"end":{"line":101,"column":5}},"101":{"start":{"line":102,"column":0},"end":{"line":102,"column":3}},"103":{"start":{"line":104,"column":0},"end":{"line":104,"column":25}},"104":{"start":{"line":105,"column":0},"end":{"line":105,"column":64}},"105":{"start":{"line":106,"column":0},"end":{"line":106,"column":63}},"106":{"start":{"line":107,"column":0},"end":{"line":107,"column":80}},"107":{"start":{"line":108,"column":0},"end":{"line":108,"column":38}},"108":{"start":{"line":109,"column":0},"end":{"line":109,"column":35}},"109":{"start":{"line":110,"column":0},"end":{"line":110,"column":35}},"110":{"start":{"line":111,"column":0},"end":{"line":111,"column":5}},"111":{"start":{"line":112,"column":0},"end":{"line":112,"column":3}},"113":{"start":{"line":114,"column":0},"end":{"line":114,"column":35}},"114":{"start":{"line":115,"column":0},"end":{"line":115,"column":46}},"115":{"start":{"line":116,"column":0},"end":{"line":116,"column":52}},"116":{"start":{"line":117,"column":0},"end":{"line":117,"column":5}},"118":{"start":{"line":119,"column":0},"end":{"line":119,"column":43}},"119":{"start":{"line":120,"column":0},"end":{"line":120,"column":55}},"120":{"start":{"line":121,"column":0},"end":{"line":121,"column":5}},"122":{"start":{"line":123,"column":0},"end":{"line":123,"column":39}},"123":{"start":{"line":124,"column":0},"end":{"line":124,"column":56}},"124":{"start":{"line":125,"column":0},"end":{"line":125,"column":5}},"126":{"start":{"line":127,"column":0},"end":{"line":127,"column":40}},"128":{"start":{"line":129,"column":0},"end":{"line":129,"column":54}},"129":{"start":{"line":130,"column":0},"end":{"line":130,"column":5}},"131":{"start":{"line":132,"column":0},"end":{"line":132,"column":49}},"132":{"start":{"line":133,"column":0},"end":{"line":133,"column":54}},"133":{"start":{"line":134,"column":0},"end":{"line":134,"column":5}},"134":{"start":{"line":135,"column":0},"end":{"line":135,"column":3}},"136":{"start":{"line":137,"column":0},"end":{"line":137,"column":35}},"137":{"start":{"line":138,"column":0},"end":{"line":138,"column":72}},"138":{"start":{"line":139,"column":0},"end":{"line":139,"column":43}},"139":{"start":{"line":140,"column":0},"end":{"line":140,"column":24}},"140":{"start":{"line":141,"column":0},"end":{"line":141,"column":25}},"141":{"start":{"line":142,"column":0},"end":{"line":142,"column":45}},"142":{"start":{"line":143,"column":0},"end":{"line":143,"column":43}},"144":{"start":{"line":145,"column":0},"end":{"line":145,"column":82}},"147":{"start":{"line":148,"column":0},"end":{"line":148,"column":30}},"149":{"start":{"line":150,"column":0},"end":{"line":150,"column":27}},"150":{"start":{"line":151,"column":0},"end":{"line":151,"column":5}},"151":{"start":{"line":152,"column":0},"end":{"line":152,"column":3}}},"s":{"0":1,"9":1,"11":1,"12":1,"13":1,"14":1,"15":1,"16":1,"18":1,"19":1,"20":1,"21":1,"23":1,"24":1,"26":1,"27":1,"28":1,"29":1,"31":1,"32":1,"34":1,"35":1,"36":1,"37":1,"38":1,"40":1,"41":1,"42":1,"43":1,"45":1,"46":1,"47":1,"48":1,"50":1,"51":1,"52":1,"54":1,"55":1,"56":1,"58":1,"59":1,"60":1,"61":1,"63":1,"64":1,"66":1,"67":1,"68":1,"70":1,"71":1,"72":1,"74":1,"75":1,"76":1,"78":1,"79":1,"80":1,"81":1,"83":1,"84":1,"86":1,"87":1,"88":1,"90":1,"91":1,"92":1,"94":1,"95":1,"96":1,"98":1,"99":1,"100":1,"101":1,"103":1,"104":1,"105":1,"106":1,"107":1,"108":1,"109":1,"110":1,"111":1,"113":1,"114":1,"115":1,"116":1,"118":1,"119":1,"120":1,"122":1,"123":1,"124":1,"126":1,"128":1,"129":1,"131":1,"132":1,"133":1,"134":1,"136":1,"137":1,"138":1,"139":1,"140":1,"141":1,"142":1,"144":1,"147":1,"149":1,"150":1,"151":1},"branchMap":{"0":{"type":"branch","line":12,"loc":{"start":{"line":12,"column":20},"end":{"line":44,"column":3}},"locations":[{"start":{"line":12,"column":20},"end":{"line":44,"column":3}}]},"1":{"type":"branch","line":13,"loc":{"start":{"line":13,"column":35},"end":{"line":17,"column":3}},"locations":[{"start":{"line":13,"column":35},"end":{"line":17,"column":3}}]},"2":{"type":"branch","line":19,"loc":{"start":{"line":19,"column":42},"end":{"line":25,"column":3}},"locations":[{"start":{"line":19,"column":42},"end":{"line":25,"column":3}}]},"3":{"type":"branch","line":27,"loc":{"start":{"line":27,"column":42},"end":{"line":33,"column":3}},"locations":[{"start":{"line":27,"column":42},"end":{"line":33,"column":3}}]},"4":{"type":"branch","line":35,"loc":{"start":{"line":35,"column":33},"end":{"line":43,"column":3}},"locations":[{"start":{"line":35,"column":33},"end":{"line":43,"column":3}}]},"5":{"type":"branch","line":46,"loc":{"start":{"line":46,"column":25},"end":{"line":62,"column":3}},"locations":[{"start":{"line":46,"column":25},"end":{"line":62,"column":3}}]},"6":{"type":"branch","line":47,"loc":{"start":{"line":47,"column":28},"end":{"line":49,"column":3}},"locations":[{"start":{"line":47,"column":28},"end":{"line":49,"column":3}}]},"7":{"type":"branch","line":51,"loc":{"start":{"line":51,"column":31},"end":{"line":53,"column":3}},"locations":[{"start":{"line":51,"column":31},"end":{"line":53,"column":3}}]},"8":{"type":"branch","line":55,"loc":{"start":{"line":55,"column":38},"end":{"line":57,"column":3}},"locations":[{"start":{"line":55,"column":38},"end":{"line":57,"column":3}}]},"9":{"type":"branch","line":59,"loc":{"start":{"line":59,"column":33},"end":{"line":61,"column":3}},"locations":[{"start":{"line":59,"column":33},"end":{"line":61,"column":3}}]},"10":{"type":"branch","line":64,"loc":{"start":{"line":64,"column":27},"end":{"line":82,"column":3}},"locations":[{"start":{"line":64,"column":27},"end":{"line":82,"column":3}}]},"11":{"type":"branch","line":67,"loc":{"start":{"line":67,"column":19},"end":{"line":69,"column":3}},"locations":[{"start":{"line":67,"column":19},"end":{"line":69,"column":3}}]},"12":{"type":"branch","line":71,"loc":{"start":{"line":71,"column":22},"end":{"line":73,"column":3}},"locations":[{"start":{"line":71,"column":22},"end":{"line":73,"column":3}}]},"13":{"type":"branch","line":75,"loc":{"start":{"line":75,"column":22},"end":{"line":77,"column":3}},"locations":[{"start":{"line":75,"column":22},"end":{"line":77,"column":3}}]},"14":{"type":"branch","line":79,"loc":{"start":{"line":79,"column":41},"end":{"line":81,"column":3}},"locations":[{"start":{"line":79,"column":41},"end":{"line":81,"column":3}}]},"15":{"type":"branch","line":84,"loc":{"start":{"line":84,"column":28},"end":{"line":102,"column":3}},"locations":[{"start":{"line":84,"column":28},"end":{"line":102,"column":3}}]},"16":{"type":"branch","line":87,"loc":{"start":{"line":87,"column":22},"end":{"line":89,"column":3}},"locations":[{"start":{"line":87,"column":22},"end":{"line":89,"column":3}}]},"17":{"type":"branch","line":91,"loc":{"start":{"line":91,"column":28},"end":{"line":93,"column":3}},"locations":[{"start":{"line":91,"column":28},"end":{"line":93,"column":3}}]},"18":{"type":"branch","line":95,"loc":{"start":{"line":95,"column":35},"end":{"line":97,"column":3}},"locations":[{"start":{"line":95,"column":35},"end":{"line":97,"column":3}}]},"19":{"type":"branch","line":99,"loc":{"start":{"line":99,"column":37},"end":{"line":101,"column":3}},"locations":[{"start":{"line":99,"column":37},"end":{"line":101,"column":3}}]},"20":{"type":"branch","line":104,"loc":{"start":{"line":104,"column":18},"end":{"line":112,"column":3}},"locations":[{"start":{"line":104,"column":18},"end":{"line":112,"column":3}}]},"21":{"type":"branch","line":105,"loc":{"start":{"line":105,"column":25},"end":{"line":105,"column":62}},"locations":[{"start":{"line":105,"column":25},"end":{"line":105,"column":62}}]},"22":{"type":"branch","line":106,"loc":{"start":{"line":106,"column":25},"end":{"line":106,"column":61}},"locations":[{"start":{"line":106,"column":25},"end":{"line":106,"column":61}}]},"23":{"type":"branch","line":107,"loc":{"start":{"line":107,"column":38},"end":{"line":107,"column":78}},"locations":[{"start":{"line":107,"column":38},"end":{"line":107,"column":78}}]},"24":{"type":"branch","line":108,"loc":{"start":{"line":108,"column":31},"end":{"line":111,"column":3}},"locations":[{"start":{"line":108,"column":31},"end":{"line":111,"column":3}}]},"25":{"type":"branch","line":114,"loc":{"start":{"line":114,"column":28},"end":{"line":135,"column":3}},"locations":[{"start":{"line":114,"column":28},"end":{"line":135,"column":3}}]},"26":{"type":"branch","line":115,"loc":{"start":{"line":115,"column":39},"end":{"line":117,"column":3}},"locations":[{"start":{"line":115,"column":39},"end":{"line":117,"column":3}}]},"27":{"type":"branch","line":119,"loc":{"start":{"line":119,"column":36},"end":{"line":121,"column":3}},"locations":[{"start":{"line":119,"column":36},"end":{"line":121,"column":3}}]},"28":{"type":"branch","line":123,"loc":{"start":{"line":123,"column":32},"end":{"line":125,"column":3}},"locations":[{"start":{"line":123,"column":32},"end":{"line":125,"column":3}}]},"29":{"type":"branch","line":127,"loc":{"start":{"line":127,"column":33},"end":{"line":130,"column":3}},"locations":[{"start":{"line":127,"column":33},"end":{"line":130,"column":3}}]},"30":{"type":"branch","line":132,"loc":{"start":{"line":132,"column":42},"end":{"line":134,"column":3}},"locations":[{"start":{"line":132,"column":42},"end":{"line":134,"column":3}}]},"31":{"type":"branch","line":137,"loc":{"start":{"line":137,"column":28},"end":{"line":152,"column":3}},"locations":[{"start":{"line":137,"column":28},"end":{"line":152,"column":3}}]},"32":{"type":"branch","line":138,"loc":{"start":{"line":138,"column":65},"end":{"line":151,"column":3}},"locations":[{"start":{"line":138,"column":65},"end":{"line":151,"column":3}}]}},"b":{"0":[1],"1":[1],"2":[1],"3":[1],"4":[1],"5":[1],"6":[1],"7":[1],"8":[1],"9":[1],"10":[1],"11":[1],"12":[1],"13":[1],"14":[1],"15":[1],"16":[1],"17":[1],"18":[1],"19":[1],"20":[1],"21":[1],"22":[1],"23":[1],"24":[1],"25":[1],"26":[1],"27":[1],"28":[1],"29":[1],"30":[1],"31":[1],"32":[1]},"fnMap":{},"f":{}}
,"/Users/dhruvil/Desktop/ink-scroll/packages/svg-scroll-draw/src/core/engine.ts": {"path":"/Users/dhruvil/Desktop/ink-scroll/packages/svg-scroll-draw/src/core/engine.ts","all":false,"statementMap":{"0":{"start":{"line":1,"column":0},"end":{"line":1,"column":69}},"3":{"start":{"line":4,"column":0},"end":{"line":4,"column":50}},"4":{"start":{"line":5,"column":0},"end":{"line":5,"column":46}},"5":{"start":{"line":6,"column":0},"end":{"line":6,"column":49}},"6":{"start":{"line":7,"column":0},"end":{"line":7,"column":3}},"7":{"start":{"line":8,"column":0},"end":{"line":8,"column":1}},"9":{"start":{"line":10,"column":0},"end":{"line":10,"column":53}},"10":{"start":{"line":11,"column":0},"end":{"line":11,"column":43}},"11":{"start":{"line":12,"column":0},"end":{"line":12,"column":39}},"13":{"start":{"line":14,"column":0},"end":{"line":14,"column":37}},"14":{"start":{"line":15,"column":0},"end":{"line":15,"column":69}},"15":{"start":{"line":16,"column":0},"end":{"line":16,"column":65}},"16":{"start":{"line":17,"column":0},"end":{"line":17,"column":77}},"17":{"start":{"line":18,"column":0},"end":{"line":18,"column":3}},"18":{"start":{"line":19,"column":0},"end":{"line":19,"column":1}},"20":{"start":{"line":21,"column":0},"end":{"line":21,"column":29}},"21":{"start":{"line":22,"column":0},"end":{"line":22,"column":21}},"22":{"start":{"line":23,"column":0},"end":{"line":23,"column":33}},"23":{"start":{"line":24,"column":0},"end":{"line":24,"column":23}},"24":{"start":{"line":25,"column":0},"end":{"line":25,"column":66}},"26":{"start":{"line":27,"column":0},"end":{"line":27,"column":9}},"27":{"start":{"line":28,"column":0},"end":{"line":28,"column":47}},"28":{"start":{"line":29,"column":0},"end":{"line":29,"column":14}},"29":{"start":{"line":30,"column":0},"end":{"line":30,"column":17}},"30":{"start":{"line":31,"column":0},"end":{"line":31,"column":22}},"31":{"start":{"line":32,"column":0},"end":{"line":32,"column":17}},"32":{"start":{"line":33,"column":0},"end":{"line":33,"column":15}},"33":{"start":{"line":34,"column":0},"end":{"line":34,"column":14}},"35":{"start":{"line":36,"column":0},"end":{"line":36,"column":93}},"36":{"start":{"line":37,"column":0},"end":{"line":37,"column":66}},"37":{"start":{"line":38,"column":0},"end":{"line":38,"column":62}},"39":{"start":{"line":40,"column":0},"end":{"line":40,"column":85}},"40":{"start":{"line":41,"column":0},"end":{"line":41,"column":31}},"41":{"start":{"line":42,"column":0},"end":{"line":42,"column":17}},"42":{"start":{"line":43,"column":0},"end":{"line":43,"column":15}},"43":{"start":{"line":44,"column":0},"end":{"line":44,"column":24}},"44":{"start":{"line":45,"column":0},"end":{"line":45,"column":16}},"45":{"start":{"line":46,"column":0},"end":{"line":46,"column":24}},"47":{"start":{"line":48,"column":0},"end":{"line":48,"column":34}},"48":{"start":{"line":49,"column":0},"end":{"line":49,"column":51}},"49":{"start":{"line":50,"column":0},"end":{"line":50,"column":35}},"50":{"start":{"line":51,"column":0},"end":{"line":51,"column":45}},"51":{"start":{"line":52,"column":0},"end":{"line":52,"column":21}},"52":{"start":{"line":53,"column":0},"end":{"line":53,"column":25}},"53":{"start":{"line":54,"column":0},"end":{"line":54,"column":18}},"54":{"start":{"line":55,"column":0},"end":{"line":55,"column":15}},"55":{"start":{"line":56,"column":0},"end":{"line":56,"column":6}},"56":{"start":{"line":57,"column":0},"end":{"line":57,"column":27}},"57":{"start":{"line":58,"column":0},"end":{"line":58,"column":23}},"58":{"start":{"line":59,"column":0},"end":{"line":59,"column":3}},"60":{"start":{"line":61,"column":0},"end":{"line":61,"column":25}},"61":{"start":{"line":62,"column":0},"end":{"line":62,"column":21}},"62":{"start":{"line":63,"column":0},"end":{"line":63,"column":36}},"63":{"start":{"line":64,"column":0},"end":{"line":64,"column":22}},"64":{"start":{"line":65,"column":0},"end":{"line":65,"column":40}},"65":{"start":{"line":66,"column":0},"end":{"line":66,"column":41}},"66":{"start":{"line":67,"column":0},"end":{"line":67,"column":37}},"67":{"start":{"line":68,"column":0},"end":{"line":68,"column":5}},"69":{"start":{"line":70,"column":0},"end":{"line":70,"column":18}},"71":{"start":{"line":72,"column":0},"end":{"line":72,"column":27}},"72":{"start":{"line":73,"column":0},"end":{"line":73,"column":27}},"73":{"start":{"line":74,"column":0},"end":{"line":74,"column":79}},"75":{"start":{"line":76,"column":0},"end":{"line":76,"column":30}},"76":{"start":{"line":77,"column":0},"end":{"line":77,"column":64}},"77":{"start":{"line":78,"column":0},"end":{"line":78,"column":46}},"78":{"start":{"line":79,"column":0},"end":{"line":79,"column":7}},"80":{"start":{"line":81,"column":0},"end":{"line":81,"column":35}},"81":{"start":{"line":82,"column":0},"end":{"line":82,"column":23}},"82":{"start":{"line":83,"column":0},"end":{"line":83,"column":21}},"83":{"start":{"line":84,"column":0},"end":{"line":84,"column":27}},"84":{"start":{"line":85,"column":0},"end":{"line":85,"column":24}},"85":{"start":{"line":86,"column":0},"end":{"line":86,"column":5}},"87":{"start":{"line":88,"column":0},"end":{"line":88,"column":42}},"88":{"start":{"line":89,"column":0},"end":{"line":89,"column":3}},"90":{"start":{"line":91,"column":0},"end":{"line":91,"column":58}},"91":{"start":{"line":92,"column":0},"end":{"line":92,"column":28}},"92":{"start":{"line":93,"column":0},"end":{"line":93,"column":35}},"93":{"start":{"line":94,"column":0},"end":{"line":94,"column":22}},"94":{"start":{"line":95,"column":0},"end":{"line":95,"column":46}},"95":{"start":{"line":96,"column":0},"end":{"line":96,"column":14}},"96":{"start":{"line":97,"column":0},"end":{"line":97,"column":36}},"97":{"start":{"line":98,"column":0},"end":{"line":98,"column":7}},"98":{"start":{"line":99,"column":0},"end":{"line":99,"column":7}},"99":{"start":{"line":100,"column":0},"end":{"line":100,"column":5}},"101":{"start":{"line":102,"column":0},"end":{"line":102,"column":30}},"103":{"start":{"line":104,"column":0},"end":{"line":104,"column":49}},"104":{"start":{"line":105,"column":0},"end":{"line":105,"column":29}},"105":{"start":{"line":106,"column":0},"end":{"line":106,"column":30}},"106":{"start":{"line":107,"column":0},"end":{"line":107,"column":36}},"107":{"start":{"line":108,"column":0},"end":{"line":108,"column":32}},"108":{"start":{"line":109,"column":0},"end":{"line":109,"column":41}},"109":{"start":{"line":110,"column":0},"end":{"line":110,"column":51}},"110":{"start":{"line":111,"column":0},"end":{"line":111,"column":9}},"111":{"start":{"line":112,"column":0},"end":{"line":112,"column":22}},"112":{"start":{"line":113,"column":0},"end":{"line":113,"column":12}},"113":{"start":{"line":114,"column":0},"end":{"line":114,"column":3}},"115":{"start":{"line":116,"column":0},"end":{"line":116,"column":46}},"116":{"start":{"line":117,"column":0},"end":{"line":117,"column":57}},"118":{"start":{"line":119,"column":0},"end":{"line":119,"column":10}},"119":{"start":{"line":120,"column":0},"end":{"line":120,"column":15}},"120":{"start":{"line":121,"column":0},"end":{"line":121,"column":34}},"121":{"start":{"line":122,"column":0},"end":{"line":122,"column":28}},"122":{"start":{"line":123,"column":0},"end":{"line":123,"column":53}},"123":{"start":{"line":124,"column":0},"end":{"line":124,"column":64}},"124":{"start":{"line":125,"column":0},"end":{"line":125,"column":32}},"125":{"start":{"line":126,"column":0},"end":{"line":126,"column":6}},"126":{"start":{"line":127,"column":0},"end":{"line":127,"column":4}},"127":{"start":{"line":128,"column":0},"end":{"line":128,"column":1}}},"s":{"0":1,"3":2,"4":2,"5":2,"6":2,"7":2,"9":15,"10":15,"11":15,"13":15,"14":1,"15":15,"16":1,"17":1,"18":15,"20":1,"21":16,"22":16,"23":16,"24":16,"26":15,"27":15,"28":15,"29":15,"30":15,"31":15,"32":15,"33":15,"35":16,"36":16,"37":16,"39":16,"40":16,"41":16,"42":16,"43":16,"44":16,"45":16,"47":16,"48":15,"49":15,"50":15,"51":15,"52":15,"53":15,"54":15,"55":15,"56":15,"57":15,"58":15,"60":16,"61":15,"62":15,"63":15,"64":15,"65":15,"66":15,"67":16,"69":16,"71":16,"72":3,"73":3,"75":3,"76":3,"77":3,"78":3,"80":3,"81":1,"82":1,"83":3,"84":2,"85":2,"87":3,"88":3,"90":16,"91":4,"92":4,"93":4,"94":4,"95":4,"96":0,"97":0,"98":4,"99":16,"101":16,"103":16,"104":16,"105":0,"106":0,"107":0,"108":0,"109":0,"110":0,"111":0,"112":0,"113":0,"115":16,"116":16,"118":16,"119":16,"120":6,"121":6,"122":6,"123":6,"124":6,"125":6,"126":16,"127":16},"branchMap":{"0":{"type":"branch","line":4,"loc":{"start":{"line":4,"column":0},"end":{"line":8,"column":1}},"locations":[{"start":{"line":4,"column":0},"end":{"line":8,"column":1}}]},"1":{"type":"branch","line":10,"loc":{"start":{"line":10,"column":0},"end":{"line":19,"column":1}},"locations":[{"start":{"line":10,"column":0},"end":{"line":19,"column":1}}]},"2":{"type":"branch","line":14,"loc":{"start":{"line":14,"column":7},"end":{"line":14,"column":36}},"locations":[{"start":{"line":14,"column":7},"end":{"line":14,"column":36}}]},"3":{"type":"branch","line":14,"loc":{"start":{"line":14,"column":36},"end":{"line":16,"column":13}},"locations":[{"start":{"line":14,"column":36},"end":{"line":16,"column":13}}]},"4":{"type":"branch","line":16,"loc":{"start":{"line":16,"column":2},"end":{"line":18,"column":3}},"locations":[{"start":{"line":16,"column":2},"end":{"line":18,"column":3}}]},"5":{"type":"branch","line":16,"loc":{"start":{"line":16,"column":13},"end":{"line":16,"column":40}},"locations":[{"start":{"line":16,"column":13},"end":{"line":16,"column":40}}]},"6":{"type":"branch","line":16,"loc":{"start":{"line":16,"column":30},"end":{"line":16,"column":64}},"locations":[{"start":{"line":16,"column":30},"end":{"line":16,"column":64}}]},"7":{"type":"branch","line":16,"loc":{"start":{"line":16,"column":64},"end":{"line":18,"column":3}},"locations":[{"start":{"line":16,"column":64},"end":{"line":18,"column":3}}]},"8":{"type":"branch","line":21,"loc":{"start":{"line":21,"column":7},"end":{"line":128,"column":1}},"locations":[{"start":{"line":21,"column":7},"end":{"line":128,"column":1}}]},"9":{"type":"branch","line":25,"loc":{"start":{"line":25,"column":37},"end":{"line":25,"column":66}},"locations":[{"start":{"line":25,"column":37},"end":{"line":25,"column":66}}]},"10":{"type":"branch","line":25,"loc":{"start":{"line":25,"column":64},"end":{"line":36,"column":48}},"locations":[{"start":{"line":25,"column":64},"end":{"line":36,"column":48}}]},"11":{"type":"branch","line":36,"loc":{"start":{"line":36,"column":35},"end":{"line":36,"column":58}},"locations":[{"start":{"line":36,"column":35},"end":{"line":36,"column":58}}]},"12":{"type":"branch","line":36,"loc":{"start":{"line":36,"column":48},"end":{"line":36,"column":93}},"locations":[{"start":{"line":36,"column":48},"end":{"line":36,"column":93}}]},"13":{"type":"branch","line":36,"loc":{"start":{"line":36,"column":72},"end":{"line":36,"column":93}},"locations":[{"start":{"line":36,"column":72},"end":{"line":36,"column":93}}]},"14":{"type":"branch","line":37,"loc":{"start":{"line":37,"column":43},"end":{"line":37,"column":64}},"locations":[{"start":{"line":37,"column":43},"end":{"line":37,"column":64}}]},"15":{"type":"branch","line":38,"loc":{"start":{"line":38,"column":41},"end":{"line":38,"column":60}},"locations":[{"start":{"line":38,"column":41},"end":{"line":38,"column":60}}]},"16":{"type":"branch","line":25,"loc":{"start":{"line":25,"column":55},"end":{"line":25,"column":64}},"locations":[{"start":{"line":25,"column":55},"end":{"line":25,"column":64}}]},"17":{"type":"branch","line":48,"loc":{"start":{"line":48,"column":2},"end":{"line":59,"column":3}},"locations":[{"start":{"line":48,"column":2},"end":{"line":59,"column":3}}]},"18":{"type":"branch","line":61,"loc":{"start":{"line":61,"column":16},"end":{"line":68,"column":3}},"locations":[{"start":{"line":61,"column":16},"end":{"line":68,"column":3}}]},"19":{"type":"branch","line":67,"loc":{"start":{"line":67,"column":14},"end":{"line":67,"column":37}},"locations":[{"start":{"line":67,"column":14},"end":{"line":67,"column":37}}]},"20":{"type":"branch","line":72,"loc":{"start":{"line":72,"column":2},"end":{"line":89,"column":3}},"locations":[{"start":{"line":72,"column":2},"end":{"line":89,"column":3}}]},"21":{"type":"branch","line":73,"loc":{"start":{"line":73,"column":20},"end":{"line":73,"column":27}},"locations":[{"start":{"line":73,"column":20},"end":{"line":73,"column":27}}]},"22":{"type":"branch","line":81,"loc":{"start":{"line":81,"column":17},"end":{"line":81,"column":34}},"locations":[{"start":{"line":81,"column":17},"end":{"line":81,"column":34}}]},"23":{"type":"branch","line":81,"loc":{"start":{"line":81,"column":34},"end":{"line":84,"column":15}},"locations":[{"start":{"line":81,"column":34},"end":{"line":84,"column":15}}]},"24":{"type":"branch","line":84,"loc":{"start":{"line":84,"column":4},"end":{"line":86,"column":5}},"locations":[{"start":{"line":84,"column":4},"end":{"line":86,"column":5}}]},"25":{"type":"branch","line":76,"loc":{"start":{"line":76,"column":18},"end":{"line":79,"column":5}},"locations":[{"start":{"line":76,"column":18},"end":{"line":79,"column":5}}]},"26":{"type":"branch","line":78,"loc":{"start":{"line":78,"column":16},"end":{"line":78,"column":46}},"locations":[{"start":{"line":78,"column":16},"end":{"line":78,"column":46}}]},"27":{"type":"branch","line":91,"loc":{"start":{"line":91,"column":44},"end":{"line":100,"column":3}},"locations":[{"start":{"line":91,"column":44},"end":{"line":100,"column":3}}]},"28":{"type":"branch","line":92,"loc":{"start":{"line":92,"column":20},"end":{"line":99,"column":5}},"locations":[{"start":{"line":92,"column":20},"end":{"line":99,"column":5}}]},"29":{"type":"branch","line":96,"loc":{"start":{"line":96,"column":6},"end":{"line":98,"column":7}},"locations":[{"start":{"line":96,"column":6},"end":{"line":98,"column":7}}]},"30":{"type":"branch","line":120,"loc":{"start":{"line":120,"column":4},"end":{"line":126,"column":6}},"locations":[{"start":{"line":120,"column":4},"end":{"line":126,"column":6}}]}},"b":{"0":[2],"1":[15],"2":[14],"3":[1],"4":[14],"5":[3],"6":[2],"7":[1],"8":[16],"9":[1],"10":[15],"11":[0],"12":[15],"13":[0],"14":[15],"15":[15],"16":[1],"17":[15],"18":[15],"19":[1],"20":[3],"21":[0],"22":[1],"23":[1],"24":[2],"25":[3],"26":[0],"27":[4],"28":[4],"29":[0],"30":[6]},"fnMap":{"0":{"name":"warnDev","decl":{"start":{"line":4,"column":0},"end":{"line":8,"column":1}},"loc":{"start":{"line":4,"column":0},"end":{"line":8,"column":1}},"line":4},"1":{"name":"checkElement","decl":{"start":{"line":10,"column":0},"end":{"line":19,"column":1}},"loc":{"start":{"line":10,"column":0},"end":{"line":19,"column":1}},"line":10},"2":{"name":"createEngine","decl":{"start":{"line":21,"column":7},"end":{"line":128,"column":1}},"loc":{"start":{"line":21,"column":7},"end":{"line":128,"column":1}},"line":21},"3":{"name":"destroy","decl":{"start":{"line":25,"column":55},"end":{"line":25,"column":64}},"loc":{"start":{"line":25,"column":55},"end":{"line":25,"column":64}},"line":25},"4":{"name":"cacheTriggers","decl":{"start":{"line":48,"column":2},"end":{"line":59,"column":3}},"loc":{"start":{"line":48,"column":2},"end":{"line":59,"column":3}},"line":48},"5":{"name":"update","decl":{"start":{"line":72,"column":2},"end":{"line":89,"column":3}},"loc":{"start":{"line":72,"column":2},"end":{"line":89,"column":3}},"line":72},"6":{"name":"onResize","decl":{"start":{"line":105,"column":2},"end":{"line":114,"column":3}},"loc":{"start":{"line":105,"column":2},"end":{"line":114,"column":3}},"line":105},"7":{"name":"destroy","decl":{"start":{"line":120,"column":4},"end":{"line":126,"column":6}},"loc":{"start":{"line":120,"column":4},"end":{"line":126,"column":6}},"line":120}},"f":{"0":2,"1":15,"2":16,"3":1,"4":15,"5":3,"6":0,"7":6}}
,"/Users/dhruvil/Desktop/ink-scroll/packages/svg-scroll-draw/src/core/types.ts": {"path":"/Users/dhruvil/Desktop/ink-scroll/packages/svg-scroll-draw/src/core/types.ts","all":true,"statementMap":{},"s":{},"branchMap":{"0":{"type":"branch","line":1,"loc":{"start":{"line":1,"column":409},"end":{"line":19,"column":1}},"locations":[{"start":{"line":1,"column":409},"end":{"line":19,"column":1}}]}},"b":{"0":[1]},"fnMap":{"0":{"name":"(empty-report)","decl":{"start":{"line":1,"column":409},"end":{"line":19,"column":1}},"loc":{"start":{"line":1,"column":409},"end":{"line":19,"column":1}},"line":1}},"f":{"0":1}}
,"/Users/dhruvil/Desktop/ink-scroll/packages/svg-scroll-draw/src/core/utils.ts": {"path":"/Users/dhruvil/Desktop/ink-scroll/packages/svg-scroll-draw/src/core/utils.ts","all":false,"statementMap":{"0":{"start":{"line":1,"column":0},"end":{"line":1,"column":63}},"1":{"start":{"line":2,"column":0},"end":{"line":2,"column":19}},"2":{"start":{"line":3,"column":0},"end":{"line":3,"column":26}},"3":{"start":{"line":4,"column":0},"end":{"line":4,"column":33}},"4":{"start":{"line":5,"column":0},"end":{"line":5,"column":69}},"5":{"start":{"line":6,"column":0},"end":{"line":6,"column":2}},"7":{"start":{"line":8,"column":0},"end":{"line":8,"column":89}},"8":{"start":{"line":9,"column":0},"end":{"line":9,"column":56}},"9":{"start":{"line":10,"column":0},"end":{"line":10,"column":55}},"10":{"start":{"line":11,"column":0},"end":{"line":11,"column":31}},"11":{"start":{"line":12,"column":0},"end":{"line":12,"column":1}},"13":{"start":{"line":14,"column":0},"end":{"line":14,"column":102}},"14":{"start":{"line":15,"column":0},"end":{"line":15,"column":19}},"15":{"start":{"line":16,"column":0},"end":{"line":16,"column":40}},"16":{"start":{"line":17,"column":0},"end":{"line":17,"column":53}},"17":{"start":{"line":18,"column":0},"end":{"line":18,"column":49}},"18":{"start":{"line":19,"column":0},"end":{"line":19,"column":40}},"19":{"start":{"line":20,"column":0},"end":{"line":20,"column":3}},"20":{"start":{"line":21,"column":0},"end":{"line":21,"column":1}},"22":{"start":{"line":23,"column":0},"end":{"line":23,"column":75}},"23":{"start":{"line":24,"column":0},"end":{"line":24,"column":19}},"24":{"start":{"line":25,"column":0},"end":{"line":25,"column":28}},"25":{"start":{"line":26,"column":0},"end":{"line":26,"column":39}},"26":{"start":{"line":27,"column":0},"end":{"line":27,"column":35}},"27":{"start":{"line":28,"column":0},"end":{"line":28,"column":35}},"28":{"start":{"line":29,"column":0},"end":{"line":29,"column":3}},"29":{"start":{"line":30,"column":0},"end":{"line":30,"column":1}},"31":{"start":{"line":32,"column":0},"end":{"line":32,"column":72}},"32":{"start":{"line":33,"column":0},"end":{"line":33,"column":45}},"33":{"start":{"line":34,"column":0},"end":{"line":34,"column":1}},"35":{"start":{"line":36,"column":0},"end":{"line":36,"column":32}},"36":{"start":{"line":37,"column":0},"end":{"line":37,"column":18}},"37":{"start":{"line":38,"column":0},"end":{"line":38,"column":17}},"38":{"start":{"line":39,"column":0},"end":{"line":39,"column":15}},"39":{"start":{"line":40,"column":0},"end":{"line":40,"column":15}},"40":{"start":{"line":41,"column":0},"end":{"line":41,"column":11}},"41":{"start":{"line":42,"column":0},"end":{"line":42,"column":32}},"42":{"start":{"line":43,"column":0},"end":{"line":43,"column":69}},"43":{"start":{"line":44,"column":0},"end":{"line":44,"column":1}},"45":{"start":{"line":46,"column":0},"end":{"line":46,"column":32}},"46":{"start":{"line":47,"column":0},"end":{"line":47,"column":40}},"47":{"start":{"line":48,"column":0},"end":{"line":48,"column":18}},"48":{"start":{"line":49,"column":0},"end":{"line":49,"column":19}},"49":{"start":{"line":50,"column":0},"end":{"line":50,"column":53}},"50":{"start":{"line":51,"column":0},"end":{"line":51,"column":50}},"51":{"start":{"line":52,"column":0},"end":{"line":52,"column":37}},"52":{"start":{"line":53,"column":0},"end":{"line":53,"column":16}},"53":{"start":{"line":54,"column":0},"end":{"line":54,"column":73}},"54":{"start":{"line":55,"column":0},"end":{"line":55,"column":52}},"55":{"start":{"line":56,"column":0},"end":{"line":56,"column":14}},"56":{"start":{"line":57,"column":0},"end":{"line":57,"column":71}},"57":{"start":{"line":58,"column":0},"end":{"line":58,"column":50}},"58":{"start":{"line":59,"column":0},"end":{"line":59,"column":26}},"59":{"start":{"line":60,"column":0},"end":{"line":60,"column":1}}},"s":{"0":1,"1":1,"2":1,"3":1,"4":1,"5":1,"7":1,"8":36,"9":36,"10":36,"11":36,"13":1,"14":36,"15":36,"16":36,"17":36,"18":36,"19":36,"20":36,"22":1,"23":36,"24":36,"25":36,"26":36,"27":36,"28":36,"29":36,"31":1,"32":12,"33":12,"35":1,"36":8,"37":8,"38":8,"39":8,"40":8,"41":8,"42":7,"43":7,"45":1,"46":16,"47":16,"48":16,"49":16,"50":16,"51":16,"52":16,"53":16,"54":16,"55":16,"56":16,"57":16,"58":16,"59":16},"branchMap":{"0":{"type":"branch","line":2,"loc":{"start":{"line":2,"column":10},"end":{"line":2,"column":19}},"locations":[{"start":{"line":2,"column":10},"end":{"line":2,"column":19}}]},"1":{"type":"branch","line":3,"loc":{"start":{"line":3,"column":13},"end":{"line":3,"column":26}},"locations":[{"start":{"line":3,"column":13},"end":{"line":3,"column":26}}]},"2":{"type":"branch","line":4,"loc":{"start":{"line":4,"column":14},"end":{"line":4,"column":33}},"locations":[{"start":{"line":4,"column":14},"end":{"line":4,"column":33}}]},"3":{"type":"branch","line":5,"loc":{"start":{"line":5,"column":17},"end":{"line":5,"column":69}},"locations":[{"start":{"line":5,"column":17},"end":{"line":5,"column":69}}]},"4":{"type":"branch","line":5,"loc":{"start":{"line":5,"column":29},"end":{"line":5,"column":47}},"locations":[{"start":{"line":5,"column":29},"end":{"line":5,"column":47}}]},"5":{"type":"branch","line":5,"loc":{"start":{"line":5,"column":43},"end":{"line":5,"column":69}},"locations":[{"start":{"line":5,"column":43},"end":{"line":5,"column":69}}]},"6":{"type":"branch","line":8,"loc":{"start":{"line":8,"column":7},"end":{"line":12,"column":1}},"locations":[{"start":{"line":8,"column":7},"end":{"line":12,"column":1}}]},"7":{"type":"branch","line":14,"loc":{"start":{"line":14,"column":7},"end":{"line":21,"column":1}},"locations":[{"start":{"line":14,"column":7},"end":{"line":21,"column":1}}]},"8":{"type":"branch","line":16,"loc":{"start":{"line":16,"column":4},"end":{"line":16,"column":40}},"locations":[{"start":{"line":16,"column":4},"end":{"line":16,"column":40}}]},"9":{"type":"branch","line":17,"loc":{"start":{"line":17,"column":4},"end":{"line":17,"column":53}},"locations":[{"start":{"line":17,"column":4},"end":{"line":17,"column":53}}]},"10":{"type":"branch","line":18,"loc":{"start":{"line":18,"column":4},"end":{"line":18,"column":49}},"locations":[{"start":{"line":18,"column":4},"end":{"line":18,"column":49}}]},"11":{"type":"branch","line":19,"loc":{"start":{"line":19,"column":4},"end":{"line":19,"column":40}},"locations":[{"start":{"line":19,"column":4},"end":{"line":19,"column":40}}]},"12":{"type":"branch","line":23,"loc":{"start":{"line":23,"column":7},"end":{"line":30,"column":1}},"locations":[{"start":{"line":23,"column":7},"end":{"line":30,"column":1}}]},"13":{"type":"branch","line":25,"loc":{"start":{"line":25,"column":4},"end":{"line":25,"column":28}},"locations":[{"start":{"line":25,"column":4},"end":{"line":25,"column":28}}]},"14":{"type":"branch","line":26,"loc":{"start":{"line":26,"column":4},"end":{"line":26,"column":39}},"locations":[{"start":{"line":26,"column":4},"end":{"line":26,"column":39}}]},"15":{"type":"branch","line":27,"loc":{"start":{"line":27,"column":4},"end":{"line":27,"column":35}},"locations":[{"start":{"line":27,"column":4},"end":{"line":27,"column":35}}]},"16":{"type":"branch","line":28,"loc":{"start":{"line":28,"column":4},"end":{"line":28,"column":35}},"locations":[{"start":{"line":28,"column":4},"end":{"line":28,"column":35}}]},"17":{"type":"branch","line":32,"loc":{"start":{"line":32,"column":7},"end":{"line":34,"column":1}},"locations":[{"start":{"line":32,"column":7},"end":{"line":34,"column":1}}]},"18":{"type":"branch","line":36,"loc":{"start":{"line":36,"column":7},"end":{"line":44,"column":1}},"locations":[{"start":{"line":36,"column":7},"end":{"line":44,"column":1}}]},"19":{"type":"branch","line":42,"loc":{"start":{"line":42,"column":23},"end":{"line":42,"column":32}},"locations":[{"start":{"line":42,"column":23},"end":{"line":42,"column":32}}]},"20":{"type":"branch","line":42,"loc":{"start":{"line":42,"column":30},"end":{"line":44,"column":1}},"locations":[{"start":{"line":42,"column":30},"end":{"line":44,"column":1}}]},"21":{"type":"branch","line":46,"loc":{"start":{"line":46,"column":7},"end":{"line":60,"column":1}},"locations":[{"start":{"line":46,"column":7},"end":{"line":60,"column":1}}]}},"b":{"0":[6],"1":[4],"2":[4],"3":[7],"4":[3],"5":[4],"6":[36],"7":[36],"8":[17],"9":[1],"10":[17],"11":[1],"12":[36],"13":[17],"14":[1],"15":[17],"16":[1],"17":[12],"18":[8],"19":[1],"20":[7],"21":[16]},"fnMap":{"0":{"name":"linear","decl":{"start":{"line":2,"column":10},"end":{"line":2,"column":19}},"loc":{"start":{"line":2,"column":10},"end":{"line":2,"column":19}},"line":2},"1":{"name":"ease-in","decl":{"start":{"line":3,"column":13},"end":{"line":3,"column":26}},"loc":{"start":{"line":3,"column":13},"end":{"line":3,"column":26}},"line":3},"2":{"name":"ease-out","decl":{"start":{"line":4,"column":14},"end":{"line":4,"column":33}},"loc":{"start":{"line":4,"column":14},"end":{"line":4,"column":33}},"line":4},"3":{"name":"ease-in-out","decl":{"start":{"line":5,"column":17},"end":{"line":5,"column":69}},"loc":{"start":{"line":5,"column":17},"end":{"line":5,"column":69}},"line":5},"4":{"name":"parseTrigger","decl":{"start":{"line":8,"column":7},"end":{"line":12,"column":1}},"loc":{"start":{"line":8,"column":7},"end":{"line":12,"column":1}},"line":8},"5":{"name":"elementAnchorY","decl":{"start":{"line":14,"column":7},"end":{"line":21,"column":1}},"loc":{"start":{"line":14,"column":7},"end":{"line":21,"column":1}},"line":14},"6":{"name":"viewportAnchorY","decl":{"start":{"line":23,"column":7},"end":{"line":30,"column":1}},"loc":{"start":{"line":23,"column":7},"end":{"line":30,"column":1}},"line":23},"7":{"name":"clamp","decl":{"start":{"line":32,"column":7},"end":{"line":34,"column":1}},"loc":{"start":{"line":32,"column":7},"end":{"line":34,"column":1}},"line":32},"8":{"name":"computeProgress","decl":{"start":{"line":36,"column":7},"end":{"line":44,"column":1}},"loc":{"start":{"line":36,"column":7},"end":{"line":44,"column":1}},"line":36},"9":{"name":"computeTriggers","decl":{"start":{"line":46,"column":7},"end":{"line":60,"column":1}},"loc":{"start":{"line":46,"column":7},"end":{"line":60,"column":1}},"line":46}},"f":{"0":6,"1":4,"2":4,"3":7,"4":36,"5":36,"6":36,"7":12,"8":8,"9":16}}
}
